[13:07:44] [main/INFO] [LaunchWrapper]: Successfully scanned 220 paths for RFB plugins.
[13:07:44] [main/INFO] [LaunchWrapper]: Constructed RFB plugin gtnhlib@0.2.11 (GTNHLib): com.gtnewhorizon.gtnhlib.rfb.GTNHLibRfbPlugin (jar:file:///C:/GT_New_Horizons_2.6.1_Server_Java_17-21/./mods/gtnhlib-0.2.11.jar!META-INF/rfb-plugin/gtnhlib.properties)
[13:07:44] [main/INFO] [LaunchWrapper]: Constructed RFB plugin hodgepodge@2.5.5 (Hodgepodge): com.mitchej123.hodgepodge.rfb.HodgepodgeRfbPlugin (jar:file:///C:/GT_New_Horizons_2.6.1_Server_Java_17-21/./mods/hodgepodge-2.5.5.jar!META-INF/rfb-plugin/hodgepodge.properties)
[13:07:44] [main/DEBUG] [HodgePodgeEarly]: No existing configuration file. Will use defaults
[13:07:44] [main/INFO] [LaunchWrapper]: Constructed RFB plugin java@21.0.4 (Java): com.gtnewhorizons.rfbplugins.compat.DummyJavaPlugin (jar:file:/C:/GT_New_Horizons_2.6.1_Server_Java_17-21/lwjgl3ify-forgePatches.jar!/com/gtnewhorizons/retrofuturabootstrap/plugin/PluginLoader.class)
[13:07:44] [main/INFO] [LaunchWrapper]: Constructed RFB plugin lwjgl3ify@2.0.9 (LWJGL3ify): me.eigenraven.lwjgl3ify.rfb.Lwjgl3ifyRfbPlugin (jar:file:///C:/GT_New_Horizons_2.6.1_Server_Java_17-21/./mods/lwjgl3ify-2.0.9.jar!META-INF/rfb-plugin/lwjgl3ify.properties)
[13:07:44] [main/INFO] [LaunchWrapper]: Constructed RFB plugin rfb@1.0.2 (RetroFuturaBootstrap): com.gtnewhorizons.rfbplugins.compat.DummyRfbPlugin (jar:file:/C:/GT_New_Horizons_2.6.1_Server_Java_17-21/lwjgl3ify-forgePatches.jar!/com/gtnewhorizons/retrofuturabootstrap/plugin/PluginLoader.class)
[13:07:44] [main/INFO] [LaunchWrapper]: Constructed RFB plugin rfb-asm-safety@1.0.2 (RFB ASM Safety): com.gtnewhorizons.rfbplugins.compat.AsmSafetyPlugin (jar:file:///C:/GT_New_Horizons_2.6.1_Server_Java_17-21/lwjgl3ify-forgePatches.jar!META-INF/rfb-plugin/rfb-asm-safety.properties)
[13:07:44] [main/INFO] [LaunchWrapper]: Constructed RFB plugin rfb-modern-java@1.0.2 (RFB modern Java compatibility plugin): com.gtnewhorizons.rfbplugins.compat.ModernJavaCompatibilityPlugin (jar:file:///C:/GT_New_Horizons_2.6.1_Server_Java_17-21/lwjgl3ify-forgePatches.jar!META-INF/rfb-plugin/rfb-modern-java.properties)
[13:07:44] [main/INFO] [LaunchWrapper]: Constructing tweaker cpw.mods.fml.common.launcher.FMLServerTweaker
[13:07:44] [main/INFO] [LaunchWrapper]: Installing tweaker cpw.mods.fml.common.launcher.FMLServerTweaker
[13:10:00] [main/INFO] [LaunchWrapper]: Successfully scanned 221 paths for RFB plugins.
[13:10:00] [main/INFO] [LaunchWrapper]: Constructed RFB plugin gtnhlib@0.2.11 (GTNHLib): com.gtnewhorizon.gtnhlib.rfb.GTNHLibRfbPlugin (jar:file:///C:/GT_New_Horizons_2.6.1_Server_Java_17-21/./mods/gtnhlib-0.2.11.jar!META-INF/rfb-plugin/gtnhlib.properties)
[13:10:00] [main/INFO] [LaunchWrapper]: Constructed RFB plugin hodgepodge@2.5.5 (Hodgepodge): com.mitchej123.hodgepodge.rfb.HodgepodgeRfbPlugin (jar:file:///C:/GT_New_Horizons_2.6.1_Server_Java_17-21/./mods/hodgepodge-2.5.5.jar!META-INF/rfb-plugin/hodgepodge.properties)
[13:10:00] [main/INFO] [LaunchWrapper]: Constructed RFB plugin java@21.0.4 (Java): com.gtnewhorizons.rfbplugins.compat.DummyJavaPlugin (jar:file:/C:/GT_New_Horizons_2.6.1_Server_Java_17-21/lwjgl3ify-forgePatches.jar!/com/gtnewhorizons/retrofuturabootstrap/plugin/PluginLoader.class)
[13:10:00] [main/INFO] [LaunchWrapper]: Constructed RFB plugin lwjgl3ify@2.0.9 (LWJGL3ify): me.eigenraven.lwjgl3ify.rfb.Lwjgl3ifyRfbPlugin (jar:file:///C:/GT_New_Horizons_2.6.1_Server_Java_17-21/./mods/lwjgl3ify-2.0.9.jar!META-INF/rfb-plugin/lwjgl3ify.properties)
[13:10:00] [main/INFO] [LaunchWrapper]: Constructed RFB plugin rfb@1.0.2 (RetroFuturaBootstrap): com.gtnewhorizons.rfbplugins.compat.DummyRfbPlugin (jar:file:/C:/GT_New_Horizons_2.6.1_Server_Java_17-21/lwjgl3ify-forgePatches.jar!/com/gtnewhorizons/retrofuturabootstrap/plugin/PluginLoader.class)
[13:10:00] [main/INFO] [LaunchWrapper]: Constructed RFB plugin rfb-asm-safety@1.0.2 (RFB ASM Safety): com.gtnewhorizons.rfbplugins.compat.AsmSafetyPlugin (jar:file:///C:/GT_New_Horizons_2.6.1_Server_Java_17-21/lwjgl3ify-forgePatches.jar!META-INF/rfb-plugin/rfb-asm-safety.properties)
[13:10:00] [main/INFO] [LaunchWrapper]: Constructed RFB plugin rfb-modern-java@1.0.2 (RFB modern Java compatibility plugin): com.gtnewhorizons.rfbplugins.compat.ModernJavaCompatibilityPlugin (jar:file:///C:/GT_New_Horizons_2.6.1_Server_Java_17-21/lwjgl3ify-forgePatches.jar!META-INF/rfb-plugin/rfb-modern-java.properties)
[13:10:00] [main/INFO] [LaunchWrapper]: Constructing tweaker cpw.mods.fml.common.launcher.FMLServerTweaker
[13:10:00] [main/INFO] [LaunchWrapper]: Installing tweaker cpw.mods.fml.common.launcher.FMLServerTweaker
[13:37:35] [main/INFO] [LaunchWrapper]: Successfully scanned 221 paths for RFB plugins.
[13:37:35] [main/INFO] [LaunchWrapper]: Constructed RFB plugin gtnhlib@0.2.11 (GTNHLib): com.gtnewhorizon.gtnhlib.rfb.GTNHLibRfbPlugin (jar:file:///C:/GT_New_Horizons_2.6.1_Server_Java_17-21/./mods/gtnhlib-0.2.11.jar!META-INF/rfb-plugin/gtnhlib.properties)
[13:37:35] [main/INFO] [LaunchWrapper]: Constructed RFB plugin hodgepodge@2.5.5 (Hodgepodge): com.mitchej123.hodgepodge.rfb.HodgepodgeRfbPlugin (jar:file:///C:/GT_New_Horizons_2.6.1_Server_Java_17-21/./mods/hodgepodge-2.5.5.jar!META-INF/rfb-plugin/hodgepodge.properties)
[13:37:35] [main/INFO] [LaunchWrapper]: Constructed RFB plugin java@21.0.4 (Java): com.gtnewhorizons.rfbplugins.compat.DummyJavaPlugin (jar:file:/C:/GT_New_Horizons_2.6.1_Server_Java_17-21/lwjgl3ify-forgePatches.jar!/com/gtnewhorizons/retrofuturabootstrap/plugin/PluginLoader.class)
[13:37:35] [main/INFO] [LaunchWrapper]: Constructed RFB plugin lwjgl3ify@2.0.9 (LWJGL3ify): me.eigenraven.lwjgl3ify.rfb.Lwjgl3ifyRfbPlugin (jar:file:///C:/GT_New_Horizons_2.6.1_Server_Java_17-21/./mods/lwjgl3ify-2.0.9.jar!META-INF/rfb-plugin/lwjgl3ify.properties)
[13:37:35] [main/INFO] [LaunchWrapper]: Constructed RFB plugin rfb@1.0.2 (RetroFuturaBootstrap): com.gtnewhorizons.rfbplugins.compat.DummyRfbPlugin (jar:file:/C:/GT_New_Horizons_2.6.1_Server_Java_17-21/lwjgl3ify-forgePatches.jar!/com/gtnewhorizons/retrofuturabootstrap/plugin/PluginLoader.class)
[13:37:35] [main/INFO] [LaunchWrapper]: Constructed RFB plugin rfb-asm-safety@1.0.2 (RFB ASM Safety): com.gtnewhorizons.rfbplugins.compat.AsmSafetyPlugin (jar:file:///C:/GT_New_Horizons_2.6.1_Server_Java_17-21/lwjgl3ify-forgePatches.jar!META-INF/rfb-plugin/rfb-asm-safety.properties)
[13:37:35] [main/INFO] [LaunchWrapper]: Constructed RFB plugin rfb-modern-java@1.0.2 (RFB modern Java compatibility plugin): com.gtnewhorizons.rfbplugins.compat.ModernJavaCompatibilityPlugin (jar:file:///C:/GT_New_Horizons_2.6.1_Server_Java_17-21/lwjgl3ify-forgePatches.jar!META-INF/rfb-plugin/rfb-modern-java.properties)
[13:37:35] [main/INFO] [LaunchWrapper]: Constructing tweaker cpw.mods.fml.common.launcher.FMLServerTweaker
[13:37:35] [main/INFO] [LaunchWrapper]: Installing tweaker cpw.mods.fml.common.launcher.FMLServerTweaker
[14:18:05] [main/INFO] [LaunchWrapper]: Successfully scanned 221 paths for RFB plugins.
[14:18:05] [main/INFO] [LaunchWrapper]: Constructed RFB plugin gtnhlib@0.2.11 (GTNHLib): com.gtnewhorizon.gtnhlib.rfb.GTNHLibRfbPlugin (jar:file:///C:/GT_New_Horizons_2.6.1_Server_Java_17-21/./mods/gtnhlib-0.2.11.jar!META-INF/rfb-plugin/gtnhlib.properties)
[14:18:05] [main/INFO] [LaunchWrapper]: Constructed RFB plugin hodgepodge@2.5.5 (Hodgepodge): com.mitchej123.hodgepodge.rfb.HodgepodgeRfbPlugin (jar:file:///C:/GT_New_Horizons_2.6.1_Server_Java_17-21/./mods/hodgepodge-2.5.5.jar!META-INF/rfb-plugin/hodgepodge.properties)
[14:18:05] [main/INFO] [LaunchWrapper]: Constructed RFB plugin java@21.0.4 (Java): com.gtnewhorizons.rfbplugins.compat.DummyJavaPlugin (jar:file:/C:/GT_New_Horizons_2.6.1_Server_Java_17-21/lwjgl3ify-forgePatches.jar!/com/gtnewhorizons/retrofuturabootstrap/plugin/PluginLoader.class)
[14:18:05] [main/INFO] [LaunchWrapper]: Constructed RFB plugin lwjgl3ify@2.0.9 (LWJGL3ify): me.eigenraven.lwjgl3ify.rfb.Lwjgl3ifyRfbPlugin (jar:file:///C:/GT_New_Horizons_2.6.1_Server_Java_17-21/./mods/lwjgl3ify-2.0.9.jar!META-INF/rfb-plugin/lwjgl3ify.properties)
[14:18:05] [main/INFO] [LaunchWrapper]: Constructed RFB plugin rfb@1.0.2 (RetroFuturaBootstrap): com.gtnewhorizons.rfbplugins.compat.DummyRfbPlugin (jar:file:/C:/GT_New_Horizons_2.6.1_Server_Java_17-21/lwjgl3ify-forgePatches.jar!/com/gtnewhorizons/retrofuturabootstrap/plugin/PluginLoader.class)
[14:18:05] [main/INFO] [LaunchWrapper]: Constructed RFB plugin rfb-asm-safety@1.0.2 (RFB ASM Safety): com.gtnewhorizons.rfbplugins.compat.AsmSafetyPlugin (jar:file:///C:/GT_New_Horizons_2.6.1_Server_Java_17-21/lwjgl3ify-forgePatches.jar!META-INF/rfb-plugin/rfb-asm-safety.properties)
[14:18:05] [main/INFO] [LaunchWrapper]: Constructed RFB plugin rfb-modern-java@1.0.2 (RFB modern Java compatibility plugin): com.gtnewhorizons.rfbplugins.compat.ModernJavaCompatibilityPlugin (jar:file:///C:/GT_New_Horizons_2.6.1_Server_Java_17-21/lwjgl3ify-forgePatches.jar!META-INF/rfb-plugin/rfb-modern-java.properties)
[14:18:05] [main/INFO] [LaunchWrapper]: Constructing tweaker cpw.mods.fml.common.launcher.FMLServerTweaker
[14:18:05] [main/INFO] [LaunchWrapper]: Installing tweaker cpw.mods.fml.common.launcher.FMLServerTweaker
[14:22:05] [main/INFO] [LaunchWrapper]: Successfully scanned 221 paths for RFB plugins.
[14:22:05] [main/INFO] [LaunchWrapper]: Constructed RFB plugin gtnhlib@0.2.11 (GTNHLib): com.gtnewhorizon.gtnhlib.rfb.GTNHLibRfbPlugin (jar:file:///C:/GT_New_Horizons_2.6.1_Server_Java_17-21/./mods/gtnhlib-0.2.11.jar!META-INF/rfb-plugin/gtnhlib.properties)
[14:22:05] [main/INFO] [LaunchWrapper]: Constructed RFB plugin hodgepodge@2.5.5 (Hodgepodge): com.mitchej123.hodgepodge.rfb.HodgepodgeRfbPlugin (jar:file:///C:/GT_New_Horizons_2.6.1_Server_Java_17-21/./mods/hodgepodge-2.5.5.jar!META-INF/rfb-plugin/hodgepodge.properties)
[14:22:05] [main/INFO] [LaunchWrapper]: Constructed RFB plugin java@21.0.4 (Java): com.gtnewhorizons.rfbplugins.compat.DummyJavaPlugin (jar:file:/C:/GT_New_Horizons_2.6.1_Server_Java_17-21/lwjgl3ify-forgePatches.jar!/com/gtnewhorizons/retrofuturabootstrap/plugin/PluginLoader.class)
[14:22:05] [main/INFO] [LaunchWrapper]: Constructed RFB plugin lwjgl3ify@2.0.9 (LWJGL3ify): me.eigenraven.lwjgl3ify.rfb.Lwjgl3ifyRfbPlugin (jar:file:///C:/GT_New_Horizons_2.6.1_Server_Java_17-21/./mods/lwjgl3ify-2.0.9.jar!META-INF/rfb-plugin/lwjgl3ify.properties)
[14:22:05] [main/INFO] [LaunchWrapper]: Constructed RFB plugin rfb@1.0.2 (RetroFuturaBootstrap): com.gtnewhorizons.rfbplugins.compat.DummyRfbPlugin (jar:file:/C:/GT_New_Horizons_2.6.1_Server_Java_17-21/lwjgl3ify-forgePatches.jar!/com/gtnewhorizons/retrofuturabootstrap/plugin/PluginLoader.class)
[14:22:05] [main/INFO] [LaunchWrapper]: Constructed RFB plugin rfb-asm-safety@1.0.2 (RFB ASM Safety): com.gtnewhorizons.rfbplugins.compat.AsmSafetyPlugin (jar:file:///C:/GT_New_Horizons_2.6.1_Server_Java_17-21/lwjgl3ify-forgePatches.jar!META-INF/rfb-plugin/rfb-asm-safety.properties)
[14:22:05] [main/INFO] [LaunchWrapper]: Constructed RFB plugin rfb-modern-java@1.0.2 (RFB modern Java compatibility plugin): com.gtnewhorizons.rfbplugins.compat.ModernJavaCompatibilityPlugin (jar:file:///C:/GT_New_Horizons_2.6.1_Server_Java_17-21/lwjgl3ify-forgePatches.jar!META-INF/rfb-plugin/rfb-modern-java.properties)
[14:22:05] [main/INFO] [LaunchWrapper]: Constructing tweaker cpw.mods.fml.common.launcher.FMLServerTweaker
[14:22:05] [main/INFO] [LaunchWrapper]: Installing tweaker cpw.mods.fml.common.launcher.FMLServerTweaker
[14:50:24] [main/INFO] [LaunchWrapper]: Successfully scanned 222 paths for RFB plugins.
[14:50:24] [main/INFO] [LaunchWrapper]: Constructed RFB plugin gtnhlib@0.2.11 (GTNHLib): com.gtnewhorizon.gtnhlib.rfb.GTNHLibRfbPlugin (jar:file:///C:/GT_New_Horizons_2.6.1_Server_Java_17-21/./mods/gtnhlib-0.2.11.jar!META-INF/rfb-plugin/gtnhlib.properties)
[14:50:24] [main/INFO] [LaunchWrapper]: Constructed RFB plugin hodgepodge@2.5.5 (Hodgepodge): com.mitchej123.hodgepodge.rfb.HodgepodgeRfbPlugin (jar:file:///C:/GT_New_Horizons_2.6.1_Server_Java_17-21/./mods/hodgepodge-2.5.5.jar!META-INF/rfb-plugin/hodgepodge.properties)
[14:50:24] [main/INFO] [LaunchWrapper]: Constructed RFB plugin java@21.0.4 (Java): com.gtnewhorizons.rfbplugins.compat.DummyJavaPlugin (jar:file:/C:/GT_New_Horizons_2.6.1_Server_Java_17-21/lwjgl3ify-forgePatches.jar!/com/gtnewhorizons/retrofuturabootstrap/plugin/PluginLoader.class)
[14:50:24] [main/INFO] [LaunchWrapper]: Constructed RFB plugin lwjgl3ify@2.0.9 (LWJGL3ify): me.eigenraven.lwjgl3ify.rfb.Lwjgl3ifyRfbPlugin (jar:file:///C:/GT_New_Horizons_2.6.1_Server_Java_17-21/./mods/lwjgl3ify-2.0.9.jar!META-INF/rfb-plugin/lwjgl3ify.properties)
[14:50:24] [main/INFO] [LaunchWrapper]: Constructed RFB plugin rfb@1.0.2 (RetroFuturaBootstrap): com.gtnewhorizons.rfbplugins.compat.DummyRfbPlugin (jar:file:/C:/GT_New_Horizons_2.6.1_Server_Java_17-21/lwjgl3ify-forgePatches.jar!/com/gtnewhorizons/retrofuturabootstrap/plugin/PluginLoader.class)
[14:50:24] [main/INFO] [LaunchWrapper]: Constructed RFB plugin rfb-asm-safety@1.0.2 (RFB ASM Safety): com.gtnewhorizons.rfbplugins.compat.AsmSafetyPlugin (jar:file:///C:/GT_New_Horizons_2.6.1_Server_Java_17-21/lwjgl3ify-forgePatches.jar!META-INF/rfb-plugin/rfb-asm-safety.properties)
[14:50:24] [main/INFO] [LaunchWrapper]: Constructed RFB plugin rfb-modern-java@1.0.2 (RFB modern Java compatibility plugin): com.gtnewhorizons.rfbplugins.compat.ModernJavaCompatibilityPlugin (jar:file:///C:/GT_New_Horizons_2.6.1_Server_Java_17-21/lwjgl3ify-forgePatches.jar!META-INF/rfb-plugin/rfb-modern-java.properties)
[14:50:24] [main/INFO] [LaunchWrapper]: Constructing tweaker cpw.mods.fml.common.launcher.FMLServerTweaker
[14:50:24] [main/INFO] [LaunchWrapper]: Installing tweaker cpw.mods.fml.common.launcher.FMLServerTweaker
[15:07:22] [main/INFO] [LaunchWrapper]: Successfully scanned 221 paths for RFB plugins.
[15:07:22] [main/INFO] [LaunchWrapper]: Constructed RFB plugin gtnhlib@0.2.11 (GTNHLib): com.gtnewhorizon.gtnhlib.rfb.GTNHLibRfbPlugin (jar:file:///C:/GT_New_Horizons_2.6.1_Server_Java_17-21/./mods/gtnhlib-0.2.11.jar!META-INF/rfb-plugin/gtnhlib.properties)
[15:07:22] [main/INFO] [LaunchWrapper]: Constructed RFB plugin hodgepodge@2.5.5 (Hodgepodge): com.mitchej123.hodgepodge.rfb.HodgepodgeRfbPlugin (jar:file:///C:/GT_New_Horizons_2.6.1_Server_Java_17-21/./mods/hodgepodge-2.5.5.jar!META-INF/rfb-plugin/hodgepodge.properties)
[15:07:22] [main/INFO] [LaunchWrapper]: Constructed RFB plugin java@21.0.4 (Java): com.gtnewhorizons.rfbplugins.compat.DummyJavaPlugin (jar:file:/C:/GT_New_Horizons_2.6.1_Server_Java_17-21/lwjgl3ify-forgePatches.jar!/com/gtnewhorizons/retrofuturabootstrap/plugin/PluginLoader.class)
[15:07:22] [main/INFO] [LaunchWrapper]: Constructed RFB plugin lwjgl3ify@2.0.9 (LWJGL3ify): me.eigenraven.lwjgl3ify.rfb.Lwjgl3ifyRfbPlugin (jar:file:///C:/GT_New_Horizons_2.6.1_Server_Java_17-21/./mods/lwjgl3ify-2.0.9.jar!META-INF/rfb-plugin/lwjgl3ify.properties)
[15:07:22] [main/INFO] [LaunchWrapper]: Constructed RFB plugin rfb@1.0.2 (RetroFuturaBootstrap): com.gtnewhorizons.rfbplugins.compat.DummyRfbPlugin (jar:file:/C:/GT_New_Horizons_2.6.1_Server_Java_17-21/lwjgl3ify-forgePatches.jar!/com/gtnewhorizons/retrofuturabootstrap/plugin/PluginLoader.class)
[15:07:22] [main/INFO] [LaunchWrapper]: Constructed RFB plugin rfb-asm-safety@1.0.2 (RFB ASM Safety): com.gtnewhorizons.rfbplugins.compat.AsmSafetyPlugin (jar:file:///C:/GT_New_Horizons_2.6.1_Server_Java_17-21/lwjgl3ify-forgePatches.jar!META-INF/rfb-plugin/rfb-asm-safety.properties)
[15:07:22] [main/INFO] [LaunchWrapper]: Constructed RFB plugin rfb-modern-java@1.0.2 (RFB modern Java compatibility plugin): com.gtnewhorizons.rfbplugins.compat.ModernJavaCompatibilityPlugin (jar:file:///C:/GT_New_Horizons_2.6.1_Server_Java_17-21/lwjgl3ify-forgePatches.jar!META-INF/rfb-plugin/rfb-modern-java.properties)
[15:07:22] [main/INFO] [LaunchWrapper]: Constructing tweaker cpw.mods.fml.common.launcher.FMLServerTweaker
[15:07:22] [main/INFO] [LaunchWrapper]: Installing tweaker cpw.mods.fml.common.launcher.FMLServerTweaker
[15:11:55] [main/INFO] [LaunchWrapper]: Successfully scanned 221 paths for RFB plugins.
[15:11:55] [main/INFO] [LaunchWrapper]: Constructed RFB plugin gtnhlib@0.2.11 (GTNHLib): com.gtnewhorizon.gtnhlib.rfb.GTNHLibRfbPlugin (jar:file:///C:/GT_New_Horizons_2.6.1_Server_Java_17-21/./mods/gtnhlib-0.2.11.jar!META-INF/rfb-plugin/gtnhlib.properties)
[15:11:55] [main/INFO] [LaunchWrapper]: Constructed RFB plugin hodgepodge@2.5.5 (Hodgepodge): com.mitchej123.hodgepodge.rfb.HodgepodgeRfbPlugin (jar:file:///C:/GT_New_Horizons_2.6.1_Server_Java_17-21/./mods/hodgepodge-2.5.5.jar!META-INF/rfb-plugin/hodgepodge.properties)
[15:11:55] [main/INFO] [LaunchWrapper]: Constructed RFB plugin java@21.0.4 (Java): com.gtnewhorizons.rfbplugins.compat.DummyJavaPlugin (jar:file:/C:/GT_New_Horizons_2.6.1_Server_Java_17-21/lwjgl3ify-forgePatches.jar!/com/gtnewhorizons/retrofuturabootstrap/plugin/PluginLoader.class)
[15:11:55] [main/INFO] [LaunchWrapper]: Constructed RFB plugin lwjgl3ify@2.0.9 (LWJGL3ify): me.eigenraven.lwjgl3ify.rfb.Lwjgl3ifyRfbPlugin (jar:file:///C:/GT_New_Horizons_2.6.1_Server_Java_17-21/./mods/lwjgl3ify-2.0.9.jar!META-INF/rfb-plugin/lwjgl3ify.properties)
[15:11:56] [main/INFO] [LaunchWrapper]: Constructed RFB plugin rfb@1.0.2 (RetroFuturaBootstrap): com.gtnewhorizons.rfbplugins.compat.DummyRfbPlugin (jar:file:/C:/GT_New_Horizons_2.6.1_Server_Java_17-21/lwjgl3ify-forgePatches.jar!/com/gtnewhorizons/retrofuturabootstrap/plugin/PluginLoader.class)
[15:11:56] [main/INFO] [LaunchWrapper]: Constructed RFB plugin rfb-asm-safety@1.0.2 (RFB ASM Safety): com.gtnewhorizons.rfbplugins.compat.AsmSafetyPlugin (jar:file:///C:/GT_New_Horizons_2.6.1_Server_Java_17-21/lwjgl3ify-forgePatches.jar!META-INF/rfb-plugin/rfb-asm-safety.properties)
[15:11:56] [main/INFO] [LaunchWrapper]: Constructed RFB plugin rfb-modern-java@1.0.2 (RFB modern Java compatibility plugin): com.gtnewhorizons.rfbplugins.compat.ModernJavaCompatibilityPlugin (jar:file:///C:/GT_New_Horizons_2.6.1_Server_Java_17-21/lwjgl3ify-forgePatches.jar!META-INF/rfb-plugin/rfb-modern-java.properties)
[15:11:56] [main/INFO] [LaunchWrapper]: Constructing tweaker cpw.mods.fml.common.launcher.FMLServerTweaker
[15:11:56] [main/INFO] [LaunchWrapper]: Installing tweaker cpw.mods.fml.common.launcher.FMLServerTweaker
[01:54:40] [main/INFO] [LaunchWrapper]: Successfully scanned 221 paths for RFB plugins.
[01:54:40] [main/INFO] [LaunchWrapper]: Constructed RFB plugin gtnhlib@0.2.11 (GTNHLib): com.gtnewhorizon.gtnhlib.rfb.GTNHLibRfbPlugin (jar:file:///C:/GT_New_Horizons_2.6.1_Server_Java_17-21/./mods/gtnhlib-0.2.11.jar!META-INF/rfb-plugin/gtnhlib.properties)
[01:54:40] [main/INFO] [LaunchWrapper]: Constructed RFB plugin hodgepodge@2.5.5 (Hodgepodge): com.mitchej123.hodgepodge.rfb.HodgepodgeRfbPlugin (jar:file:///C:/GT_New_Horizons_2.6.1_Server_Java_17-21/./mods/hodgepodge-2.5.5.jar!META-INF/rfb-plugin/hodgepodge.properties)
[01:54:40] [main/INFO] [LaunchWrapper]: Constructed RFB plugin java@21.0.4 (Java): com.gtnewhorizons.rfbplugins.compat.DummyJavaPlugin (jar:file:/C:/GT_New_Horizons_2.6.1_Server_Java_17-21/lwjgl3ify-forgePatches.jar!/com/gtnewhorizons/retrofuturabootstrap/plugin/PluginLoader.class)
[01:54:40] [main/INFO] [LaunchWrapper]: Constructed RFB plugin lwjgl3ify@2.0.9 (LWJGL3ify): me.eigenraven.lwjgl3ify.rfb.Lwjgl3ifyRfbPlugin (jar:file:///C:/GT_New_Horizons_2.6.1_Server_Java_17-21/./mods/lwjgl3ify-2.0.9.jar!META-INF/rfb-plugin/lwjgl3ify.properties)
[01:54:40] [main/INFO] [LaunchWrapper]: Constructed RFB plugin rfb@1.0.2 (RetroFuturaBootstrap): com.gtnewhorizons.rfbplugins.compat.DummyRfbPlugin (jar:file:/C:/GT_New_Horizons_2.6.1_Server_Java_17-21/lwjgl3ify-forgePatches.jar!/com/gtnewhorizons/retrofuturabootstrap/plugin/PluginLoader.class)
[01:54:40] [main/INFO] [LaunchWrapper]: Constructed RFB plugin rfb-asm-safety@1.0.2 (RFB ASM Safety): com.gtnewhorizons.rfbplugins.compat.AsmSafetyPlugin (jar:file:///C:/GT_New_Horizons_2.6.1_Server_Java_17-21/lwjgl3ify-forgePatches.jar!META-INF/rfb-plugin/rfb-asm-safety.properties)
[01:54:40] [main/INFO] [LaunchWrapper]: Constructed RFB plugin rfb-modern-java@1.0.2 (RFB modern Java compatibility plugin): com.gtnewhorizons.rfbplugins.compat.ModernJavaCompatibilityPlugin (jar:file:///C:/GT_New_Horizons_2.6.1_Server_Java_17-21/lwjgl3ify-forgePatches.jar!META-INF/rfb-plugin/rfb-modern-java.properties)
[01:54:40] [main/INFO] [LaunchWrapper]: Constructing tweaker cpw.mods.fml.common.launcher.FMLServerTweaker
[01:54:40] [main/INFO] [LaunchWrapper]: Installing tweaker cpw.mods.fml.common.launcher.FMLServerTweaker
[15:01:53] [main/INFO] [LaunchWrapper]: Successfully scanned 221 paths for RFB plugins.
[15:01:53] [main/INFO] [LaunchWrapper]: Constructed RFB plugin gtnhlib@0.2.11 (GTNHLib): com.gtnewhorizon.gtnhlib.rfb.GTNHLibRfbPlugin (jar:file:///C:/GT_New_Horizons_2.6.1_Server_Java_17-21/./mods/gtnhlib-0.2.11.jar!META-INF/rfb-plugin/gtnhlib.properties)
[15:01:53] [main/INFO] [LaunchWrapper]: Constructed RFB plugin hodgepodge@2.5.5 (Hodgepodge): com.mitchej123.hodgepodge.rfb.HodgepodgeRfbPlugin (jar:file:///C:/GT_New_Horizons_2.6.1_Server_Java_17-21/./mods/hodgepodge-2.5.5.jar!META-INF/rfb-plugin/hodgepodge.properties)
[15:01:53] [main/INFO] [LaunchWrapper]: Constructed RFB plugin java@21.0.4 (Java): com.gtnewhorizons.rfbplugins.compat.DummyJavaPlugin (jar:file:/C:/GT_New_Horizons_2.6.1_Server_Java_17-21/lwjgl3ify-forgePatches.jar!/com/gtnewhorizons/retrofuturabootstrap/plugin/PluginLoader.class)
[15:01:53] [main/INFO] [LaunchWrapper]: Constructed RFB plugin lwjgl3ify@2.0.9 (LWJGL3ify): me.eigenraven.lwjgl3ify.rfb.Lwjgl3ifyRfbPlugin (jar:file:///C:/GT_New_Horizons_2.6.1_Server_Java_17-21/./mods/lwjgl3ify-2.0.9.jar!META-INF/rfb-plugin/lwjgl3ify.properties)
[15:01:53] [main/INFO] [LaunchWrapper]: Constructed RFB plugin rfb@1.0.2 (RetroFuturaBootstrap): com.gtnewhorizons.rfbplugins.compat.DummyRfbPlugin (jar:file:/C:/GT_New_Horizons_2.6.1_Server_Java_17-21/lwjgl3ify-forgePatches.jar!/com/gtnewhorizons/retrofuturabootstrap/plugin/PluginLoader.class)
[15:01:53] [main/INFO] [LaunchWrapper]: Constructed RFB plugin rfb-asm-safety@1.0.2 (RFB ASM Safety): com.gtnewhorizons.rfbplugins.compat.AsmSafetyPlugin (jar:file:///C:/GT_New_Horizons_2.6.1_Server_Java_17-21/lwjgl3ify-forgePatches.jar!META-INF/rfb-plugin/rfb-asm-safety.properties)
[15:01:53] [main/INFO] [LaunchWrapper]: Constructed RFB plugin rfb-modern-java@1.0.2 (RFB modern Java compatibility plugin): com.gtnewhorizons.rfbplugins.compat.ModernJavaCompatibilityPlugin (jar:file:///C:/GT_New_Horizons_2.6.1_Server_Java_17-21/lwjgl3ify-forgePatches.jar!META-INF/rfb-plugin/rfb-modern-java.properties)
[15:01:53] [main/INFO] [LaunchWrapper]: Constructing tweaker cpw.mods.fml.common.launcher.FMLServerTweaker
[15:01:53] [main/INFO] [LaunchWrapper]: Installing tweaker cpw.mods.fml.common.launcher.FMLServerTweaker
[22:41:40] [main/INFO] [LaunchWrapper]: Successfully scanned 221 paths for RFB plugins.
[22:41:40] [main/INFO] [LaunchWrapper]: Constructed RFB plugin gtnhlib@0.2.11 (GTNHLib): com.gtnewhorizon.gtnhlib.rfb.GTNHLibRfbPlugin (jar:file:///C:/GT_New_Horizons_2.6.1_Server_Java_17-21/./mods/gtnhlib-0.2.11.jar!META-INF/rfb-plugin/gtnhlib.properties)
[22:41:40] [main/INFO] [LaunchWrapper]: Constructed RFB plugin hodgepodge@2.5.5 (Hodgepodge): com.mitchej123.hodgepodge.rfb.HodgepodgeRfbPlugin (jar:file:///C:/GT_New_Horizons_2.6.1_Server_Java_17-21/./mods/hodgepodge-2.5.5.jar!META-INF/rfb-plugin/hodgepodge.properties)
[22:41:40] [main/INFO] [LaunchWrapper]: Constructed RFB plugin java@21.0.4 (Java): com.gtnewhorizons.rfbplugins.compat.DummyJavaPlugin (jar:file:/C:/GT_New_Horizons_2.6.1_Server_Java_17-21/lwjgl3ify-forgePatches.jar!/com/gtnewhorizons/retrofuturabootstrap/plugin/PluginLoader.class)
[22:41:40] [main/INFO] [LaunchWrapper]: Constructed RFB plugin lwjgl3ify@2.0.9 (LWJGL3ify): me.eigenraven.lwjgl3ify.rfb.Lwjgl3ifyRfbPlugin (jar:file:///C:/GT_New_Horizons_2.6.1_Server_Java_17-21/./mods/lwjgl3ify-2.0.9.jar!META-INF/rfb-plugin/lwjgl3ify.properties)
[22:41:40] [main/INFO] [LaunchWrapper]: Constructed RFB plugin rfb@1.0.2 (RetroFuturaBootstrap): com.gtnewhorizons.rfbplugins.compat.DummyRfbPlugin (jar:file:/C:/GT_New_Horizons_2.6.1_Server_Java_17-21/lwjgl3ify-forgePatches.jar!/com/gtnewhorizons/retrofuturabootstrap/plugin/PluginLoader.class)
[22:41:40] [main/INFO] [LaunchWrapper]: Constructed RFB plugin rfb-asm-safety@1.0.2 (RFB ASM Safety): com.gtnewhorizons.rfbplugins.compat.AsmSafetyPlugin (jar:file:///C:/GT_New_Horizons_2.6.1_Server_Java_17-21/lwjgl3ify-forgePatches.jar!META-INF/rfb-plugin/rfb-asm-safety.properties)
[22:41:40] [main/INFO] [LaunchWrapper]: Constructed RFB plugin rfb-modern-java@1.0.2 (RFB modern Java compatibility plugin): com.gtnewhorizons.rfbplugins.compat.ModernJavaCompatibilityPlugin (jar:file:///C:/GT_New_Horizons_2.6.1_Server_Java_17-21/lwjgl3ify-forgePatches.jar!META-INF/rfb-plugin/rfb-modern-java.properties)
[22:41:40] [main/INFO] [LaunchWrapper]: Constructing tweaker cpw.mods.fml.common.launcher.FMLServerTweaker
[22:41:40] [main/INFO] [LaunchWrapper]: Installing tweaker cpw.mods.fml.common.launcher.FMLServerTweaker
[19:40:50] [main/INFO] [LaunchWrapper]: Successfully scanned 221 paths for RFB plugins.
[19:40:50] [main/INFO] [LaunchWrapper]: Constructed RFB plugin gtnhlib@0.2.11 (GTNHLib): com.gtnewhorizon.gtnhlib.rfb.GTNHLibRfbPlugin (jar:file:///C:/GT_New_Horizons_2.6.1_Server_Java_17-21/./mods/gtnhlib-0.2.11.jar!META-INF/rfb-plugin/gtnhlib.properties)
[19:40:50] [main/INFO] [LaunchWrapper]: Constructed RFB plugin hodgepodge@2.5.5 (Hodgepodge): com.mitchej123.hodgepodge.rfb.HodgepodgeRfbPlugin (jar:file:///C:/GT_New_Horizons_2.6.1_Server_Java_17-21/./mods/hodgepodge-2.5.5.jar!META-INF/rfb-plugin/hodgepodge.properties)
[19:40:50] [main/INFO] [LaunchWrapper]: Constructed RFB plugin java@21.0.4 (Java): com.gtnewhorizons.rfbplugins.compat.DummyJavaPlugin (jar:file:/C:/GT_New_Horizons_2.6.1_Server_Java_17-21/lwjgl3ify-forgePatches.jar!/com/gtnewhorizons/retrofuturabootstrap/plugin/PluginLoader.class)
[19:40:50] [main/INFO] [LaunchWrapper]: Constructed RFB plugin lwjgl3ify@2.0.9 (LWJGL3ify): me.eigenraven.lwjgl3ify.rfb.Lwjgl3ifyRfbPlugin (jar:file:///C:/GT_New_Horizons_2.6.1_Server_Java_17-21/./mods/lwjgl3ify-2.0.9.jar!META-INF/rfb-plugin/lwjgl3ify.properties)
[19:40:50] [main/INFO] [LaunchWrapper]: Constructed RFB plugin rfb@1.0.2 (RetroFuturaBootstrap): com.gtnewhorizons.rfbplugins.compat.DummyRfbPlugin (jar:file:/C:/GT_New_Horizons_2.6.1_Server_Java_17-21/lwjgl3ify-forgePatches.jar!/com/gtnewhorizons/retrofuturabootstrap/plugin/PluginLoader.class)
[19:40:50] [main/INFO] [LaunchWrapper]: Constructed RFB plugin rfb-asm-safety@1.0.2 (RFB ASM Safety): com.gtnewhorizons.rfbplugins.compat.AsmSafetyPlugin (jar:file:///C:/GT_New_Horizons_2.6.1_Server_Java_17-21/lwjgl3ify-forgePatches.jar!META-INF/rfb-plugin/rfb-asm-safety.properties)
[19:40:50] [main/INFO] [LaunchWrapper]: Constructed RFB plugin rfb-modern-java@1.0.2 (RFB modern Java compatibility plugin): com.gtnewhorizons.rfbplugins.compat.ModernJavaCompatibilityPlugin (jar:file:///C:/GT_New_Horizons_2.6.1_Server_Java_17-21/lwjgl3ify-forgePatches.jar!META-INF/rfb-plugin/rfb-modern-java.properties)
[19:40:50] [main/INFO] [LaunchWrapper]: Constructing tweaker cpw.mods.fml.common.launcher.FMLServerTweaker
[19:40:50] [main/INFO] [LaunchWrapper]: Installing tweaker cpw.mods.fml.common.launcher.FMLServerTweaker
[22:14:10] [main/INFO] [LaunchWrapper]: Successfully scanned 221 paths for RFB plugins.
[22:14:10] [main/INFO] [LaunchWrapper]: Constructed RFB plugin gtnhlib@0.2.11 (GTNHLib): com.gtnewhorizon.gtnhlib.rfb.GTNHLibRfbPlugin (jar:file:///C:/GT_New_Horizons_2.6.1_Server_Java_17-21/./mods/gtnhlib-0.2.11.jar!META-INF/rfb-plugin/gtnhlib.properties)
[22:14:10] [main/INFO] [LaunchWrapper]: Constructed RFB plugin hodgepodge@2.5.5 (Hodgepodge): com.mitchej123.hodgepodge.rfb.HodgepodgeRfbPlugin (jar:file:///C:/GT_New_Horizons_2.6.1_Server_Java_17-21/./mods/hodgepodge-2.5.5.jar!META-INF/rfb-plugin/hodgepodge.properties)
[22:14:10] [main/INFO] [LaunchWrapper]: Constructed RFB plugin java@21.0.4 (Java): com.gtnewhorizons.rfbplugins.compat.DummyJavaPlugin (jar:file:/C:/GT_New_Horizons_2.6.1_Server_Java_17-21/lwjgl3ify-forgePatches.jar!/com/gtnewhorizons/retrofuturabootstrap/plugin/PluginLoader.class)
[22:14:10] [main/INFO] [LaunchWrapper]: Constructed RFB plugin lwjgl3ify@2.0.9 (LWJGL3ify): me.eigenraven.lwjgl3ify.rfb.Lwjgl3ifyRfbPlugin (jar:file:///C:/GT_New_Horizons_2.6.1_Server_Java_17-21/./mods/lwjgl3ify-2.0.9.jar!META-INF/rfb-plugin/lwjgl3ify.properties)
[22:14:10] [main/INFO] [LaunchWrapper]: Constructed RFB plugin rfb@1.0.2 (RetroFuturaBootstrap): com.gtnewhorizons.rfbplugins.compat.DummyRfbPlugin (jar:file:/C:/GT_New_Horizons_2.6.1_Server_Java_17-21/lwjgl3ify-forgePatches.jar!/com/gtnewhorizons/retrofuturabootstrap/plugin/PluginLoader.class)
[22:14:10] [main/INFO] [LaunchWrapper]: Constructed RFB plugin rfb-asm-safety@1.0.2 (RFB ASM Safety): com.gtnewhorizons.rfbplugins.compat.AsmSafetyPlugin (jar:file:///C:/GT_New_Horizons_2.6.1_Server_Java_17-21/lwjgl3ify-forgePatches.jar!META-INF/rfb-plugin/rfb-asm-safety.properties)
[22:14:10] [main/INFO] [LaunchWrapper]: Constructed RFB plugin rfb-modern-java@1.0.2 (RFB modern Java compatibility plugin): com.gtnewhorizons.rfbplugins.compat.ModernJavaCompatibilityPlugin (jar:file:///C:/GT_New_Horizons_2.6.1_Server_Java_17-21/lwjgl3ify-forgePatches.jar!META-INF/rfb-plugin/rfb-modern-java.properties)
[22:14:10] [main/INFO] [LaunchWrapper]: Constructing tweaker cpw.mods.fml.common.launcher.FMLServerTweaker
[22:14:10] [main/INFO] [LaunchWrapper]: Installing tweaker cpw.mods.fml.common.launcher.FMLServerTweaker
[19:48:33] [main/INFO] [LaunchWrapper]: Successfully scanned 223 paths for RFB plugins.
[19:48:33] [main/INFO] [LaunchWrapper]: Constructed RFB plugin gtnhlib@0.2.11 (GTNHLib): com.gtnewhorizon.gtnhlib.rfb.GTNHLibRfbPlugin (jar:file:///C:/GT_New_Horizons_2.6.1_Server_Java_17-21/./mods/gtnhlib-0.2.11.jar!META-INF/rfb-plugin/gtnhlib.properties)
[19:48:33] [main/INFO] [LaunchWrapper]: Constructed RFB plugin hodgepodge@2.5.5 (Hodgepodge): com.mitchej123.hodgepodge.rfb.HodgepodgeRfbPlugin (jar:file:///C:/GT_New_Horizons_2.6.1_Server_Java_17-21/./mods/hodgepodge-2.5.5.jar!META-INF/rfb-plugin/hodgepodge.properties)
[19:48:33] [main/INFO] [LaunchWrapper]: Constructed RFB plugin java@21.0.4 (Java): com.gtnewhorizons.rfbplugins.compat.DummyJavaPlugin (jar:file:/C:/GT_New_Horizons_2.6.1_Server_Java_17-21/lwjgl3ify-forgePatches.jar!/com/gtnewhorizons/retrofuturabootstrap/plugin/PluginLoader.class)
[19:48:33] [main/INFO] [LaunchWrapper]: Constructed RFB plugin lwjgl3ify@2.0.9 (LWJGL3ify): me.eigenraven.lwjgl3ify.rfb.Lwjgl3ifyRfbPlugin (jar:file:///C:/GT_New_Horizons_2.6.1_Server_Java_17-21/./mods/lwjgl3ify-2.0.9.jar!META-INF/rfb-plugin/lwjgl3ify.properties)
[19:48:33] [main/INFO] [LaunchWrapper]: Constructed RFB plugin rfb@1.0.2 (RetroFuturaBootstrap): com.gtnewhorizons.rfbplugins.compat.DummyRfbPlugin (jar:file:/C:/GT_New_Horizons_2.6.1_Server_Java_17-21/lwjgl3ify-forgePatches.jar!/com/gtnewhorizons/retrofuturabootstrap/plugin/PluginLoader.class)
[19:48:33] [main/INFO] [LaunchWrapper]: Constructed RFB plugin rfb-asm-safety@1.0.2 (RFB ASM Safety): com.gtnewhorizons.rfbplugins.compat.AsmSafetyPlugin (jar:file:///C:/GT_New_Horizons_2.6.1_Server_Java_17-21/lwjgl3ify-forgePatches.jar!META-INF/rfb-plugin/rfb-asm-safety.properties)
[19:48:33] [main/INFO] [LaunchWrapper]: Constructed RFB plugin rfb-modern-java@1.0.2 (RFB modern Java compatibility plugin): com.gtnewhorizons.rfbplugins.compat.ModernJavaCompatibilityPlugin (jar:file:///C:/GT_New_Horizons_2.6.1_Server_Java_17-21/lwjgl3ify-forgePatches.jar!META-INF/rfb-plugin/rfb-modern-java.properties)
[19:48:33] [main/INFO] [LaunchWrapper]: Constructing tweaker cpw.mods.fml.common.launcher.FMLServerTweaker
[19:48:33] [main/INFO] [LaunchWrapper]: Installing tweaker cpw.mods.fml.common.launcher.FMLServerTweaker
[20:00:43] [main/INFO] [LaunchWrapper]: Successfully scanned 223 paths for RFB plugins.
[20:00:43] [main/INFO] [LaunchWrapper]: Constructed RFB plugin gtnhlib@0.2.11 (GTNHLib): com.gtnewhorizon.gtnhlib.rfb.GTNHLibRfbPlugin (jar:file:///C:/GT_New_Horizons_2.6.1_Server_Java_17-21/./mods/gtnhlib-0.2.11.jar!META-INF/rfb-plugin/gtnhlib.properties)
[20:00:43] [main/INFO] [LaunchWrapper]: Constructed RFB plugin hodgepodge@2.5.5 (Hodgepodge): com.mitchej123.hodgepodge.rfb.HodgepodgeRfbPlugin (jar:file:///C:/GT_New_Horizons_2.6.1_Server_Java_17-21/./mods/hodgepodge-2.5.5.jar!META-INF/rfb-plugin/hodgepodge.properties)
[20:00:43] [main/INFO] [LaunchWrapper]: Constructed RFB plugin java@21.0.4 (Java): com.gtnewhorizons.rfbplugins.compat.DummyJavaPlugin (jar:file:/C:/GT_New_Horizons_2.6.1_Server_Java_17-21/lwjgl3ify-forgePatches.jar!/com/gtnewhorizons/retrofuturabootstrap/plugin/PluginLoader.class)
[20:00:43] [main/INFO] [LaunchWrapper]: Constructed RFB plugin lwjgl3ify@2.0.9 (LWJGL3ify): me.eigenraven.lwjgl3ify.rfb.Lwjgl3ifyRfbPlugin (jar:file:///C:/GT_New_Horizons_2.6.1_Server_Java_17-21/./mods/lwjgl3ify-2.0.9.jar!META-INF/rfb-plugin/lwjgl3ify.properties)
[20:00:44] [main/INFO] [LaunchWrapper]: Constructed RFB plugin rfb@1.0.2 (RetroFuturaBootstrap): com.gtnewhorizons.rfbplugins.compat.DummyRfbPlugin (jar:file:/C:/GT_New_Horizons_2.6.1_Server_Java_17-21/lwjgl3ify-forgePatches.jar!/com/gtnewhorizons/retrofuturabootstrap/plugin/PluginLoader.class)
[20:00:44] [main/INFO] [LaunchWrapper]: Constructed RFB plugin rfb-asm-safety@1.0.2 (RFB ASM Safety): com.gtnewhorizons.rfbplugins.compat.AsmSafetyPlugin (jar:file:///C:/GT_New_Horizons_2.6.1_Server_Java_17-21/lwjgl3ify-forgePatches.jar!META-INF/rfb-plugin/rfb-asm-safety.properties)
[20:00:44] [main/INFO] [LaunchWrapper]: Constructed RFB plugin rfb-modern-java@1.0.2 (RFB modern Java compatibility plugin): com.gtnewhorizons.rfbplugins.compat.ModernJavaCompatibilityPlugin (jar:file:///C:/GT_New_Horizons_2.6.1_Server_Java_17-21/lwjgl3ify-forgePatches.jar!META-INF/rfb-plugin/rfb-modern-java.properties)
[20:00:44] [main/INFO] [LaunchWrapper]: Constructing tweaker cpw.mods.fml.common.launcher.FMLServerTweaker
[20:00:44] [main/INFO] [LaunchWrapper]: Installing tweaker cpw.mods.fml.common.launcher.FMLServerTweaker
[20:25:25] [main/INFO] [LaunchWrapper]: Successfully scanned 223 paths for RFB plugins.
[20:25:25] [main/INFO] [LaunchWrapper]: Constructed RFB plugin gtnhlib@0.2.11 (GTNHLib): com.gtnewhorizon.gtnhlib.rfb.GTNHLibRfbPlugin (jar:file:///C:/GT_New_Horizons_2.6.1_Server_Java_17-21/./mods/gtnhlib-0.2.11.jar!META-INF/rfb-plugin/gtnhlib.properties)
[20:25:25] [main/INFO] [LaunchWrapper]: Constructed RFB plugin hodgepodge@2.5.5 (Hodgepodge): com.mitchej123.hodgepodge.rfb.HodgepodgeRfbPlugin (jar:file:///C:/GT_New_Horizons_2.6.1_Server_Java_17-21/./mods/hodgepodge-2.5.5.jar!META-INF/rfb-plugin/hodgepodge.properties)
[20:25:25] [main/INFO] [LaunchWrapper]: Constructed RFB plugin java@21.0.4 (Java): com.gtnewhorizons.rfbplugins.compat.DummyJavaPlugin (jar:file:/C:/GT_New_Horizons_2.6.1_Server_Java_17-21/lwjgl3ify-forgePatches.jar!/com/gtnewhorizons/retrofuturabootstrap/plugin/PluginLoader.class)
[20:25:25] [main/INFO] [LaunchWrapper]: Constructed RFB plugin lwjgl3ify@2.0.9 (LWJGL3ify): me.eigenraven.lwjgl3ify.rfb.Lwjgl3ifyRfbPlugin (jar:file:///C:/GT_New_Horizons_2.6.1_Server_Java_17-21/./mods/lwjgl3ify-2.0.9.jar!META-INF/rfb-plugin/lwjgl3ify.properties)
[20:25:25] [main/INFO] [LaunchWrapper]: Constructed RFB plugin rfb@1.0.2 (RetroFuturaBootstrap): com.gtnewhorizons.rfbplugins.compat.DummyRfbPlugin (jar:file:/C:/GT_New_Horizons_2.6.1_Server_Java_17-21/lwjgl3ify-forgePatches.jar!/com/gtnewhorizons/retrofuturabootstrap/plugin/PluginLoader.class)
[20:25:25] [main/INFO] [LaunchWrapper]: Constructed RFB plugin rfb-asm-safety@1.0.2 (RFB ASM Safety): com.gtnewhorizons.rfbplugins.compat.AsmSafetyPlugin (jar:file:///C:/GT_New_Horizons_2.6.1_Server_Java_17-21/lwjgl3ify-forgePatches.jar!META-INF/rfb-plugin/rfb-asm-safety.properties)
[20:25:25] [main/INFO] [LaunchWrapper]: Constructed RFB plugin rfb-modern-java@1.0.2 (RFB modern Java compatibility plugin): com.gtnewhorizons.rfbplugins.compat.ModernJavaCompatibilityPlugin (jar:file:///C:/GT_New_Horizons_2.6.1_Server_Java_17-21/lwjgl3ify-forgePatches.jar!META-INF/rfb-plugin/rfb-modern-java.properties)
[20:25:25] [main/INFO] [LaunchWrapper]: Constructing tweaker cpw.mods.fml.common.launcher.FMLServerTweaker
[20:25:25] [main/INFO] [LaunchWrapper]: Installing tweaker cpw.mods.fml.common.launcher.FMLServerTweaker
[23:30:35] [main/INFO] [LaunchWrapper]: Successfully scanned 223 paths for RFB plugins.
[23:30:35] [main/INFO] [LaunchWrapper]: Constructed RFB plugin gtnhlib@0.2.11 (GTNHLib): com.gtnewhorizon.gtnhlib.rfb.GTNHLibRfbPlugin (jar:file:///C:/GT_New_Horizons_2.6.1_Server_Java_17-21/./mods/gtnhlib-0.2.11.jar!META-INF/rfb-plugin/gtnhlib.properties)
[23:30:35] [main/INFO] [LaunchWrapper]: Constructed RFB plugin hodgepodge@2.5.5 (Hodgepodge): com.mitchej123.hodgepodge.rfb.HodgepodgeRfbPlugin (jar:file:///C:/GT_New_Horizons_2.6.1_Server_Java_17-21/./mods/hodgepodge-2.5.5.jar!META-INF/rfb-plugin/hodgepodge.properties)
[23:30:35] [main/INFO] [LaunchWrapper]: Constructed RFB plugin java@21.0.4 (Java): com.gtnewhorizons.rfbplugins.compat.DummyJavaPlugin (jar:file:/C:/GT_New_Horizons_2.6.1_Server_Java_17-21/lwjgl3ify-forgePatches.jar!/com/gtnewhorizons/retrofuturabootstrap/plugin/PluginLoader.class)
[23:30:35] [main/INFO] [LaunchWrapper]: Constructed RFB plugin lwjgl3ify@2.0.9 (LWJGL3ify): me.eigenraven.lwjgl3ify.rfb.Lwjgl3ifyRfbPlugin (jar:file:///C:/GT_New_Horizons_2.6.1_Server_Java_17-21/./mods/lwjgl3ify-2.0.9.jar!META-INF/rfb-plugin/lwjgl3ify.properties)
[23:30:35] [main/INFO] [LaunchWrapper]: Constructed RFB plugin rfb@1.0.2 (RetroFuturaBootstrap): com.gtnewhorizons.rfbplugins.compat.DummyRfbPlugin (jar:file:/C:/GT_New_Horizons_2.6.1_Server_Java_17-21/lwjgl3ify-forgePatches.jar!/com/gtnewhorizons/retrofuturabootstrap/plugin/PluginLoader.class)
[23:30:35] [main/INFO] [LaunchWrapper]: Constructed RFB plugin rfb-asm-safety@1.0.2 (RFB ASM Safety): com.gtnewhorizons.rfbplugins.compat.AsmSafetyPlugin (jar:file:///C:/GT_New_Horizons_2.6.1_Server_Java_17-21/lwjgl3ify-forgePatches.jar!META-INF/rfb-plugin/rfb-asm-safety.properties)
[23:30:35] [main/INFO] [LaunchWrapper]: Constructed RFB plugin rfb-modern-java@1.0.2 (RFB modern Java compatibility plugin): com.gtnewhorizons.rfbplugins.compat.ModernJavaCompatibilityPlugin (jar:file:///C:/GT_New_Horizons_2.6.1_Server_Java_17-21/lwjgl3ify-forgePatches.jar!META-INF/rfb-plugin/rfb-modern-java.properties)
[23:30:35] [main/INFO] [LaunchWrapper]: Constructing tweaker cpw.mods.fml.common.launcher.FMLServerTweaker
[23:30:35] [main/INFO] [LaunchWrapper]: Installing tweaker cpw.mods.fml.common.launcher.FMLServerTweaker
[21:54:19] [main/INFO] [LaunchWrapper]: Successfully scanned 223 paths for RFB plugins.
[21:54:19] [main/INFO] [LaunchWrapper]: Constructed RFB plugin gtnhlib@0.2.11 (GTNHLib): com.gtnewhorizon.gtnhlib.rfb.GTNHLibRfbPlugin (jar:file:///C:/Users/Administrator/Desktop/GTNH/GT_New_Horizons_2.6.1_Server_Java_17-21/./mods/gtnhlib-0.2.11.jar!META-INF/rfb-plugin/gtnhlib.properties)
[21:54:19] [main/INFO] [LaunchWrapper]: Constructed RFB plugin hodgepodge@2.5.5 (Hodgepodge): com.mitchej123.hodgepodge.rfb.HodgepodgeRfbPlugin (jar:file:///C:/Users/Administrator/Desktop/GTNH/GT_New_Horizons_2.6.1_Server_Java_17-21/./mods/hodgepodge-2.5.5.jar!META-INF/rfb-plugin/hodgepodge.properties)
[21:54:19] [main/INFO] [LaunchWrapper]: Constructed RFB plugin java@21.0.1 (Java): com.gtnewhorizons.rfbplugins.compat.DummyJavaPlugin (jar:file:/C:/Users/Administrator/Desktop/GTNH/GT_New_Horizons_2.6.1_Server_Java_17-21/lwjgl3ify-forgePatches.jar!/com/gtnewhorizons/retrofuturabootstrap/plugin/PluginLoader.class)
[21:54:19] [main/INFO] [LaunchWrapper]: Constructed RFB plugin lwjgl3ify@2.0.9 (LWJGL3ify): me.eigenraven.lwjgl3ify.rfb.Lwjgl3ifyRfbPlugin (jar:file:///C:/Users/Administrator/Desktop/GTNH/GT_New_Horizons_2.6.1_Server_Java_17-21/./mods/lwjgl3ify-2.0.9.jar!META-INF/rfb-plugin/lwjgl3ify.properties)
[21:54:19] [main/INFO] [LaunchWrapper]: Constructed RFB plugin rfb@1.0.2 (RetroFuturaBootstrap): com.gtnewhorizons.rfbplugins.compat.DummyRfbPlugin (jar:file:/C:/Users/Administrator/Desktop/GTNH/GT_New_Horizons_2.6.1_Server_Java_17-21/lwjgl3ify-forgePatches.jar!/com/gtnewhorizons/retrofuturabootstrap/plugin/PluginLoader.class)
[21:54:19] [main/INFO] [LaunchWrapper]: Constructed RFB plugin rfb-asm-safety@1.0.2 (RFB ASM Safety): com.gtnewhorizons.rfbplugins.compat.AsmSafetyPlugin (jar:file:///C:/Users/Administrator/Desktop/GTNH/GT_New_Horizons_2.6.1_Server_Java_17-21/lwjgl3ify-forgePatches.jar!META-INF/rfb-plugin/rfb-asm-safety.properties)
[21:54:19] [main/INFO] [LaunchWrapper]: Constructed RFB plugin rfb-modern-java@1.0.2 (RFB modern Java compatibility plugin): com.gtnewhorizons.rfbplugins.compat.ModernJavaCompatibilityPlugin (jar:file:///C:/Users/Administrator/Desktop/GTNH/GT_New_Horizons_2.6.1_Server_Java_17-21/lwjgl3ify-forgePatches.jar!META-INF/rfb-plugin/rfb-modern-java.properties)
[21:54:19] [main/INFO] [LaunchWrapper]: Constructing tweaker cpw.mods.fml.common.launcher.FMLServerTweaker
[21:54:19] [main/INFO] [LaunchWrapper]: Installing tweaker cpw.mods.fml.common.launcher.FMLServerTweaker
[20:06:33] [main/INFO] [LaunchWrapper]: Successfully scanned 223 paths for RFB plugins.
[20:06:33] [main/INFO] [LaunchWrapper]: Constructed RFB plugin gtnhlib@0.2.11 (GTNHLib): com.gtnewhorizon.gtnhlib.rfb.GTNHLibRfbPlugin (jar:file:///C:/Users/Administrator/Desktop/GTNH/GT_New_Horizons_2.6.1_Server_Java_17-21/./mods/gtnhlib-0.2.11.jar!META-INF/rfb-plugin/gtnhlib.properties)
[20:06:33] [main/INFO] [LaunchWrapper]: Constructed RFB plugin hodgepodge@2.5.5 (Hodgepodge): com.mitchej123.hodgepodge.rfb.HodgepodgeRfbPlugin (jar:file:///C:/Users/Administrator/Desktop/GTNH/GT_New_Horizons_2.6.1_Server_Java_17-21/./mods/hodgepodge-2.5.5.jar!META-INF/rfb-plugin/hodgepodge.properties)
[20:06:33] [main/INFO] [LaunchWrapper]: Constructed RFB plugin java@21.0.1 (Java): com.gtnewhorizons.rfbplugins.compat.DummyJavaPlugin (jar:file:/C:/Users/Administrator/Desktop/GTNH/GT_New_Horizons_2.6.1_Server_Java_17-21/lwjgl3ify-forgePatches.jar!/com/gtnewhorizons/retrofuturabootstrap/plugin/PluginLoader.class)
[20:06:33] [main/INFO] [LaunchWrapper]: Constructed RFB plugin lwjgl3ify@2.0.9 (LWJGL3ify): me.eigenraven.lwjgl3ify.rfb.Lwjgl3ifyRfbPlugin (jar:file:///C:/Users/Administrator/Desktop/GTNH/GT_New_Horizons_2.6.1_Server_Java_17-21/./mods/lwjgl3ify-2.0.9.jar!META-INF/rfb-plugin/lwjgl3ify.properties)
[20:06:33] [main/INFO] [LaunchWrapper]: Constructed RFB plugin rfb@1.0.2 (RetroFuturaBootstrap): com.gtnewhorizons.rfbplugins.compat.DummyRfbPlugin (jar:file:/C:/Users/Administrator/Desktop/GTNH/GT_New_Horizons_2.6.1_Server_Java_17-21/lwjgl3ify-forgePatches.jar!/com/gtnewhorizons/retrofuturabootstrap/plugin/PluginLoader.class)
[20:06:33] [main/INFO] [LaunchWrapper]: Constructed RFB plugin rfb-asm-safety@1.0.2 (RFB ASM Safety): com.gtnewhorizons.rfbplugins.compat.AsmSafetyPlugin (jar:file:///C:/Users/Administrator/Desktop/GTNH/GT_New_Horizons_2.6.1_Server_Java_17-21/lwjgl3ify-forgePatches.jar!META-INF/rfb-plugin/rfb-asm-safety.properties)
[20:06:33] [main/INFO] [LaunchWrapper]: Constructed RFB plugin rfb-modern-java@1.0.2 (RFB modern Java compatibility plugin): com.gtnewhorizons.rfbplugins.compat.ModernJavaCompatibilityPlugin (jar:file:///C:/Users/Administrator/Desktop/GTNH/GT_New_Horizons_2.6.1_Server_Java_17-21/lwjgl3ify-forgePatches.jar!META-INF/rfb-plugin/rfb-modern-java.properties)
[20:06:33] [main/INFO] [LaunchWrapper]: Constructing tweaker cpw.mods.fml.common.launcher.FMLServerTweaker
[20:06:34] [main/INFO] [LaunchWrapper]: Installing tweaker cpw.mods.fml.common.launcher.FMLServerTweaker
[13:30:32] [main/INFO] [LaunchWrapper]: Successfully scanned 223 paths for RFB plugins.
[13:30:32] [main/INFO] [LaunchWrapper]: Constructed RFB plugin gtnhlib@0.2.11 (GTNHLib): com.gtnewhorizon.gtnhlib.rfb.GTNHLibRfbPlugin (jar:file:///C:/Users/Administrator/Desktop/GTNH/GT_New_Horizons_2.6.1_Server_Java_17-21/./mods/gtnhlib-0.2.11.jar!META-INF/rfb-plugin/gtnhlib.properties)
[13:30:32] [main/INFO] [LaunchWrapper]: Constructed RFB plugin hodgepodge@2.5.5 (Hodgepodge): com.mitchej123.hodgepodge.rfb.HodgepodgeRfbPlugin (jar:file:///C:/Users/Administrator/Desktop/GTNH/GT_New_Horizons_2.6.1_Server_Java_17-21/./mods/hodgepodge-2.5.5.jar!META-INF/rfb-plugin/hodgepodge.properties)
[13:30:32] [main/INFO] [LaunchWrapper]: Constructed RFB plugin java@21.0.1 (Java): com.gtnewhorizons.rfbplugins.compat.DummyJavaPlugin (jar:file:/C:/Users/Administrator/Desktop/GTNH/GT_New_Horizons_2.6.1_Server_Java_17-21/lwjgl3ify-forgePatches.jar!/com/gtnewhorizons/retrofuturabootstrap/plugin/PluginLoader.class)
[13:30:32] [main/INFO] [LaunchWrapper]: Constructed RFB plugin lwjgl3ify@2.0.9 (LWJGL3ify): me.eigenraven.lwjgl3ify.rfb.Lwjgl3ifyRfbPlugin (jar:file:///C:/Users/Administrator/Desktop/GTNH/GT_New_Horizons_2.6.1_Server_Java_17-21/./mods/lwjgl3ify-2.0.9.jar!META-INF/rfb-plugin/lwjgl3ify.properties)
[13:30:32] [main/INFO] [LaunchWrapper]: Constructed RFB plugin rfb@1.0.2 (RetroFuturaBootstrap): com.gtnewhorizons.rfbplugins.compat.DummyRfbPlugin (jar:file:/C:/Users/Administrator/Desktop/GTNH/GT_New_Horizons_2.6.1_Server_Java_17-21/lwjgl3ify-forgePatches.jar!/com/gtnewhorizons/retrofuturabootstrap/plugin/PluginLoader.class)
[13:30:32] [main/INFO] [LaunchWrapper]: Constructed RFB plugin rfb-asm-safety@1.0.2 (RFB ASM Safety): com.gtnewhorizons.rfbplugins.compat.AsmSafetyPlugin (jar:file:///C:/Users/Administrator/Desktop/GTNH/GT_New_Horizons_2.6.1_Server_Java_17-21/lwjgl3ify-forgePatches.jar!META-INF/rfb-plugin/rfb-asm-safety.properties)
[13:30:32] [main/INFO] [LaunchWrapper]: Constructed RFB plugin rfb-modern-java@1.0.2 (RFB modern Java compatibility plugin): com.gtnewhorizons.rfbplugins.compat.ModernJavaCompatibilityPlugin (jar:file:///C:/Users/Administrator/Desktop/GTNH/GT_New_Horizons_2.6.1_Server_Java_17-21/lwjgl3ify-forgePatches.jar!META-INF/rfb-plugin/rfb-modern-java.properties)
[13:30:32] [main/INFO] [LaunchWrapper]: Constructing tweaker cpw.mods.fml.common.launcher.FMLServerTweaker
[13:30:32] [main/INFO] [LaunchWrapper]: Installing tweaker cpw.mods.fml.common.launcher.FMLServerTweaker
[00:44:48] [main/INFO] [LaunchWrapper]: Successfully scanned 223 paths for RFB plugins.
[00:44:48] [main/INFO] [LaunchWrapper]: Constructed RFB plugin gtnhlib@0.2.11 (GTNHLib): com.gtnewhorizon.gtnhlib.rfb.GTNHLibRfbPlugin (jar:file:///C:/Users/Administrator/Desktop/GTNH/GT_New_Horizons_2.6.1_Server_Java_17-21/./mods/gtnhlib-0.2.11.jar!META-INF/rfb-plugin/gtnhlib.properties)
[00:44:48] [main/INFO] [LaunchWrapper]: Constructed RFB plugin hodgepodge@2.5.5 (Hodgepodge): com.mitchej123.hodgepodge.rfb.HodgepodgeRfbPlugin (jar:file:///C:/Users/Administrator/Desktop/GTNH/GT_New_Horizons_2.6.1_Server_Java_17-21/./mods/hodgepodge-2.5.5.jar!META-INF/rfb-plugin/hodgepodge.properties)
[00:44:48] [main/INFO] [LaunchWrapper]: Constructed RFB plugin java@21.0.1 (Java): com.gtnewhorizons.rfbplugins.compat.DummyJavaPlugin (jar:file:/C:/Users/Administrator/Desktop/GTNH/GT_New_Horizons_2.6.1_Server_Java_17-21/lwjgl3ify-forgePatches.jar!/com/gtnewhorizons/retrofuturabootstrap/plugin/PluginLoader.class)
[00:44:48] [main/INFO] [LaunchWrapper]: Constructed RFB plugin lwjgl3ify@2.0.9 (LWJGL3ify): me.eigenraven.lwjgl3ify.rfb.Lwjgl3ifyRfbPlugin (jar:file:///C:/Users/Administrator/Desktop/GTNH/GT_New_Horizons_2.6.1_Server_Java_17-21/./mods/lwjgl3ify-2.0.9.jar!META-INF/rfb-plugin/lwjgl3ify.properties)
[00:44:48] [main/INFO] [LaunchWrapper]: Constructed RFB plugin rfb@1.0.2 (RetroFuturaBootstrap): com.gtnewhorizons.rfbplugins.compat.DummyRfbPlugin (jar:file:/C:/Users/Administrator/Desktop/GTNH/GT_New_Horizons_2.6.1_Server_Java_17-21/lwjgl3ify-forgePatches.jar!/com/gtnewhorizons/retrofuturabootstrap/plugin/PluginLoader.class)
[00:44:48] [main/INFO] [LaunchWrapper]: Constructed RFB plugin rfb-asm-safety@1.0.2 (RFB ASM Safety): com.gtnewhorizons.rfbplugins.compat.AsmSafetyPlugin (jar:file:///C:/Users/Administrator/Desktop/GTNH/GT_New_Horizons_2.6.1_Server_Java_17-21/lwjgl3ify-forgePatches.jar!META-INF/rfb-plugin/rfb-asm-safety.properties)
[00:44:48] [main/INFO] [LaunchWrapper]: Constructed RFB plugin rfb-modern-java@1.0.2 (RFB modern Java compatibility plugin): com.gtnewhorizons.rfbplugins.compat.ModernJavaCompatibilityPlugin (jar:file:///C:/Users/Administrator/Desktop/GTNH/GT_New_Horizons_2.6.1_Server_Java_17-21/lwjgl3ify-forgePatches.jar!META-INF/rfb-plugin/rfb-modern-java.properties)
[00:44:49] [main/INFO] [LaunchWrapper]: Constructing tweaker cpw.mods.fml.common.launcher.FMLServerTweaker
[00:44:49] [main/INFO] [LaunchWrapper]: Installing tweaker cpw.mods.fml.common.launcher.FMLServerTweaker
[23:42:57] [main/INFO] [LaunchWrapper]: Successfully scanned 223 paths for RFB plugins.
[23:42:57] [main/INFO] [LaunchWrapper]: Constructed RFB plugin gtnhlib@0.2.11 (GTNHLib): com.gtnewhorizon.gtnhlib.rfb.GTNHLibRfbPlugin (jar:file:///C:/Users/Administrator/Desktop/GTNH/GT_New_Horizons_2.6.1_Server_Java_17-21/./mods/gtnhlib-0.2.11.jar!META-INF/rfb-plugin/gtnhlib.properties)
[23:42:57] [main/INFO] [LaunchWrapper]: Constructed RFB plugin hodgepodge@2.5.5 (Hodgepodge): com.mitchej123.hodgepodge.rfb.HodgepodgeRfbPlugin (jar:file:///C:/Users/Administrator/Desktop/GTNH/GT_New_Horizons_2.6.1_Server_Java_17-21/./mods/hodgepodge-2.5.5.jar!META-INF/rfb-plugin/hodgepodge.properties)
[23:42:57] [main/INFO] [LaunchWrapper]: Constructed RFB plugin java@21.0.1 (Java): com.gtnewhorizons.rfbplugins.compat.DummyJavaPlugin (jar:file:/C:/Users/Administrator/Desktop/GTNH/GT_New_Horizons_2.6.1_Server_Java_17-21/lwjgl3ify-forgePatches.jar!/com/gtnewhorizons/retrofuturabootstrap/plugin/PluginLoader.class)
[23:42:57] [main/INFO] [LaunchWrapper]: Constructed RFB plugin lwjgl3ify@2.0.9 (LWJGL3ify): me.eigenraven.lwjgl3ify.rfb.Lwjgl3ifyRfbPlugin (jar:file:///C:/Users/Administrator/Desktop/GTNH/GT_New_Horizons_2.6.1_Server_Java_17-21/./mods/lwjgl3ify-2.0.9.jar!META-INF/rfb-plugin/lwjgl3ify.properties)
[23:42:57] [main/INFO] [LaunchWrapper]: Constructed RFB plugin rfb@1.0.2 (RetroFuturaBootstrap): com.gtnewhorizons.rfbplugins.compat.DummyRfbPlugin (jar:file:/C:/Users/Administrator/Desktop/GTNH/GT_New_Horizons_2.6.1_Server_Java_17-21/lwjgl3ify-forgePatches.jar!/com/gtnewhorizons/retrofuturabootstrap/plugin/PluginLoader.class)
[23:42:57] [main/INFO] [LaunchWrapper]: Constructed RFB plugin rfb-asm-safety@1.0.2 (RFB ASM Safety): com.gtnewhorizons.rfbplugins.compat.AsmSafetyPlugin (jar:file:///C:/Users/Administrator/Desktop/GTNH/GT_New_Horizons_2.6.1_Server_Java_17-21/lwjgl3ify-forgePatches.jar!META-INF/rfb-plugin/rfb-asm-safety.properties)
[23:42:57] [main/INFO] [LaunchWrapper]: Constructed RFB plugin rfb-modern-java@1.0.2 (RFB modern Java compatibility plugin): com.gtnewhorizons.rfbplugins.compat.ModernJavaCompatibilityPlugin (jar:file:///C:/Users/Administrator/Desktop/GTNH/GT_New_Horizons_2.6.1_Server_Java_17-21/lwjgl3ify-forgePatches.jar!META-INF/rfb-plugin/rfb-modern-java.properties)
[23:42:57] [main/INFO] [LaunchWrapper]: Constructing tweaker cpw.mods.fml.common.launcher.FMLServerTweaker
[23:42:58] [main/INFO] [LaunchWrapper]: Installing tweaker cpw.mods.fml.common.launcher.FMLServerTweaker
[23:23:38] [main/INFO] [LaunchWrapper]: Successfully scanned 223 paths for RFB plugins.
[23:23:38] [main/INFO] [LaunchWrapper]: Constructed RFB plugin gtnhlib@0.2.11 (GTNHLib): com.gtnewhorizon.gtnhlib.rfb.GTNHLibRfbPlugin (jar:file:///C:/Users/Administrator/Desktop/GTNH/GT_New_Horizons_2.6.1_Server_Java_17-21/./mods/gtnhlib-0.2.11.jar!META-INF/rfb-plugin/gtnhlib.properties)
[23:23:38] [main/INFO] [LaunchWrapper]: Constructed RFB plugin hodgepodge@2.5.5 (Hodgepodge): com.mitchej123.hodgepodge.rfb.HodgepodgeRfbPlugin (jar:file:///C:/Users/Administrator/Desktop/GTNH/GT_New_Horizons_2.6.1_Server_Java_17-21/./mods/hodgepodge-2.5.5.jar!META-INF/rfb-plugin/hodgepodge.properties)
[23:23:38] [main/INFO] [LaunchWrapper]: Constructed RFB plugin java@21.0.1 (Java): com.gtnewhorizons.rfbplugins.compat.DummyJavaPlugin (jar:file:/C:/Users/Administrator/Desktop/GTNH/GT_New_Horizons_2.6.1_Server_Java_17-21/lwjgl3ify-forgePatches.jar!/com/gtnewhorizons/retrofuturabootstrap/plugin/PluginLoader.class)
[23:23:38] [main/INFO] [LaunchWrapper]: Constructed RFB plugin lwjgl3ify@2.0.9 (LWJGL3ify): me.eigenraven.lwjgl3ify.rfb.Lwjgl3ifyRfbPlugin (jar:file:///C:/Users/Administrator/Desktop/GTNH/GT_New_Horizons_2.6.1_Server_Java_17-21/./mods/lwjgl3ify-2.0.9.jar!META-INF/rfb-plugin/lwjgl3ify.properties)
[23:23:38] [main/INFO] [LaunchWrapper]: Constructed RFB plugin rfb@1.0.2 (RetroFuturaBootstrap): com.gtnewhorizons.rfbplugins.compat.DummyRfbPlugin (jar:file:/C:/Users/Administrator/Desktop/GTNH/GT_New_Horizons_2.6.1_Server_Java_17-21/lwjgl3ify-forgePatches.jar!/com/gtnewhorizons/retrofuturabootstrap/plugin/PluginLoader.class)
[23:23:38] [main/INFO] [LaunchWrapper]: Constructed RFB plugin rfb-asm-safety@1.0.2 (RFB ASM Safety): com.gtnewhorizons.rfbplugins.compat.AsmSafetyPlugin (jar:file:///C:/Users/Administrator/Desktop/GTNH/GT_New_Horizons_2.6.1_Server_Java_17-21/lwjgl3ify-forgePatches.jar!META-INF/rfb-plugin/rfb-asm-safety.properties)
[23:23:38] [main/INFO] [LaunchWrapper]: Constructed RFB plugin rfb-modern-java@1.0.2 (RFB modern Java compatibility plugin): com.gtnewhorizons.rfbplugins.compat.ModernJavaCompatibilityPlugin (jar:file:///C:/Users/Administrator/Desktop/GTNH/GT_New_Horizons_2.6.1_Server_Java_17-21/lwjgl3ify-forgePatches.jar!META-INF/rfb-plugin/rfb-modern-java.properties)
[23:23:38] [main/INFO] [LaunchWrapper]: Constructing tweaker cpw.mods.fml.common.launcher.FMLServerTweaker
[23:23:38] [main/INFO] [LaunchWrapper]: Installing tweaker cpw.mods.fml.common.launcher.FMLServerTweaker
[03:20:51] [main/INFO] [LaunchWrapper]: Successfully scanned 223 paths for RFB plugins.
[03:20:51] [main/INFO] [LaunchWrapper]: Constructed RFB plugin gtnhlib@0.2.11 (GTNHLib): com.gtnewhorizon.gtnhlib.rfb.GTNHLibRfbPlugin (jar:file:///C:/Users/Administrator/Desktop/GTNH/GT_New_Horizons_2.6.1_Server_Java_17-21/./mods/gtnhlib-0.2.11.jar!META-INF/rfb-plugin/gtnhlib.properties)
[03:20:51] [main/INFO] [LaunchWrapper]: Constructed RFB plugin hodgepodge@2.5.5 (Hodgepodge): com.mitchej123.hodgepodge.rfb.HodgepodgeRfbPlugin (jar:file:///C:/Users/Administrator/Desktop/GTNH/GT_New_Horizons_2.6.1_Server_Java_17-21/./mods/hodgepodge-2.5.5.jar!META-INF/rfb-plugin/hodgepodge.properties)
[03:20:51] [main/INFO] [LaunchWrapper]: Constructed RFB plugin java@21.0.1 (Java): com.gtnewhorizons.rfbplugins.compat.DummyJavaPlugin (jar:file:/C:/Users/Administrator/Desktop/GTNH/GT_New_Horizons_2.6.1_Server_Java_17-21/lwjgl3ify-forgePatches.jar!/com/gtnewhorizons/retrofuturabootstrap/plugin/PluginLoader.class)
[03:20:51] [main/INFO] [LaunchWrapper]: Constructed RFB plugin lwjgl3ify@2.0.9 (LWJGL3ify): me.eigenraven.lwjgl3ify.rfb.Lwjgl3ifyRfbPlugin (jar:file:///C:/Users/Administrator/Desktop/GTNH/GT_New_Horizons_2.6.1_Server_Java_17-21/./mods/lwjgl3ify-2.0.9.jar!META-INF/rfb-plugin/lwjgl3ify.properties)
[03:20:51] [main/INFO] [LaunchWrapper]: Constructed RFB plugin rfb@1.0.2 (RetroFuturaBootstrap): com.gtnewhorizons.rfbplugins.compat.DummyRfbPlugin (jar:file:/C:/Users/Administrator/Desktop/GTNH/GT_New_Horizons_2.6.1_Server_Java_17-21/lwjgl3ify-forgePatches.jar!/com/gtnewhorizons/retrofuturabootstrap/plugin/PluginLoader.class)
[03:20:51] [main/INFO] [LaunchWrapper]: Constructed RFB plugin rfb-asm-safety@1.0.2 (RFB ASM Safety): com.gtnewhorizons.rfbplugins.compat.AsmSafetyPlugin (jar:file:///C:/Users/Administrator/Desktop/GTNH/GT_New_Horizons_2.6.1_Server_Java_17-21/lwjgl3ify-forgePatches.jar!META-INF/rfb-plugin/rfb-asm-safety.properties)
[03:20:51] [main/INFO] [LaunchWrapper]: Constructed RFB plugin rfb-modern-java@1.0.2 (RFB modern Java compatibility plugin): com.gtnewhorizons.rfbplugins.compat.ModernJavaCompatibilityPlugin (jar:file:///C:/Users/Administrator/Desktop/GTNH/GT_New_Horizons_2.6.1_Server_Java_17-21/lwjgl3ify-forgePatches.jar!META-INF/rfb-plugin/rfb-modern-java.properties)
[03:20:51] [main/INFO] [LaunchWrapper]: Constructing tweaker cpw.mods.fml.common.launcher.FMLServerTweaker
[03:20:51] [main/INFO] [LaunchWrapper]: Installing tweaker cpw.mods.fml.common.launcher.FMLServerTweaker
[22:54:16] [main/INFO] [LaunchWrapper]: Successfully scanned 225 paths for RFB plugins.
[22:54:16] [main/INFO] [LaunchWrapper]: Constructed RFB plugin gtnhlib@0.2.11 (GTNHLib): com.gtnewhorizon.gtnhlib.rfb.GTNHLibRfbPlugin (jar:file:///C:/Users/Administrator/Desktop/GTNH/GT_New_Horizons_2.6.1_Server_Java_17-21/./mods/gtnhlib-0.2.11.jar!META-INF/rfb-plugin/gtnhlib.properties)
[22:54:16] [main/INFO] [LaunchWrapper]: Constructed RFB plugin hodgepodge@2.5.5 (Hodgepodge): com.mitchej123.hodgepodge.rfb.HodgepodgeRfbPlugin (jar:file:///C:/Users/Administrator/Desktop/GTNH/GT_New_Horizons_2.6.1_Server_Java_17-21/./mods/hodgepodge-2.5.5.jar!META-INF/rfb-plugin/hodgepodge.properties)
[22:54:16] [main/INFO] [LaunchWrapper]: Constructed RFB plugin java@21.0.1 (Java): com.gtnewhorizons.rfbplugins.compat.DummyJavaPlugin (jar:file:/C:/Users/Administrator/Desktop/GTNH/GT_New_Horizons_2.6.1_Server_Java_17-21/lwjgl3ify-forgePatches.jar!/com/gtnewhorizons/retrofuturabootstrap/plugin/PluginLoader.class)
[22:54:16] [main/INFO] [LaunchWrapper]: Constructed RFB plugin lwjgl3ify@2.0.9 (LWJGL3ify): me.eigenraven.lwjgl3ify.rfb.Lwjgl3ifyRfbPlugin (jar:file:///C:/Users/Administrator/Desktop/GTNH/GT_New_Horizons_2.6.1_Server_Java_17-21/./mods/lwjgl3ify-2.0.9.jar!META-INF/rfb-plugin/lwjgl3ify.properties)
[22:54:16] [main/INFO] [LaunchWrapper]: Constructed RFB plugin rfb@1.0.2 (RetroFuturaBootstrap): com.gtnewhorizons.rfbplugins.compat.DummyRfbPlugin (jar:file:/C:/Users/Administrator/Desktop/GTNH/GT_New_Horizons_2.6.1_Server_Java_17-21/lwjgl3ify-forgePatches.jar!/com/gtnewhorizons/retrofuturabootstrap/plugin/PluginLoader.class)
[22:54:16] [main/INFO] [LaunchWrapper]: Constructed RFB plugin rfb-asm-safety@1.0.2 (RFB ASM Safety): com.gtnewhorizons.rfbplugins.compat.AsmSafetyPlugin (jar:file:///C:/Users/Administrator/Desktop/GTNH/GT_New_Horizons_2.6.1_Server_Java_17-21/lwjgl3ify-forgePatches.jar!META-INF/rfb-plugin/rfb-asm-safety.properties)
[22:54:16] [main/INFO] [LaunchWrapper]: Constructed RFB plugin rfb-modern-java@1.0.2 (RFB modern Java compatibility plugin): com.gtnewhorizons.rfbplugins.compat.ModernJavaCompatibilityPlugin (jar:file:///C:/Users/Administrator/Desktop/GTNH/GT_New_Horizons_2.6.1_Server_Java_17-21/lwjgl3ify-forgePatches.jar!META-INF/rfb-plugin/rfb-modern-java.properties)
[22:54:16] [main/INFO] [LaunchWrapper]: Constructing tweaker cpw.mods.fml.common.launcher.FMLServerTweaker
[22:54:16] [main/INFO] [LaunchWrapper]: Installing tweaker cpw.mods.fml.common.launcher.FMLServerTweaker
[23:09:49] [main/INFO] [LaunchWrapper]: Successfully scanned 226 paths for RFB plugins.
[23:09:49] [main/INFO] [LaunchWrapper]: Constructed RFB plugin gtnhlib@0.2.11 (GTNHLib): com.gtnewhorizon.gtnhlib.rfb.GTNHLibRfbPlugin (jar:file:///C:/Users/Administrator/Desktop/GTNH/GT_New_Horizons_2.6.1_Server_Java_17-21/./mods/gtnhlib-0.2.11.jar!META-INF/rfb-plugin/gtnhlib.properties)
[23:09:49] [main/INFO] [LaunchWrapper]: Constructed RFB plugin hodgepodge@2.5.5 (Hodgepodge): com.mitchej123.hodgepodge.rfb.HodgepodgeRfbPlugin (jar:file:///C:/Users/Administrator/Desktop/GTNH/GT_New_Horizons_2.6.1_Server_Java_17-21/./mods/hodgepodge-2.5.5.jar!META-INF/rfb-plugin/hodgepodge.properties)
[23:09:49] [main/INFO] [LaunchWrapper]: Constructed RFB plugin java@21.0.1 (Java): com.gtnewhorizons.rfbplugins.compat.DummyJavaPlugin (jar:file:/C:/Users/Administrator/Desktop/GTNH/GT_New_Horizons_2.6.1_Server_Java_17-21/lwjgl3ify-forgePatches.jar!/com/gtnewhorizons/retrofuturabootstrap/plugin/PluginLoader.class)
[23:09:49] [main/INFO] [LaunchWrapper]: Constructed RFB plugin lwjgl3ify@2.0.9 (LWJGL3ify): me.eigenraven.lwjgl3ify.rfb.Lwjgl3ifyRfbPlugin (jar:file:///C:/Users/Administrator/Desktop/GTNH/GT_New_Horizons_2.6.1_Server_Java_17-21/./mods/lwjgl3ify-2.0.9.jar!META-INF/rfb-plugin/lwjgl3ify.properties)
[23:09:49] [main/INFO] [LaunchWrapper]: Constructed RFB plugin rfb@1.0.2 (RetroFuturaBootstrap): com.gtnewhorizons.rfbplugins.compat.DummyRfbPlugin (jar:file:/C:/Users/Administrator/Desktop/GTNH/GT_New_Horizons_2.6.1_Server_Java_17-21/lwjgl3ify-forgePatches.jar!/com/gtnewhorizons/retrofuturabootstrap/plugin/PluginLoader.class)
[23:09:49] [main/INFO] [LaunchWrapper]: Constructed RFB plugin rfb-asm-safety@1.0.2 (RFB ASM Safety): com.gtnewhorizons.rfbplugins.compat.AsmSafetyPlugin (jar:file:///C:/Users/Administrator/Desktop/GTNH/GT_New_Horizons_2.6.1_Server_Java_17-21/lwjgl3ify-forgePatches.jar!META-INF/rfb-plugin/rfb-asm-safety.properties)
[23:09:49] [main/INFO] [LaunchWrapper]: Constructed RFB plugin rfb-modern-java@1.0.2 (RFB modern Java compatibility plugin): com.gtnewhorizons.rfbplugins.compat.ModernJavaCompatibilityPlugin (jar:file:///C:/Users/Administrator/Desktop/GTNH/GT_New_Horizons_2.6.1_Server_Java_17-21/lwjgl3ify-forgePatches.jar!META-INF/rfb-plugin/rfb-modern-java.properties)
[23:09:49] [main/INFO] [LaunchWrapper]: Constructing tweaker cpw.mods.fml.common.launcher.FMLServerTweaker
[23:09:49] [main/INFO] [LaunchWrapper]: Installing tweaker cpw.mods.fml.common.launcher.FMLServerTweaker
[23:12:14] [main/INFO] [LaunchWrapper]: Successfully scanned 227 paths for RFB plugins.
[23:12:14] [main/INFO] [LaunchWrapper]: Constructed RFB plugin gtnhlib@0.2.11 (GTNHLib): com.gtnewhorizon.gtnhlib.rfb.GTNHLibRfbPlugin (jar:file:///C:/Users/Administrator/Desktop/GTNH/GT_New_Horizons_2.6.1_Server_Java_17-21/./mods/gtnhlib-0.2.11.jar!META-INF/rfb-plugin/gtnhlib.properties)
[23:12:14] [main/INFO] [LaunchWrapper]: Constructed RFB plugin hodgepodge@2.5.5 (Hodgepodge): com.mitchej123.hodgepodge.rfb.HodgepodgeRfbPlugin (jar:file:///C:/Users/Administrator/Desktop/GTNH/GT_New_Horizons_2.6.1_Server_Java_17-21/./mods/hodgepodge-2.5.5.jar!META-INF/rfb-plugin/hodgepodge.properties)
[23:12:14] [main/INFO] [LaunchWrapper]: Constructed RFB plugin java@21.0.1 (Java): com.gtnewhorizons.rfbplugins.compat.DummyJavaPlugin (jar:file:/C:/Users/Administrator/Desktop/GTNH/GT_New_Horizons_2.6.1_Server_Java_17-21/lwjgl3ify-forgePatches.jar!/com/gtnewhorizons/retrofuturabootstrap/plugin/PluginLoader.class)
[23:12:14] [main/INFO] [LaunchWrapper]: Constructed RFB plugin lwjgl3ify@2.0.9 (LWJGL3ify): me.eigenraven.lwjgl3ify.rfb.Lwjgl3ifyRfbPlugin (jar:file:///C:/Users/Administrator/Desktop/GTNH/GT_New_Horizons_2.6.1_Server_Java_17-21/./mods/lwjgl3ify-2.0.9.jar!META-INF/rfb-plugin/lwjgl3ify.properties)
[23:12:14] [main/INFO] [LaunchWrapper]: Constructed RFB plugin rfb@1.0.2 (RetroFuturaBootstrap): com.gtnewhorizons.rfbplugins.compat.DummyRfbPlugin (jar:file:/C:/Users/Administrator/Desktop/GTNH/GT_New_Horizons_2.6.1_Server_Java_17-21/lwjgl3ify-forgePatches.jar!/com/gtnewhorizons/retrofuturabootstrap/plugin/PluginLoader.class)
[23:12:14] [main/INFO] [LaunchWrapper]: Constructed RFB plugin rfb-asm-safety@1.0.2 (RFB ASM Safety): com.gtnewhorizons.rfbplugins.compat.AsmSafetyPlugin (jar:file:///C:/Users/Administrator/Desktop/GTNH/GT_New_Horizons_2.6.1_Server_Java_17-21/lwjgl3ify-forgePatches.jar!META-INF/rfb-plugin/rfb-asm-safety.properties)
[23:12:14] [main/INFO] [LaunchWrapper]: Constructed RFB plugin rfb-modern-java@1.0.2 (RFB modern Java compatibility plugin): com.gtnewhorizons.rfbplugins.compat.ModernJavaCompatibilityPlugin (jar:file:///C:/Users/Administrator/Desktop/GTNH/GT_New_Horizons_2.6.1_Server_Java_17-21/lwjgl3ify-forgePatches.jar!META-INF/rfb-plugin/rfb-modern-java.properties)
[23:12:14] [main/INFO] [LaunchWrapper]: Constructing tweaker cpw.mods.fml.common.launcher.FMLServerTweaker
[23:12:14] [main/INFO] [LaunchWrapper]: Installing tweaker cpw.mods.fml.common.launcher.FMLServerTweaker
[23:16:13] [main/INFO] [LaunchWrapper]: Successfully scanned 226 paths for RFB plugins.
[23:16:13] [main/INFO] [LaunchWrapper]: Constructed RFB plugin gtnhlib@0.2.11 (GTNHLib): com.gtnewhorizon.gtnhlib.rfb.GTNHLibRfbPlugin (jar:file:///C:/Users/Administrator/Desktop/GTNH/GT_New_Horizons_2.6.1_Server_Java_17-21/./mods/gtnhlib-0.2.11.jar!META-INF/rfb-plugin/gtnhlib.properties)
[23:16:13] [main/INFO] [LaunchWrapper]: Constructed RFB plugin hodgepodge@2.5.5 (Hodgepodge): com.mitchej123.hodgepodge.rfb.HodgepodgeRfbPlugin (jar:file:///C:/Users/Administrator/Desktop/GTNH/GT_New_Horizons_2.6.1_Server_Java_17-21/./mods/hodgepodge-2.5.5.jar!META-INF/rfb-plugin/hodgepodge.properties)
[23:16:13] [main/INFO] [LaunchWrapper]: Constructed RFB plugin java@21.0.1 (Java): com.gtnewhorizons.rfbplugins.compat.DummyJavaPlugin (jar:file:/C:/Users/Administrator/Desktop/GTNH/GT_New_Horizons_2.6.1_Server_Java_17-21/lwjgl3ify-forgePatches.jar!/com/gtnewhorizons/retrofuturabootstrap/plugin/PluginLoader.class)
[23:16:13] [main/INFO] [LaunchWrapper]: Constructed RFB plugin lwjgl3ify@2.0.9 (LWJGL3ify): me.eigenraven.lwjgl3ify.rfb.Lwjgl3ifyRfbPlugin (jar:file:///C:/Users/Administrator/Desktop/GTNH/GT_New_Horizons_2.6.1_Server_Java_17-21/./mods/lwjgl3ify-2.0.9.jar!META-INF/rfb-plugin/lwjgl3ify.properties)
[23:16:13] [main/INFO] [LaunchWrapper]: Constructed RFB plugin rfb@1.0.2 (RetroFuturaBootstrap): com.gtnewhorizons.rfbplugins.compat.DummyRfbPlugin (jar:file:/C:/Users/Administrator/Desktop/GTNH/GT_New_Horizons_2.6.1_Server_Java_17-21/lwjgl3ify-forgePatches.jar!/com/gtnewhorizons/retrofuturabootstrap/plugin/PluginLoader.class)
[23:16:13] [main/INFO] [LaunchWrapper]: Constructed RFB plugin rfb-asm-safety@1.0.2 (RFB ASM Safety): com.gtnewhorizons.rfbplugins.compat.AsmSafetyPlugin (jar:file:///C:/Users/Administrator/Desktop/GTNH/GT_New_Horizons_2.6.1_Server_Java_17-21/lwjgl3ify-forgePatches.jar!META-INF/rfb-plugin/rfb-asm-safety.properties)
[23:16:13] [main/INFO] [LaunchWrapper]: Constructed RFB plugin rfb-modern-java@1.0.2 (RFB modern Java compatibility plugin): com.gtnewhorizons.rfbplugins.compat.ModernJavaCompatibilityPlugin (jar:file:///C:/Users/Administrator/Desktop/GTNH/GT_New_Horizons_2.6.1_Server_Java_17-21/lwjgl3ify-forgePatches.jar!META-INF/rfb-plugin/rfb-modern-java.properties)
[23:16:13] [main/INFO] [LaunchWrapper]: Constructing tweaker cpw.mods.fml.common.launcher.FMLServerTweaker
[23:16:13] [main/INFO] [LaunchWrapper]: Installing tweaker cpw.mods.fml.common.launcher.FMLServerTweaker
[18:58:40] [main/INFO] [LaunchWrapper]: Successfully scanned 227 paths for RFB plugins.
[18:58:40] [main/INFO] [LaunchWrapper]: Constructed RFB plugin gtnhlib@0.2.11 (GTNHLib): com.gtnewhorizon.gtnhlib.rfb.GTNHLibRfbPlugin (jar:file:///C:/Users/Administrator/Desktop/GTNH/GT_New_Horizons_2.6.1_Server_Java_17-21/./mods/gtnhlib-0.2.11.jar!META-INF/rfb-plugin/gtnhlib.properties)
[18:58:40] [main/INFO] [LaunchWrapper]: Constructed RFB plugin hodgepodge@2.5.5 (Hodgepodge): com.mitchej123.hodgepodge.rfb.HodgepodgeRfbPlugin (jar:file:///C:/Users/Administrator/Desktop/GTNH/GT_New_Horizons_2.6.1_Server_Java_17-21/./mods/hodgepodge-2.5.5.jar!META-INF/rfb-plugin/hodgepodge.properties)
[18:58:40] [main/INFO] [LaunchWrapper]: Constructed RFB plugin java@21.0.1 (Java): com.gtnewhorizons.rfbplugins.compat.DummyJavaPlugin (jar:file:/C:/Users/Administrator/Desktop/GTNH/GT_New_Horizons_2.6.1_Server_Java_17-21/lwjgl3ify-forgePatches.jar!/com/gtnewhorizons/retrofuturabootstrap/plugin/PluginLoader.class)
[18:58:40] [main/INFO] [LaunchWrapper]: Constructed RFB plugin lwjgl3ify@2.0.9 (LWJGL3ify): me.eigenraven.lwjgl3ify.rfb.Lwjgl3ifyRfbPlugin (jar:file:///C:/Users/Administrator/Desktop/GTNH/GT_New_Horizons_2.6.1_Server_Java_17-21/./mods/lwjgl3ify-2.0.9.jar!META-INF/rfb-plugin/lwjgl3ify.properties)
[18:58:40] [main/INFO] [LaunchWrapper]: Constructed RFB plugin rfb@1.0.2 (RetroFuturaBootstrap): com.gtnewhorizons.rfbplugins.compat.DummyRfbPlugin (jar:file:/C:/Users/Administrator/Desktop/GTNH/GT_New_Horizons_2.6.1_Server_Java_17-21/lwjgl3ify-forgePatches.jar!/com/gtnewhorizons/retrofuturabootstrap/plugin/PluginLoader.class)
[18:58:40] [main/INFO] [LaunchWrapper]: Constructed RFB plugin rfb-asm-safety@1.0.2 (RFB ASM Safety): com.gtnewhorizons.rfbplugins.compat.AsmSafetyPlugin (jar:file:///C:/Users/Administrator/Desktop/GTNH/GT_New_Horizons_2.6.1_Server_Java_17-21/lwjgl3ify-forgePatches.jar!META-INF/rfb-plugin/rfb-asm-safety.properties)
[18:58:40] [main/INFO] [LaunchWrapper]: Constructed RFB plugin rfb-modern-java@1.0.2 (RFB modern Java compatibility plugin): com.gtnewhorizons.rfbplugins.compat.ModernJavaCompatibilityPlugin (jar:file:///C:/Users/Administrator/Desktop/GTNH/GT_New_Horizons_2.6.1_Server_Java_17-21/lwjgl3ify-forgePatches.jar!META-INF/rfb-plugin/rfb-modern-java.properties)
[18:58:40] [main/INFO] [LaunchWrapper]: Constructing tweaker cpw.mods.fml.common.launcher.FMLServerTweaker
[18:58:40] [main/INFO] [LaunchWrapper]: Installing tweaker cpw.mods.fml.common.launcher.FMLServerTweaker
[20:00:29] [main/INFO] [LaunchWrapper]: Successfully scanned 227 paths for RFB plugins.
[20:00:29] [main/INFO] [LaunchWrapper]: Constructed RFB plugin gtnhlib@0.2.11 (GTNHLib): com.gtnewhorizon.gtnhlib.rfb.GTNHLibRfbPlugin (jar:file:///C:/Users/Administrator/Desktop/GTNH/GT_New_Horizons_2.6.1_Server_Java_17-21/./mods/gtnhlib-0.2.11.jar!META-INF/rfb-plugin/gtnhlib.properties)
[20:00:29] [main/INFO] [LaunchWrapper]: Constructed RFB plugin hodgepodge@2.5.5 (Hodgepodge): com.mitchej123.hodgepodge.rfb.HodgepodgeRfbPlugin (jar:file:///C:/Users/Administrator/Desktop/GTNH/GT_New_Horizons_2.6.1_Server_Java_17-21/./mods/hodgepodge-2.5.5.jar!META-INF/rfb-plugin/hodgepodge.properties)
[20:00:29] [main/INFO] [LaunchWrapper]: Constructed RFB plugin java@21.0.1 (Java): com.gtnewhorizons.rfbplugins.compat.DummyJavaPlugin (jar:file:/C:/Users/Administrator/Desktop/GTNH/GT_New_Horizons_2.6.1_Server_Java_17-21/lwjgl3ify-forgePatches.jar!/com/gtnewhorizons/retrofuturabootstrap/plugin/PluginLoader.class)
[20:00:29] [main/INFO] [LaunchWrapper]: Constructed RFB plugin lwjgl3ify@2.0.9 (LWJGL3ify): me.eigenraven.lwjgl3ify.rfb.Lwjgl3ifyRfbPlugin (jar:file:///C:/Users/Administrator/Desktop/GTNH/GT_New_Horizons_2.6.1_Server_Java_17-21/./mods/lwjgl3ify-2.0.9.jar!META-INF/rfb-plugin/lwjgl3ify.properties)
[20:00:29] [main/INFO] [LaunchWrapper]: Constructed RFB plugin rfb@1.0.2 (RetroFuturaBootstrap): com.gtnewhorizons.rfbplugins.compat.DummyRfbPlugin (jar:file:/C:/Users/Administrator/Desktop/GTNH/GT_New_Horizons_2.6.1_Server_Java_17-21/lwjgl3ify-forgePatches.jar!/com/gtnewhorizons/retrofuturabootstrap/plugin/PluginLoader.class)
[20:00:29] [main/INFO] [LaunchWrapper]: Constructed RFB plugin rfb-asm-safety@1.0.2 (RFB ASM Safety): com.gtnewhorizons.rfbplugins.compat.AsmSafetyPlugin (jar:file:///C:/Users/Administrator/Desktop/GTNH/GT_New_Horizons_2.6.1_Server_Java_17-21/lwjgl3ify-forgePatches.jar!META-INF/rfb-plugin/rfb-asm-safety.properties)
[20:00:29] [main/INFO] [LaunchWrapper]: Constructed RFB plugin rfb-modern-java@1.0.2 (RFB modern Java compatibility plugin): com.gtnewhorizons.rfbplugins.compat.ModernJavaCompatibilityPlugin (jar:file:///C:/Users/Administrator/Desktop/GTNH/GT_New_Horizons_2.6.1_Server_Java_17-21/lwjgl3ify-forgePatches.jar!META-INF/rfb-plugin/rfb-modern-java.properties)
[20:00:29] [main/INFO] [LaunchWrapper]: Constructing tweaker cpw.mods.fml.common.launcher.FMLServerTweaker
[20:00:29] [main/INFO] [LaunchWrapper]: Installing tweaker cpw.mods.fml.common.launcher.FMLServerTweaker
[20:24:55] [main/INFO] [LaunchWrapper]: Successfully scanned 226 paths for RFB plugins.
[20:24:55] [main/INFO] [LaunchWrapper]: Constructed RFB plugin gtnhlib@0.2.11 (GTNHLib): com.gtnewhorizon.gtnhlib.rfb.GTNHLibRfbPlugin (jar:file:///C:/Users/Administrator/Desktop/GTNH/GT_New_Horizons_2.6.1_Server_Java_17-21/./mods/gtnhlib-0.2.11.jar!META-INF/rfb-plugin/gtnhlib.properties)
[20:24:55] [main/INFO] [LaunchWrapper]: Constructed RFB plugin hodgepodge@2.5.5 (Hodgepodge): com.mitchej123.hodgepodge.rfb.HodgepodgeRfbPlugin (jar:file:///C:/Users/Administrator/Desktop/GTNH/GT_New_Horizons_2.6.1_Server_Java_17-21/./mods/hodgepodge-2.5.5.jar!META-INF/rfb-plugin/hodgepodge.properties)
[20:24:55] [main/INFO] [LaunchWrapper]: Constructed RFB plugin java@21.0.1 (Java): com.gtnewhorizons.rfbplugins.compat.DummyJavaPlugin (jar:file:/C:/Users/Administrator/Desktop/GTNH/GT_New_Horizons_2.6.1_Server_Java_17-21/lwjgl3ify-forgePatches.jar!/com/gtnewhorizons/retrofuturabootstrap/plugin/PluginLoader.class)
[20:24:55] [main/INFO] [LaunchWrapper]: Constructed RFB plugin lwjgl3ify@2.0.9 (LWJGL3ify): me.eigenraven.lwjgl3ify.rfb.Lwjgl3ifyRfbPlugin (jar:file:///C:/Users/Administrator/Desktop/GTNH/GT_New_Horizons_2.6.1_Server_Java_17-21/./mods/lwjgl3ify-2.0.9.jar!META-INF/rfb-plugin/lwjgl3ify.properties)
[20:24:55] [main/INFO] [LaunchWrapper]: Constructed RFB plugin rfb@1.0.2 (RetroFuturaBootstrap): com.gtnewhorizons.rfbplugins.compat.DummyRfbPlugin (jar:file:/C:/Users/Administrator/Desktop/GTNH/GT_New_Horizons_2.6.1_Server_Java_17-21/lwjgl3ify-forgePatches.jar!/com/gtnewhorizons/retrofuturabootstrap/plugin/PluginLoader.class)
[20:24:55] [main/INFO] [LaunchWrapper]: Constructed RFB plugin rfb-asm-safety@1.0.2 (RFB ASM Safety): com.gtnewhorizons.rfbplugins.compat.AsmSafetyPlugin (jar:file:///C:/Users/Administrator/Desktop/GTNH/GT_New_Horizons_2.6.1_Server_Java_17-21/lwjgl3ify-forgePatches.jar!META-INF/rfb-plugin/rfb-asm-safety.properties)
[20:24:55] [main/INFO] [LaunchWrapper]: Constructed RFB plugin rfb-modern-java@1.0.2 (RFB modern Java compatibility plugin): com.gtnewhorizons.rfbplugins.compat.ModernJavaCompatibilityPlugin (jar:file:///C:/Users/Administrator/Desktop/GTNH/GT_New_Horizons_2.6.1_Server_Java_17-21/lwjgl3ify-forgePatches.jar!META-INF/rfb-plugin/rfb-modern-java.properties)
[20:24:56] [main/INFO] [LaunchWrapper]: Constructing tweaker cpw.mods.fml.common.launcher.FMLServerTweaker
[20:24:56] [main/INFO] [LaunchWrapper]: Installing tweaker cpw.mods.fml.common.launcher.FMLServerTweaker
[20:39:54] [main/INFO] [LaunchWrapper]: Successfully scanned 224 paths for RFB plugins.
[20:39:54] [main/INFO] [LaunchWrapper]: Constructed RFB plugin gtnhlib@0.2.11 (GTNHLib): com.gtnewhorizon.gtnhlib.rfb.GTNHLibRfbPlugin (jar:file:///C:/Users/Administrator/Desktop/GTNH/GT_New_Horizons_2.6.1_Server_Java_17-21/./mods/gtnhlib-0.2.11.jar!META-INF/rfb-plugin/gtnhlib.properties)
[20:39:54] [main/INFO] [LaunchWrapper]: Constructed RFB plugin hodgepodge@2.5.5 (Hodgepodge): com.mitchej123.hodgepodge.rfb.HodgepodgeRfbPlugin (jar:file:///C:/Users/Administrator/Desktop/GTNH/GT_New_Horizons_2.6.1_Server_Java_17-21/./mods/hodgepodge-2.5.5.jar!META-INF/rfb-plugin/hodgepodge.properties)
[20:39:54] [main/INFO] [LaunchWrapper]: Constructed RFB plugin java@21.0.1 (Java): com.gtnewhorizons.rfbplugins.compat.DummyJavaPlugin (jar:file:/C:/Users/Administrator/Desktop/GTNH/GT_New_Horizons_2.6.1_Server_Java_17-21/lwjgl3ify-forgePatches.jar!/com/gtnewhorizons/retrofuturabootstrap/plugin/PluginLoader.class)
[20:39:54] [main/INFO] [LaunchWrapper]: Constructed RFB plugin lwjgl3ify@2.0.9 (LWJGL3ify): me.eigenraven.lwjgl3ify.rfb.Lwjgl3ifyRfbPlugin (jar:file:///C:/Users/Administrator/Desktop/GTNH/GT_New_Horizons_2.6.1_Server_Java_17-21/./mods/lwjgl3ify-2.0.9.jar!META-INF/rfb-plugin/lwjgl3ify.properties)
[20:39:54] [main/INFO] [LaunchWrapper]: Constructed RFB plugin rfb@1.0.2 (RetroFuturaBootstrap): com.gtnewhorizons.rfbplugins.compat.DummyRfbPlugin (jar:file:/C:/Users/Administrator/Desktop/GTNH/GT_New_Horizons_2.6.1_Server_Java_17-21/lwjgl3ify-forgePatches.jar!/com/gtnewhorizons/retrofuturabootstrap/plugin/PluginLoader.class)
[20:39:54] [main/INFO] [LaunchWrapper]: Constructed RFB plugin rfb-asm-safety@1.0.2 (RFB ASM Safety): com.gtnewhorizons.rfbplugins.compat.AsmSafetyPlugin (jar:file:///C:/Users/Administrator/Desktop/GTNH/GT_New_Horizons_2.6.1_Server_Java_17-21/lwjgl3ify-forgePatches.jar!META-INF/rfb-plugin/rfb-asm-safety.properties)
[20:39:54] [main/INFO] [LaunchWrapper]: Constructed RFB plugin rfb-modern-java@1.0.2 (RFB modern Java compatibility plugin): com.gtnewhorizons.rfbplugins.compat.ModernJavaCompatibilityPlugin (jar:file:///C:/Users/Administrator/Desktop/GTNH/GT_New_Horizons_2.6.1_Server_Java_17-21/lwjgl3ify-forgePatches.jar!META-INF/rfb-plugin/rfb-modern-java.properties)
[20:39:54] [main/INFO] [LaunchWrapper]: Constructing tweaker cpw.mods.fml.common.launcher.FMLServerTweaker
[20:39:54] [main/INFO] [LaunchWrapper]: Installing tweaker cpw.mods.fml.common.launcher.FMLServerTweaker
[15:41:02] [main/INFO] [LaunchWrapper]: Successfully scanned 224 paths for RFB plugins.
[15:41:02] [main/INFO] [LaunchWrapper]: Constructed RFB plugin gtnhlib@0.2.11 (GTNHLib): com.gtnewhorizon.gtnhlib.rfb.GTNHLibRfbPlugin (jar:file:///C:/Users/Administrator/Desktop/GTNH/GT_New_Horizons_2.6.1_Server_Java_17-21/./mods/gtnhlib-0.2.11.jar!META-INF/rfb-plugin/gtnhlib.properties)
[15:41:02] [main/INFO] [LaunchWrapper]: Constructed RFB plugin hodgepodge@2.5.5 (Hodgepodge): com.mitchej123.hodgepodge.rfb.HodgepodgeRfbPlugin (jar:file:///C:/Users/Administrator/Desktop/GTNH/GT_New_Horizons_2.6.1_Server_Java_17-21/./mods/hodgepodge-2.5.5.jar!META-INF/rfb-plugin/hodgepodge.properties)
[15:41:02] [main/INFO] [LaunchWrapper]: Constructed RFB plugin java@21.0.1 (Java): com.gtnewhorizons.rfbplugins.compat.DummyJavaPlugin (jar:file:/C:/Users/Administrator/Desktop/GTNH/GT_New_Horizons_2.6.1_Server_Java_17-21/lwjgl3ify-forgePatches.jar!/com/gtnewhorizons/retrofuturabootstrap/plugin/PluginLoader.class)
[15:41:02] [main/INFO] [LaunchWrapper]: Constructed RFB plugin lwjgl3ify@2.0.9 (LWJGL3ify): me.eigenraven.lwjgl3ify.rfb.Lwjgl3ifyRfbPlugin (jar:file:///C:/Users/Administrator/Desktop/GTNH/GT_New_Horizons_2.6.1_Server_Java_17-21/./mods/lwjgl3ify-2.0.9.jar!META-INF/rfb-plugin/lwjgl3ify.properties)
[15:41:02] [main/INFO] [LaunchWrapper]: Constructed RFB plugin rfb@1.0.2 (RetroFuturaBootstrap): com.gtnewhorizons.rfbplugins.compat.DummyRfbPlugin (jar:file:/C:/Users/Administrator/Desktop/GTNH/GT_New_Horizons_2.6.1_Server_Java_17-21/lwjgl3ify-forgePatches.jar!/com/gtnewhorizons/retrofuturabootstrap/plugin/PluginLoader.class)
[15:41:02] [main/INFO] [LaunchWrapper]: Constructed RFB plugin rfb-asm-safety@1.0.2 (RFB ASM Safety): com.gtnewhorizons.rfbplugins.compat.AsmSafetyPlugin (jar:file:///C:/Users/Administrator/Desktop/GTNH/GT_New_Horizons_2.6.1_Server_Java_17-21/lwjgl3ify-forgePatches.jar!META-INF/rfb-plugin/rfb-asm-safety.properties)
[15:41:02] [main/INFO] [LaunchWrapper]: Constructed RFB plugin rfb-modern-java@1.0.2 (RFB modern Java compatibility plugin): com.gtnewhorizons.rfbplugins.compat.ModernJavaCompatibilityPlugin (jar:file:///C:/Users/Administrator/Desktop/GTNH/GT_New_Horizons_2.6.1_Server_Java_17-21/lwjgl3ify-forgePatches.jar!META-INF/rfb-plugin/rfb-modern-java.properties)
[15:41:02] [main/INFO] [LaunchWrapper]: Constructing tweaker cpw.mods.fml.common.launcher.FMLServerTweaker
[15:41:02] [main/INFO] [LaunchWrapper]: Installing tweaker cpw.mods.fml.common.launcher.FMLServerTweaker
[17:38:46] [main/INFO] [LaunchWrapper]: Successfully scanned 224 paths for RFB plugins.
[17:38:46] [main/INFO] [LaunchWrapper]: Constructed RFB plugin gtnhlib@0.2.11 (GTNHLib): com.gtnewhorizon.gtnhlib.rfb.GTNHLibRfbPlugin (jar:file:///C:/Users/Administrator/Desktop/GTNH/GT_New_Horizons_2.6.1_Server_Java_17-21/./mods/gtnhlib-0.2.11.jar!META-INF/rfb-plugin/gtnhlib.properties)
[17:38:46] [main/INFO] [LaunchWrapper]: Constructed RFB plugin hodgepodge@2.5.5 (Hodgepodge): com.mitchej123.hodgepodge.rfb.HodgepodgeRfbPlugin (jar:file:///C:/Users/Administrator/Desktop/GTNH/GT_New_Horizons_2.6.1_Server_Java_17-21/./mods/hodgepodge-2.5.5.jar!META-INF/rfb-plugin/hodgepodge.properties)
[17:38:46] [main/INFO] [LaunchWrapper]: Constructed RFB plugin java@21.0.1 (Java): com.gtnewhorizons.rfbplugins.compat.DummyJavaPlugin (jar:file:/C:/Users/Administrator/Desktop/GTNH/GT_New_Horizons_2.6.1_Server_Java_17-21/lwjgl3ify-forgePatches.jar!/com/gtnewhorizons/retrofuturabootstrap/plugin/PluginLoader.class)
[17:38:46] [main/INFO] [LaunchWrapper]: Constructed RFB plugin lwjgl3ify@2.0.9 (LWJGL3ify): me.eigenraven.lwjgl3ify.rfb.Lwjgl3ifyRfbPlugin (jar:file:///C:/Users/Administrator/Desktop/GTNH/GT_New_Horizons_2.6.1_Server_Java_17-21/./mods/lwjgl3ify-2.0.9.jar!META-INF/rfb-plugin/lwjgl3ify.properties)
[17:38:46] [main/INFO] [LaunchWrapper]: Constructed RFB plugin rfb@1.0.2 (RetroFuturaBootstrap): com.gtnewhorizons.rfbplugins.compat.DummyRfbPlugin (jar:file:/C:/Users/Administrator/Desktop/GTNH/GT_New_Horizons_2.6.1_Server_Java_17-21/lwjgl3ify-forgePatches.jar!/com/gtnewhorizons/retrofuturabootstrap/plugin/PluginLoader.class)
[17:38:46] [main/INFO] [LaunchWrapper]: Constructed RFB plugin rfb-asm-safety@1.0.2 (RFB ASM Safety): com.gtnewhorizons.rfbplugins.compat.AsmSafetyPlugin (jar:file:///C:/Users/Administrator/Desktop/GTNH/GT_New_Horizons_2.6.1_Server_Java_17-21/lwjgl3ify-forgePatches.jar!META-INF/rfb-plugin/rfb-asm-safety.properties)
[17:38:46] [main/INFO] [LaunchWrapper]: Constructed RFB plugin rfb-modern-java@1.0.2 (RFB modern Java compatibility plugin): com.gtnewhorizons.rfbplugins.compat.ModernJavaCompatibilityPlugin (jar:file:///C:/Users/Administrator/Desktop/GTNH/GT_New_Horizons_2.6.1_Server_Java_17-21/lwjgl3ify-forgePatches.jar!META-INF/rfb-plugin/rfb-modern-java.properties)
[17:38:46] [main/INFO] [LaunchWrapper]: Constructing tweaker cpw.mods.fml.common.launcher.FMLServerTweaker
[17:38:46] [main/INFO] [LaunchWrapper]: Installing tweaker cpw.mods.fml.common.launcher.FMLServerTweaker
[17:50:23] [main/INFO] [LaunchWrapper]: Successfully scanned 224 paths for RFB plugins.
[17:50:23] [main/INFO] [LaunchWrapper]: Constructed RFB plugin gtnhlib@0.2.11 (GTNHLib): com.gtnewhorizon.gtnhlib.rfb.GTNHLibRfbPlugin (jar:file:///C:/Users/Administrator/Desktop/GTNH/GT_New_Horizons_2.6.1_Server_Java_17-21/./mods/gtnhlib-0.2.11.jar!META-INF/rfb-plugin/gtnhlib.properties)
[17:50:23] [main/INFO] [LaunchWrapper]: Constructed RFB plugin hodgepodge@2.5.5 (Hodgepodge): com.mitchej123.hodgepodge.rfb.HodgepodgeRfbPlugin (jar:file:///C:/Users/Administrator/Desktop/GTNH/GT_New_Horizons_2.6.1_Server_Java_17-21/./mods/hodgepodge-2.5.5.jar!META-INF/rfb-plugin/hodgepodge.properties)
[17:50:23] [main/INFO] [LaunchWrapper]: Constructed RFB plugin java@21.0.1 (Java): com.gtnewhorizons.rfbplugins.compat.DummyJavaPlugin (jar:file:/C:/Users/Administrator/Desktop/GTNH/GT_New_Horizons_2.6.1_Server_Java_17-21/lwjgl3ify-forgePatches.jar!/com/gtnewhorizons/retrofuturabootstrap/plugin/PluginLoader.class)
[17:50:23] [main/INFO] [LaunchWrapper]: Constructed RFB plugin lwjgl3ify@2.0.9 (LWJGL3ify): me.eigenraven.lwjgl3ify.rfb.Lwjgl3ifyRfbPlugin (jar:file:///C:/Users/Administrator/Desktop/GTNH/GT_New_Horizons_2.6.1_Server_Java_17-21/./mods/lwjgl3ify-2.0.9.jar!META-INF/rfb-plugin/lwjgl3ify.properties)
[17:50:23] [main/INFO] [LaunchWrapper]: Constructed RFB plugin rfb@1.0.2 (RetroFuturaBootstrap): com.gtnewhorizons.rfbplugins.compat.DummyRfbPlugin (jar:file:/C:/Users/Administrator/Desktop/GTNH/GT_New_Horizons_2.6.1_Server_Java_17-21/lwjgl3ify-forgePatches.jar!/com/gtnewhorizons/retrofuturabootstrap/plugin/PluginLoader.class)
[17:50:23] [main/INFO] [LaunchWrapper]: Constructed RFB plugin rfb-asm-safety@1.0.2 (RFB ASM Safety): com.gtnewhorizons.rfbplugins.compat.AsmSafetyPlugin (jar:file:///C:/Users/Administrator/Desktop/GTNH/GT_New_Horizons_2.6.1_Server_Java_17-21/lwjgl3ify-forgePatches.jar!META-INF/rfb-plugin/rfb-asm-safety.properties)
[17:50:23] [main/INFO] [LaunchWrapper]: Constructed RFB plugin rfb-modern-java@1.0.2 (RFB modern Java compatibility plugin): com.gtnewhorizons.rfbplugins.compat.ModernJavaCompatibilityPlugin (jar:file:///C:/Users/Administrator/Desktop/GTNH/GT_New_Horizons_2.6.1_Server_Java_17-21/lwjgl3ify-forgePatches.jar!META-INF/rfb-plugin/rfb-modern-java.properties)
[17:50:23] [main/INFO] [LaunchWrapper]: Constructing tweaker cpw.mods.fml.common.launcher.FMLServerTweaker
[17:50:23] [main/INFO] [LaunchWrapper]: Installing tweaker cpw.mods.fml.common.launcher.FMLServerTweaker
[16:44:58] [main/INFO] [LaunchWrapper]: Successfully scanned 224 paths for RFB plugins.
[16:44:58] [main/INFO] [LaunchWrapper]: Constructed RFB plugin gtnhlib@0.2.11 (GTNHLib): com.gtnewhorizon.gtnhlib.rfb.GTNHLibRfbPlugin (jar:file:///C:/Users/Administrator/Desktop/GTNH/GT_New_Horizons_2.6.1_Server_Java_17-21/./mods/gtnhlib-0.2.11.jar!META-INF/rfb-plugin/gtnhlib.properties)
[16:44:58] [main/INFO] [LaunchWrapper]: Constructed RFB plugin hodgepodge@2.5.5 (Hodgepodge): com.mitchej123.hodgepodge.rfb.HodgepodgeRfbPlugin (jar:file:///C:/Users/Administrator/Desktop/GTNH/GT_New_Horizons_2.6.1_Server_Java_17-21/./mods/hodgepodge-2.5.5.jar!META-INF/rfb-plugin/hodgepodge.properties)
[16:44:58] [main/INFO] [LaunchWrapper]: Constructed RFB plugin java@21.0.1 (Java): com.gtnewhorizons.rfbplugins.compat.DummyJavaPlugin (jar:file:/C:/Users/Administrator/Desktop/GTNH/GT_New_Horizons_2.6.1_Server_Java_17-21/lwjgl3ify-forgePatches.jar!/com/gtnewhorizons/retrofuturabootstrap/plugin/PluginLoader.class)
[16:44:58] [main/INFO] [LaunchWrapper]: Constructed RFB plugin lwjgl3ify@2.0.9 (LWJGL3ify): me.eigenraven.lwjgl3ify.rfb.Lwjgl3ifyRfbPlugin (jar:file:///C:/Users/Administrator/Desktop/GTNH/GT_New_Horizons_2.6.1_Server_Java_17-21/./mods/lwjgl3ify-2.0.9.jar!META-INF/rfb-plugin/lwjgl3ify.properties)
[16:44:58] [main/INFO] [LaunchWrapper]: Constructed RFB plugin rfb@1.0.2 (RetroFuturaBootstrap): com.gtnewhorizons.rfbplugins.compat.DummyRfbPlugin (jar:file:/C:/Users/Administrator/Desktop/GTNH/GT_New_Horizons_2.6.1_Server_Java_17-21/lwjgl3ify-forgePatches.jar!/com/gtnewhorizons/retrofuturabootstrap/plugin/PluginLoader.class)
[16:44:58] [main/INFO] [LaunchWrapper]: Constructed RFB plugin rfb-asm-safety@1.0.2 (RFB ASM Safety): com.gtnewhorizons.rfbplugins.compat.AsmSafetyPlugin (jar:file:///C:/Users/Administrator/Desktop/GTNH/GT_New_Horizons_2.6.1_Server_Java_17-21/lwjgl3ify-forgePatches.jar!META-INF/rfb-plugin/rfb-asm-safety.properties)
[16:44:58] [main/INFO] [LaunchWrapper]: Constructed RFB plugin rfb-modern-java@1.0.2 (RFB modern Java compatibility plugin): com.gtnewhorizons.rfbplugins.compat.ModernJavaCompatibilityPlugin (jar:file:///C:/Users/Administrator/Desktop/GTNH/GT_New_Horizons_2.6.1_Server_Java_17-21/lwjgl3ify-forgePatches.jar!META-INF/rfb-plugin/rfb-modern-java.properties)
[16:44:58] [main/INFO] [LaunchWrapper]: Constructing tweaker cpw.mods.fml.common.launcher.FMLServerTweaker
[16:44:58] [main/INFO] [LaunchWrapper]: Installing tweaker cpw.mods.fml.common.launcher.FMLServerTweaker
[22:04:47] [main/INFO] [LaunchWrapper]: Successfully scanned 224 paths for RFB plugins.
[22:04:47] [main/INFO] [LaunchWrapper]: Constructed RFB plugin gtnhlib@0.2.11 (GTNHLib): com.gtnewhorizon.gtnhlib.rfb.GTNHLibRfbPlugin (jar:file:///C:/Users/Administrator/Desktop/GTNH/GT_New_Horizons_2.6.1_Server_Java_17-21/./mods/gtnhlib-0.2.11.jar!META-INF/rfb-plugin/gtnhlib.properties)
[22:04:47] [main/INFO] [LaunchWrapper]: Constructed RFB plugin hodgepodge@2.5.5 (Hodgepodge): com.mitchej123.hodgepodge.rfb.HodgepodgeRfbPlugin (jar:file:///C:/Users/Administrator/Desktop/GTNH/GT_New_Horizons_2.6.1_Server_Java_17-21/./mods/hodgepodge-2.5.5.jar!META-INF/rfb-plugin/hodgepodge.properties)
[22:04:47] [main/INFO] [LaunchWrapper]: Constructed RFB plugin java@21.0.1 (Java): com.gtnewhorizons.rfbplugins.compat.DummyJavaPlugin (jar:file:/C:/Users/Administrator/Desktop/GTNH/GT_New_Horizons_2.6.1_Server_Java_17-21/lwjgl3ify-forgePatches.jar!/com/gtnewhorizons/retrofuturabootstrap/plugin/PluginLoader.class)
[22:04:47] [main/INFO] [LaunchWrapper]: Constructed RFB plugin lwjgl3ify@2.0.9 (LWJGL3ify): me.eigenraven.lwjgl3ify.rfb.Lwjgl3ifyRfbPlugin (jar:file:///C:/Users/Administrator/Desktop/GTNH/GT_New_Horizons_2.6.1_Server_Java_17-21/./mods/lwjgl3ify-2.0.9.jar!META-INF/rfb-plugin/lwjgl3ify.properties)
[22:04:47] [main/INFO] [LaunchWrapper]: Constructed RFB plugin rfb@1.0.2 (RetroFuturaBootstrap): com.gtnewhorizons.rfbplugins.compat.DummyRfbPlugin (jar:file:/C:/Users/Administrator/Desktop/GTNH/GT_New_Horizons_2.6.1_Server_Java_17-21/lwjgl3ify-forgePatches.jar!/com/gtnewhorizons/retrofuturabootstrap/plugin/PluginLoader.class)
[22:04:47] [main/INFO] [LaunchWrapper]: Constructed RFB plugin rfb-asm-safety@1.0.2 (RFB ASM Safety): com.gtnewhorizons.rfbplugins.compat.AsmSafetyPlugin (jar:file:///C:/Users/Administrator/Desktop/GTNH/GT_New_Horizons_2.6.1_Server_Java_17-21/lwjgl3ify-forgePatches.jar!META-INF/rfb-plugin/rfb-asm-safety.properties)
[22:04:47] [main/INFO] [LaunchWrapper]: Constructed RFB plugin rfb-modern-java@1.0.2 (RFB modern Java compatibility plugin): com.gtnewhorizons.rfbplugins.compat.ModernJavaCompatibilityPlugin (jar:file:///C:/Users/Administrator/Desktop/GTNH/GT_New_Horizons_2.6.1_Server_Java_17-21/lwjgl3ify-forgePatches.jar!META-INF/rfb-plugin/rfb-modern-java.properties)
[22:04:47] [main/INFO] [LaunchWrapper]: Constructing tweaker cpw.mods.fml.common.launcher.FMLServerTweaker
[22:04:47] [main/INFO] [LaunchWrapper]: Installing tweaker cpw.mods.fml.common.launcher.FMLServerTweaker
