10.08.2024 01:08:41.670 - [eu.usrv.legacylootgames.LootGamesDungeonLogger][INFO] - == LootGames logger initialized ==
10.08.2024 01:10:52.020 - [eu.usrv.legacylootgames.LootGamesDungeonLogger][INFO] - == LootGames logger initialized ==
10.08.2024 01:12:58.002 - [eu.usrv.legacylootgames.LootGamesDungeonLogger][INFO] - PuzzleDungeon spawned at -24 46 -488 in Dimension 0
10.08.2024 01:13:03.176 - [eu.usrv.legacylootgames.LootGamesDungeonLogger][INFO] - PuzzleDungeon spawned at 248 63 -552 in Dimension 0
10.08.2024 01:13:04.024 - [eu.usrv.legacylootgames.LootGamesDungeonLogger][INFO] - PuzzleDungeon spawned at 296 78 -456 in Dimension 0
10.08.2024 01:13:04.143 - [eu.usrv.legacylootgames.LootGamesDungeonLogger][INFO] - PuzzleDungeon spawned at 296 33 -296 in Dimension 0
10.08.2024 01:38:26.326 - [eu.usrv.legacylootgames.LootGamesDungeonLogger][INFO] - == LootGames logger initialized ==
10.08.2024 02:18:56.339 - [eu.usrv.legacylootgames.LootGamesDungeonLogger][INFO] - == LootGames logger initialized ==
10.08.2024 02:22:57.076 - [eu.usrv.legacylootgames.LootGamesDungeonLogger][INFO] - == LootGames logger initialized ==
10.08.2024 02:51:16.670 - [eu.usrv.legacylootgames.LootGamesDungeonLogger][INFO] - == LootGames logger initialized ==
10.08.2024 03:08:15.624 - [eu.usrv.legacylootgames.LootGamesDungeonLogger][INFO] - == LootGames logger initialized ==
10.08.2024 03:12:47.645 - [eu.usrv.legacylootgames.LootGamesDungeonLogger][INFO] - == LootGames logger initialized ==
10.08.2024 03:23:22.820 - [eu.usrv.legacylootgames.LootGamesDungeonLogger][INFO] - PuzzleDungeon spawned at 40 54 -328 in Dimension 0
10.08.2024 03:24:06.663 - [eu.usrv.legacylootgames.LootGamesDungeonLogger][INFO] - PuzzleDungeon spawned at 40 42 -168 in Dimension 0
10.08.2024 03:24:06.742 - [eu.usrv.legacylootgames.LootGamesDungeonLogger][INFO] - PuzzleDungeon spawned at -120 46 -168 in Dimension 0
10.08.2024 06:34:42.943 - [eu.usrv.legacylootgames.LootGamesDungeonLogger][INFO] - PuzzleDungeon spawned at 168 52 -40 in Dimension 0
10.08.2024 06:37:07.427 - [eu.usrv.legacylootgames.LootGamesDungeonLogger][INFO] - PuzzleDungeon spawned at -88 38 88 in Dimension 0
10.08.2024 06:43:37.454 - [eu.usrv.legacylootgames.LootGamesDungeonLogger][INFO] - PuzzleDungeon spawned at 72 54 456 in Dimension 0
10.08.2024 06:45:43.681 - [eu.usrv.legacylootgames.LootGamesDungeonLogger][INFO] - PuzzleDungeon spawned at 376 57 -56 in Dimension 0
10.08.2024 06:46:33.744 - [eu.usrv.legacylootgames.LootGamesDungeonLogger][INFO] - PuzzleDungeon spawned at 440 54 88 in Dimension 0
10.08.2024 06:48:40.855 - [eu.usrv.legacylootgames.LootGamesDungeonLogger][INFO] - PuzzleDungeon spawned at 552 67 216 in Dimension 0
10.08.2024 06:48:50.136 - [eu.usrv.legacylootgames.LootGamesDungeonLogger][INFO] - PuzzleDungeon spawned at 824 76 168 in Dimension 0
10.08.2024 06:49:22.652 - [eu.usrv.legacylootgames.LootGamesDungeonLogger][INFO] - PuzzleDungeon spawned at 840 118 344 in Dimension 0
10.08.2024 06:50:57.932 - [eu.usrv.legacylootgames.LootGamesDungeonLogger][INFO] - PuzzleDungeon spawned at 856 80 520 in Dimension 0
10.08.2024 06:51:07.741 - [eu.usrv.legacylootgames.LootGamesDungeonLogger][INFO] - PuzzleDungeon spawned at 1016 64 360 in Dimension 0
10.08.2024 06:51:58.166 - [eu.usrv.legacylootgames.LootGamesDungeonLogger][INFO] - PuzzleDungeon spawned at 920 52 680 in Dimension 0
10.08.2024 06:55:01.047 - [eu.usrv.legacylootgames.LootGamesDungeonLogger][INFO] - PuzzleDungeon spawned at 1336 108 1176 in Dimension 0
10.08.2024 06:55:34.226 - [eu.usrv.legacylootgames.LootGamesDungeonLogger][INFO] - PuzzleDungeon spawned at 1112 59 1224 in Dimension 0
10.08.2024 06:55:34.341 - [eu.usrv.legacylootgames.LootGamesDungeonLogger][INFO] - PuzzleDungeon spawned at 1112 54 1112 in Dimension 0
10.08.2024 06:55:58.026 - [eu.usrv.legacylootgames.LootGamesDungeonLogger][INFO] - PuzzleDungeon spawned at 1400 66 1336 in Dimension 0
10.08.2024 06:57:06.581 - [eu.usrv.legacylootgames.LootGamesDungeonLogger][INFO] - PuzzleDungeon spawned at 1112 55 1400 in Dimension 0
10.08.2024 06:59:37.303 - [eu.usrv.legacylootgames.LootGamesDungeonLogger][INFO] - PuzzleDungeon spawned at 1496 54 1496 in Dimension 0
10.08.2024 07:00:03.733 - [eu.usrv.legacylootgames.LootGamesDungeonLogger][INFO] - PuzzleDungeon spawned at 1592 50 1176 in Dimension 0
10.08.2024 07:00:39.516 - [eu.usrv.legacylootgames.LootGamesDungeonLogger][INFO] - PuzzleDungeon spawned at 1880 50 1112 in Dimension 0
10.08.2024 07:02:11.153 - [eu.usrv.legacylootgames.LootGamesDungeonLogger][INFO] - PuzzleDungeon spawned at 1880 54 1480 in Dimension 0
10.08.2024 07:02:52.634 - [eu.usrv.legacylootgames.LootGamesDungeonLogger][INFO] - PuzzleDungeon spawned at 1928 56 1624 in Dimension 0
10.08.2024 07:22:15.558 - [eu.usrv.legacylootgames.LootGamesDungeonLogger][INFO] - PuzzleDungeon spawned at 1768 68 1784 in Dimension 0
10.08.2024 07:22:51.802 - [eu.usrv.legacylootgames.LootGamesDungeonLogger][INFO] - PuzzleDungeon spawned at 1560 48 1704 in Dimension 0
10.08.2024 07:22:56.707 - [eu.usrv.legacylootgames.LootGamesDungeonLogger][INFO] - PuzzleDungeon spawned at 1560 14 1800 in Dimension 0
10.08.2024 07:23:42.455 - [eu.usrv.legacylootgames.LootGamesDungeonLogger][INFO] - PuzzleDungeon spawned at 1848 82 1928 in Dimension 0
10.08.2024 07:24:54.984 - [eu.usrv.legacylootgames.LootGamesDungeonLogger][INFO] - PuzzleDungeon spawned at 1848 118 2024 in Dimension 0
10.08.2024 07:51:32.101 - [eu.usrv.legacylootgames.LootGamesDungeonLogger][INFO] - PuzzleDungeon spawned at 1288 62 1752 in Dimension 0
10.08.2024 07:51:32.205 - [eu.usrv.legacylootgames.LootGamesDungeonLogger][INFO] - PuzzleDungeon spawned at 1288 51 1656 in Dimension 0
10.08.2024 07:54:11.373 - [eu.usrv.legacylootgames.LootGamesDungeonLogger][INFO] - PuzzleDungeon spawned at 1016 60 1720 in Dimension 0
10.08.2024 10:20:31.536 - [eu.usrv.legacylootgames.LootGamesDungeonLogger][INFO] - PuzzleDungeon spawned at 2056 118 1752 in Dimension 0
10.08.2024 10:47:15.026 - [eu.usrv.legacylootgames.LootGamesDungeonLogger][INFO] - PuzzleDungeon spawned at 2248 50 1560 in Dimension 0
10.08.2024 10:47:47.232 - [eu.usrv.legacylootgames.LootGamesDungeonLogger][INFO] - PuzzleDungeon spawned at 2136 69 1432 in Dimension 0
10.08.2024 10:47:56.141 - [eu.usrv.legacylootgames.LootGamesDungeonLogger][INFO] - PuzzleDungeon spawned at 2328 79 1688 in Dimension 0
11.08.2024 01:55:35.287 - [eu.usrv.legacylootgames.LootGamesDungeonLogger][INFO] - == LootGames logger initialized ==
11.08.2024 03:02:44.066 - [eu.usrv.legacylootgames.LootGamesDungeonLogger][INFO] - == LootGames logger initialized ==
11.08.2024 03:48:01.086 - [eu.usrv.legacylootgames.LootGamesDungeonLogger][INFO] - PuzzleDungeon spawned at 1496 46 1016 in Dimension 0
11.08.2024 03:50:20.411 - [eu.usrv.legacylootgames.LootGamesDungeonLogger][INFO] - PuzzleDungeon spawned at 1448 48 856 in Dimension 0
11.08.2024 05:30:56.742 - [eu.usrv.legacylootgames.LootGamesDungeonLogger][INFO] - PuzzleDungeon spawned at 2328 55 1800 in Dimension 0
11.08.2024 05:31:50.654 - [eu.usrv.legacylootgames.LootGamesDungeonLogger][INFO] - PuzzleDungeon spawned at 2120 53 2072 in Dimension 0
11.08.2024 10:52:24.904 - [eu.usrv.legacylootgames.LootGamesDungeonLogger][INFO] - PuzzleDungeon spawned at 1176 51 2088 in Dimension 0
11.08.2024 10:52:59.518 - [eu.usrv.legacylootgames.LootGamesDungeonLogger][INFO] - PuzzleDungeon spawned at 1080 53 1944 in Dimension 0
11.08.2024 10:53:39.079 - [eu.usrv.legacylootgames.LootGamesDungeonLogger][INFO] - PuzzleDungeon spawned at 808 48 1992 in Dimension 0
11.08.2024 10:54:46.945 - [eu.usrv.legacylootgames.LootGamesDungeonLogger][INFO] - PuzzleDungeon spawned at 680 57 1960 in Dimension 0
11.08.2024 10:55:27.239 - [eu.usrv.legacylootgames.LootGamesDungeonLogger][INFO] - PuzzleDungeon spawned at 792 53 1640 in Dimension 0
12.08.2024 10:42:38.775 - [eu.usrv.legacylootgames.LootGamesDungeonLogger][INFO] - == LootGames logger initialized ==
13.08.2024 11:19:38.698 - [eu.usrv.legacylootgames.LootGamesDungeonLogger][INFO] - PuzzleDungeon spawned at 1576 51 1976 in Dimension 0
13.08.2024 12:06:16.017 - [eu.usrv.legacylootgames.LootGamesDungeonLogger][INFO] - PuzzleDungeon spawned at 1944 51 2072 in Dimension 0
13.08.2024 12:08:40.023 - [eu.usrv.legacylootgames.LootGamesDungeonLogger][INFO] - PuzzleDungeon spawned at 2008 54 2408 in Dimension 0
13.08.2024 12:09:00.044 - [eu.usrv.legacylootgames.LootGamesDungeonLogger][INFO] - PuzzleDungeon spawned at 2024 39 2488 in Dimension 0
13.08.2024 10:50:52.054 - [eu.usrv.legacylootgames.LootGamesDungeonLogger][INFO] - PuzzleDungeon spawned at 1208 64 2168 in Dimension 0
13.08.2024 10:51:14.109 - [eu.usrv.legacylootgames.LootGamesDungeonLogger][INFO] - PuzzleDungeon spawned at 1240 60 2248 in Dimension 0
14.08.2024 07:41:58.452 - [eu.usrv.legacylootgames.LootGamesDungeonLogger][INFO] - == LootGames logger initialized ==
14.08.2024 10:15:03.609 - [eu.usrv.legacylootgames.LootGamesDungeonLogger][INFO] - == LootGames logger initialized ==
16.08.2024 10:47:53.691 - [eu.usrv.legacylootgames.LootGamesDungeonLogger][INFO] - PuzzleDungeon spawned at 2552 47 1752 in Dimension 0
16.08.2024 10:50:47.409 - [eu.usrv.legacylootgames.LootGamesDungeonLogger][INFO] - PuzzleDungeon spawned at 2376 25 1208 in Dimension 0
16.08.2024 10:51:14.343 - [eu.usrv.legacylootgames.LootGamesDungeonLogger][INFO] - PuzzleDungeon spawned at 2248 51 1032 in Dimension 0
16.08.2024 10:56:37.973 - [eu.usrv.legacylootgames.LootGamesDungeonLogger][INFO] - PuzzleDungeon spawned at 2088 48 1192 in Dimension 0
16.08.2024 11:21:05.204 - [eu.usrv.legacylootgames.LootGamesDungeonLogger][INFO] - PuzzleDungeon spawned at 2008 51 2584 in Dimension 0
16.08.2024 11:21:34.335 - [eu.usrv.legacylootgames.LootGamesDungeonLogger][INFO] - PuzzleDungeon spawned at 2024 55 2680 in Dimension 0
16.08.2024 11:21:56.926 - [eu.usrv.legacylootgames.LootGamesDungeonLogger][INFO] - PuzzleDungeon spawned at 2248 63 2776 in Dimension 0
16.08.2024 11:22:10.970 - [eu.usrv.legacylootgames.LootGamesDungeonLogger][INFO] - PuzzleDungeon spawned at 2328 53 2824 in Dimension 0
16.08.2024 11:22:23.388 - [eu.usrv.legacylootgames.LootGamesDungeonLogger][INFO] - PuzzleDungeon spawned at 2360 55 2904 in Dimension 0
16.08.2024 11:22:34.598 - [eu.usrv.legacylootgames.LootGamesDungeonLogger][INFO] - PuzzleDungeon spawned at 2408 49 2968 in Dimension 0
16.08.2024 11:22:34.680 - [eu.usrv.legacylootgames.LootGamesDungeonLogger][INFO] - PuzzleDungeon spawned at 2408 58 3064 in Dimension 0
16.08.2024 11:24:45.287 - [eu.usrv.legacylootgames.LootGamesDungeonLogger][INFO] - PuzzleDungeon spawned at 2296 54 3384 in Dimension 0
16.08.2024 11:25:56.122 - [eu.usrv.legacylootgames.LootGamesDungeonLogger][INFO] - PuzzleDungeon spawned at 2296 55 3656 in Dimension 0
16.08.2024 11:26:14.394 - [eu.usrv.legacylootgames.LootGamesDungeonLogger][INFO] - PuzzleDungeon spawned at 2328 52 3736 in Dimension 0
16.08.2024 11:27:42.233 - [eu.usrv.legacylootgames.LootGamesDungeonLogger][INFO] - PuzzleDungeon spawned at 2376 42 3800 in Dimension 0
16.08.2024 11:28:09.890 - [eu.usrv.legacylootgames.LootGamesDungeonLogger][INFO] - PuzzleDungeon spawned at 2376 45 3896 in Dimension 0
16.08.2024 11:29:40.081 - [eu.usrv.legacylootgames.LootGamesDungeonLogger][INFO] - PuzzleDungeon spawned at 2008 55 3976 in Dimension 0
22.08.2024 02:51:38.173 - [eu.usrv.legacylootgames.LootGamesDungeonLogger][INFO] - PuzzleDungeon spawned at 1816 49 952 in Dimension 0
22.08.2024 02:52:16.470 - [eu.usrv.legacylootgames.LootGamesDungeonLogger][INFO] - PuzzleDungeon spawned at 1960 58 808 in Dimension 0
22.08.2024 02:52:47.650 - [eu.usrv.legacylootgames.LootGamesDungeonLogger][INFO] - PuzzleDungeon spawned at 1912 51 648 in Dimension 0
22.08.2024 02:53:59.406 - [eu.usrv.legacylootgames.LootGamesDungeonLogger][INFO] - PuzzleDungeon spawned at 2184 47 600 in Dimension 0
22.08.2024 02:55:00.620 - [eu.usrv.legacylootgames.LootGamesDungeonLogger][INFO] - PuzzleDungeon spawned at 2184 56 408 in Dimension 0
22.08.2024 03:22:49.111 - [eu.usrv.legacylootgames.LootGamesDungeonLogger][INFO] - PuzzleDungeon spawned at 1080 58 2040 in Dimension 0
22.08.2024 03:23:06.252 - [eu.usrv.legacylootgames.LootGamesDungeonLogger][INFO] - PuzzleDungeon spawned at 1256 52 2328 in Dimension 0
22.08.2024 03:24:04.678 - [eu.usrv.legacylootgames.LootGamesDungeonLogger][INFO] - PuzzleDungeon spawned at 760 37 2472 in Dimension 0
22.08.2024 03:24:09.793 - [eu.usrv.legacylootgames.LootGamesDungeonLogger][INFO] - PuzzleDungeon spawned at 712 50 2408 in Dimension 0
22.08.2024 03:24:10.576 - [eu.usrv.legacylootgames.LootGamesDungeonLogger][INFO] - PuzzleDungeon spawned at 760 30 2568 in Dimension 0
22.08.2024 03:24:11.933 - [eu.usrv.legacylootgames.LootGamesDungeonLogger][INFO] - PuzzleDungeon spawned at 696 48 2328 in Dimension 0
22.08.2024 03:24:24.497 - [eu.usrv.legacylootgames.LootGamesDungeonLogger][INFO] - PuzzleDungeon spawned at 872 49 2600 in Dimension 0
22.08.2024 03:26:56.436 - [eu.usrv.legacylootgames.LootGamesDungeonLogger][INFO] - PuzzleDungeon spawned at 872 53 2792 in Dimension 0
22.08.2024 03:27:19.193 - [eu.usrv.legacylootgames.LootGamesDungeonLogger][INFO] - PuzzleDungeon spawned at 1048 36 2600 in Dimension 0
22.08.2024 03:28:00.304 - [eu.usrv.legacylootgames.LootGamesDungeonLogger][INFO] - PuzzleDungeon spawned at 920 40 2952 in Dimension 0
22.08.2024 03:28:31.242 - [eu.usrv.legacylootgames.LootGamesDungeonLogger][INFO] - PuzzleDungeon spawned at 1160 66 3016 in Dimension 0
22.08.2024 03:28:36.001 - [eu.usrv.legacylootgames.LootGamesDungeonLogger][INFO] - PuzzleDungeon spawned at 952 51 3032 in Dimension 0
22.08.2024 03:28:47.163 - [eu.usrv.legacylootgames.LootGamesDungeonLogger][INFO] - PuzzleDungeon spawned at 1208 54 3176 in Dimension 0
22.08.2024 03:29:02.685 - [eu.usrv.legacylootgames.LootGamesDungeonLogger][INFO] - PuzzleDungeon spawned at 1144 51 3336 in Dimension 0
22.08.2024 03:29:11.830 - [eu.usrv.legacylootgames.LootGamesDungeonLogger][INFO] - PuzzleDungeon spawned at 936 50 3224 in Dimension 0
22.08.2024 03:30:08.362 - [eu.usrv.legacylootgames.LootGamesDungeonLogger][INFO] - PuzzleDungeon spawned at 1256 52 3368 in Dimension 0
22.08.2024 03:30:13.504 - [eu.usrv.legacylootgames.LootGamesDungeonLogger][INFO] - PuzzleDungeon spawned at 1272 52 3448 in Dimension 0
22.08.2024 09:32:55.213 - [eu.usrv.legacylootgames.LootGamesDungeonLogger][INFO] - PuzzleDungeon spawned at 2200 44 872 in Dimension 0
27.08.2024 02:06:46.248 - [eu.usrv.legacylootgames.LootGamesDungeonLogger][INFO] - PuzzleDungeon spawned at 1640 53 2312 in Dimension 0
27.08.2024 02:06:46.355 - [eu.usrv.legacylootgames.LootGamesDungeonLogger][INFO] - PuzzleDungeon spawned at 1464 51 2312 in Dimension 0
27.08.2024 02:07:51.985 - [eu.usrv.legacylootgames.LootGamesDungeonLogger][INFO] - PuzzleDungeon spawned at 1528 51 2632 in Dimension 0
27.08.2024 02:08:14.358 - [eu.usrv.legacylootgames.LootGamesDungeonLogger][INFO] - PuzzleDungeon spawned at 1336 20 2824 in Dimension 0
27.08.2024 02:09:05.070 - [eu.usrv.legacylootgames.LootGamesDungeonLogger][INFO] - PuzzleDungeon spawned at 1256 15 2680 in Dimension 0
27.08.2024 02:10:29.445 - [eu.usrv.legacylootgames.LootGamesDungeonLogger][INFO] - PuzzleDungeon spawned at 568 46 2824 in Dimension 0
27.08.2024 02:10:30.190 - [eu.usrv.legacylootgames.LootGamesDungeonLogger][INFO] - PuzzleDungeon spawned at 664 49 2984 in Dimension 0
27.08.2024 02:13:14.011 - [eu.usrv.legacylootgames.LootGamesDungeonLogger][INFO] - PuzzleDungeon spawned at 408 59 3000 in Dimension 0
28.08.2024 11:35:56.939 - [eu.usrv.legacylootgames.LootGamesDungeonLogger][INFO] - PuzzleDungeon spawned at 392 54 2648 in Dimension 0
28.08.2024 11:36:30.295 - [eu.usrv.legacylootgames.LootGamesDungeonLogger][INFO] - PuzzleDungeon spawned at 120 70 2696 in Dimension 0
28.08.2024 11:36:31.800 - [eu.usrv.legacylootgames.LootGamesDungeonLogger][INFO] - PuzzleDungeon spawned at 104 50 2616 in Dimension 0
28.08.2024 11:36:40.259 - [eu.usrv.legacylootgames.LootGamesDungeonLogger][INFO] - PuzzleDungeon spawned at 8 54 2472 in Dimension 0
28.08.2024 11:36:41.790 - [eu.usrv.legacylootgames.LootGamesDungeonLogger][INFO] - PuzzleDungeon spawned at 8 64 2568 in Dimension 0
28.08.2024 11:37:46.293 - [eu.usrv.legacylootgames.LootGamesDungeonLogger][INFO] - PuzzleDungeon spawned at -760 58 2408 in Dimension 0
28.08.2024 11:38:03.807 - [eu.usrv.legacylootgames.LootGamesDungeonLogger][INFO] - PuzzleDungeon spawned at -808 52 2360 in Dimension 0
28.08.2024 11:38:05.340 - [eu.usrv.legacylootgames.LootGamesDungeonLogger][INFO] - PuzzleDungeon spawned at -824 54 2264 in Dimension 0
28.08.2024 11:38:36.086 - [eu.usrv.legacylootgames.LootGamesDungeonLogger][INFO] - PuzzleDungeon spawned at -1048 58 2296 in Dimension 0
28.08.2024 11:38:37.618 - [eu.usrv.legacylootgames.LootGamesDungeonLogger][INFO] - PuzzleDungeon spawned at -1064 48 2216 in Dimension 0
28.08.2024 11:39:03.258 - [eu.usrv.legacylootgames.LootGamesDungeonLogger][INFO] - PuzzleDungeon spawned at -1320 80 2344 in Dimension 0
28.08.2024 11:39:18.328 - [eu.usrv.legacylootgames.LootGamesDungeonLogger][INFO] - PuzzleDungeon spawned at -1368 49 2280 in Dimension 0
28.08.2024 11:39:23.993 - [eu.usrv.legacylootgames.LootGamesDungeonLogger][INFO] - PuzzleDungeon spawned at -1368 52 2104 in Dimension 0
28.08.2024 11:40:43.637 - [eu.usrv.legacylootgames.LootGamesDungeonLogger][INFO] - PuzzleDungeon spawned at -1096 51 2056 in Dimension 0
28.08.2024 11:41:05.912 - [eu.usrv.legacylootgames.LootGamesDungeonLogger][INFO] - PuzzleDungeon spawned at -1160 45 1896 in Dimension 0
28.08.2024 11:41:19.639 - [eu.usrv.legacylootgames.LootGamesDungeonLogger][INFO] - PuzzleDungeon spawned at -1016 78 1752 in Dimension 0
28.08.2024 11:41:35.400 - [eu.usrv.legacylootgames.LootGamesDungeonLogger][INFO] - PuzzleDungeon spawned at -1064 48 1592 in Dimension 0
28.08.2024 11:41:39.191 - [eu.usrv.legacylootgames.LootGamesDungeonLogger][INFO] - PuzzleDungeon spawned at -1576 46 2280 in Dimension 0
28.08.2024 11:41:45.642 - [eu.usrv.legacylootgames.LootGamesDungeonLogger][INFO] - PuzzleDungeon spawned at -1656 48 2136 in Dimension 0
28.08.2024 11:41:46.681 - [eu.usrv.legacylootgames.LootGamesDungeonLogger][INFO] - PuzzleDungeon spawned at -1080 44 1480 in Dimension 0
28.08.2024 11:41:48.109 - [eu.usrv.legacylootgames.LootGamesDungeonLogger][INFO] - PuzzleDungeon spawned at -1192 42 1464 in Dimension 0
28.08.2024 11:42:44.684 - [eu.usrv.legacylootgames.LootGamesDungeonLogger][INFO] - PuzzleDungeon spawned at -1272 63 1144 in Dimension 0
28.08.2024 11:43:49.237 - [eu.usrv.legacylootgames.LootGamesDungeonLogger][INFO] - PuzzleDungeon spawned at -1528 54 1000 in Dimension 0
28.08.2024 11:53:41.482 - [eu.usrv.legacylootgames.LootGamesDungeonLogger][INFO] - PuzzleDungeon spawned at -1368 44 1448 in Dimension 0
28.08.2024 11:53:43.083 - [eu.usrv.legacylootgames.LootGamesDungeonLogger][INFO] - PuzzleDungeon spawned at -1576 51 1464 in Dimension 0
31.08.2024 08:01:36.288 - [eu.usrv.legacylootgames.LootGamesDungeonLogger][INFO] - PuzzleDungeon spawned at 424 15 2008 in Dimension 0
31.08.2024 08:01:44.304 - [eu.usrv.legacylootgames.LootGamesDungeonLogger][INFO] - PuzzleDungeon spawned at 424 44 2184 in Dimension 0
31.08.2024 10:09:47.868 - [eu.usrv.legacylootgames.LootGamesDungeonLogger][INFO] - PuzzleDungeon spawned at 472 48 2344 in Dimension 0
31.08.2024 10:13:30.978 - [eu.usrv.legacylootgames.LootGamesDungeonLogger][INFO] - PuzzleDungeon spawned at -376 51 2680 in Dimension 0
31.08.2024 10:13:39.661 - [eu.usrv.legacylootgames.LootGamesDungeonLogger][INFO] - PuzzleDungeon spawned at -392 49 2872 in Dimension 0
31.08.2024 10:14:35.844 - [eu.usrv.legacylootgames.LootGamesDungeonLogger][INFO] - PuzzleDungeon spawned at -600 55 2888 in Dimension 0
31.08.2024 10:14:43.044 - [eu.usrv.legacylootgames.LootGamesDungeonLogger][INFO] - PuzzleDungeon spawned at -648 60 2728 in Dimension 0
31.08.2024 10:15:11.547 - [eu.usrv.legacylootgames.LootGamesDungeonLogger][INFO] - PuzzleDungeon spawned at -648 57 2536 in Dimension 0
31.08.2024 10:15:22.989 - [eu.usrv.legacylootgames.LootGamesDungeonLogger][INFO] - PuzzleDungeon spawned at -872 50 2744 in Dimension 0
31.08.2024 10:17:04.036 - [eu.usrv.legacylootgames.LootGamesDungeonLogger][INFO] - PuzzleDungeon spawned at -1128 54 2600 in Dimension 0
31.08.2024 10:17:54.215 - [eu.usrv.legacylootgames.LootGamesDungeonLogger][INFO] - PuzzleDungeon spawned at -1304 55 2424 in Dimension 0
31.08.2024 10:20:16.032 - [eu.usrv.legacylootgames.LootGamesDungeonLogger][INFO] - PuzzleDungeon spawned at -1384 51 2728 in Dimension 0
31.08.2024 10:20:36.860 - [eu.usrv.legacylootgames.LootGamesDungeonLogger][INFO] - PuzzleDungeon spawned at -1688 28 2696 in Dimension 0
31.08.2024 10:21:05.205 - [eu.usrv.legacylootgames.LootGamesDungeonLogger][INFO] - PuzzleDungeon spawned at -1784 24 2568 in Dimension 0
31.08.2024 10:21:05.276 - [eu.usrv.legacylootgames.LootGamesDungeonLogger][INFO] - PuzzleDungeon spawned at -1784 20 2664 in Dimension 0
31.08.2024 10:21:08.408 - [eu.usrv.legacylootgames.LootGamesDungeonLogger][INFO] - PuzzleDungeon spawned at -1832 49 2504 in Dimension 0
31.08.2024 10:21:21.456 - [eu.usrv.legacylootgames.LootGamesDungeonLogger][INFO] - PuzzleDungeon spawned at -1848 49 2344 in Dimension 0
31.08.2024 10:21:58.263 - [eu.usrv.legacylootgames.LootGamesDungeonLogger][INFO] - PuzzleDungeon spawned at -2136 18 2120 in Dimension 0
31.08.2024 10:22:24.951 - [eu.usrv.legacylootgames.LootGamesDungeonLogger][INFO] - PuzzleDungeon spawned at -2312 53 2200 in Dimension 0
31.08.2024 10:22:28.580 - [eu.usrv.legacylootgames.LootGamesDungeonLogger][INFO] - PuzzleDungeon spawned at -2344 59 2120 in Dimension 0
31.08.2024 10:22:31.806 - [eu.usrv.legacylootgames.LootGamesDungeonLogger][INFO] - PuzzleDungeon spawned at -2376 47 2040 in Dimension 0
31.08.2024 10:23:02.223 - [eu.usrv.legacylootgames.LootGamesDungeonLogger][INFO] - PuzzleDungeon spawned at -2408 55 1880 in Dimension 0
31.08.2024 10:23:47.097 - [eu.usrv.legacylootgames.LootGamesDungeonLogger][INFO] - PuzzleDungeon spawned at -2792 67 1960 in Dimension 0
31.08.2024 10:23:59.128 - [eu.usrv.legacylootgames.LootGamesDungeonLogger][INFO] - PuzzleDungeon spawned at -2904 57 1928 in Dimension 0
31.08.2024 10:23:59.169 - [eu.usrv.legacylootgames.LootGamesDungeonLogger][INFO] - PuzzleDungeon spawned at -2904 60 1832 in Dimension 0
31.08.2024 10:25:12.556 - [eu.usrv.legacylootgames.LootGamesDungeonLogger][INFO] - PuzzleDungeon spawned at -3176 53 1704 in Dimension 0
31.08.2024 10:25:12.676 - [eu.usrv.legacylootgames.LootGamesDungeonLogger][INFO] - PuzzleDungeon spawned at -3176 53 1880 in Dimension 0
31.08.2024 10:25:42.784 - [eu.usrv.legacylootgames.LootGamesDungeonLogger][INFO] - PuzzleDungeon spawned at -3464 60 1768 in Dimension 0
31.08.2024 10:25:51.423 - [eu.usrv.legacylootgames.LootGamesDungeonLogger][INFO] - PuzzleDungeon spawned at -3544 43 1704 in Dimension 0
31.08.2024 10:27:57.880 - [eu.usrv.legacylootgames.LootGamesDungeonLogger][INFO] - PuzzleDungeon spawned at -3912 59 1960 in Dimension 0
31.08.2024 10:28:02.536 - [eu.usrv.legacylootgames.LootGamesDungeonLogger][INFO] - PuzzleDungeon spawned at -4136 52 1816 in Dimension 0
31.08.2024 10:28:04.310 - [eu.usrv.legacylootgames.LootGamesDungeonLogger][INFO] - PuzzleDungeon spawned at -4184 55 1752 in Dimension 0
31.08.2024 10:28:05.892 - [eu.usrv.legacylootgames.LootGamesDungeonLogger][INFO] - PuzzleDungeon spawned at -4136 55 1992 in Dimension 0
31.08.2024 10:28:45.948 - [eu.usrv.legacylootgames.LootGamesDungeonLogger][INFO] - PuzzleDungeon spawned at -4408 56 2056 in Dimension 0
31.08.2024 10:29:01.176 - [eu.usrv.legacylootgames.LootGamesDungeonLogger][INFO] - PuzzleDungeon spawned at -4616 52 2232 in Dimension 0
31.08.2024 10:29:01.373 - [eu.usrv.legacylootgames.LootGamesDungeonLogger][INFO] - PuzzleDungeon spawned at -4536 53 2312 in Dimension 0
31.08.2024 10:29:11.739 - [eu.usrv.legacylootgames.LootGamesDungeonLogger][INFO] - PuzzleDungeon spawned at -4616 40 2056 in Dimension 0
31.08.2024 10:30:06.614 - [eu.usrv.legacylootgames.LootGamesDungeonLogger][INFO] - PuzzleDungeon spawned at -4744 50 2488 in Dimension 0
31.08.2024 10:30:34.617 - [eu.usrv.legacylootgames.LootGamesDungeonLogger][INFO] - PuzzleDungeon spawned at -5000 57 2504 in Dimension 0
31.08.2024 10:30:55.249 - [eu.usrv.legacylootgames.LootGamesDungeonLogger][INFO] - PuzzleDungeon spawned at -5208 61 2520 in Dimension 0
31.08.2024 10:31:31.598 - [eu.usrv.legacylootgames.LootGamesDungeonLogger][INFO] - PuzzleDungeon spawned at -5128 60 2760 in Dimension 0
31.08.2024 10:31:45.867 - [eu.usrv.legacylootgames.LootGamesDungeonLogger][INFO] - PuzzleDungeon spawned at -5336 19 2776 in Dimension 0
31.08.2024 10:31:46.145 - [eu.usrv.legacylootgames.LootGamesDungeonLogger][INFO] - PuzzleDungeon spawned at -5096 61 2840 in Dimension 0
31.08.2024 10:32:42.301 - [eu.usrv.legacylootgames.LootGamesDungeonLogger][INFO] - PuzzleDungeon spawned at -5448 51 3304 in Dimension 0
31.08.2024 10:33:21.607 - [eu.usrv.legacylootgames.LootGamesDungeonLogger][INFO] - PuzzleDungeon spawned at -5624 59 3672 in Dimension 0
31.08.2024 10:34:20.155 - [eu.usrv.legacylootgames.LootGamesDungeonLogger][INFO] - PuzzleDungeon spawned at -5336 59 3704 in Dimension 0
31.08.2024 10:34:56.017 - [eu.usrv.legacylootgames.LootGamesDungeonLogger][INFO] - PuzzleDungeon spawned at -5720 28 3976 in Dimension 0
31.08.2024 10:34:57.049 - [eu.usrv.legacylootgames.LootGamesDungeonLogger][INFO] - PuzzleDungeon spawned at -5704 60 4072 in Dimension 0
31.08.2024 10:35:02.066 - [eu.usrv.legacylootgames.LootGamesDungeonLogger][INFO] - PuzzleDungeon spawned at -5672 55 4136 in Dimension 0
31.08.2024 10:35:17.485 - [eu.usrv.legacylootgames.LootGamesDungeonLogger][INFO] - PuzzleDungeon spawned at -5640 46 4216 in Dimension 0
31.08.2024 10:35:33.076 - [eu.usrv.legacylootgames.LootGamesDungeonLogger][INFO] - PuzzleDungeon spawned at -5928 52 4008 in Dimension 0
31.08.2024 10:35:46.254 - [eu.usrv.legacylootgames.LootGamesDungeonLogger][INFO] - PuzzleDungeon spawned at -6040 52 4328 in Dimension 0
31.08.2024 10:36:07.628 - [eu.usrv.legacylootgames.LootGamesDungeonLogger][INFO] - PuzzleDungeon spawned at -6024 21 4504 in Dimension 0
31.08.2024 10:36:16.287 - [eu.usrv.legacylootgames.LootGamesDungeonLogger][INFO] - PuzzleDungeon spawned at -6232 19 4520 in Dimension 0
31.08.2024 10:36:25.835 - [eu.usrv.legacylootgames.LootGamesDungeonLogger][INFO] - PuzzleDungeon spawned at -6312 55 4376 in Dimension 0
31.08.2024 10:37:03.895 - [eu.usrv.legacylootgames.LootGamesDungeonLogger][INFO] - PuzzleDungeon spawned at -6312 53 4280 in Dimension 0
31.08.2024 10:37:14.336 - [eu.usrv.legacylootgames.LootGamesDungeonLogger][INFO] - PuzzleDungeon spawned at -6408 48 4232 in Dimension 0
31.08.2024 10:37:40.539 - [eu.usrv.legacylootgames.LootGamesDungeonLogger][INFO] - PuzzleDungeon spawned at -6488 51 4088 in Dimension 0
31.08.2024 10:38:01.267 - [eu.usrv.legacylootgames.LootGamesDungeonLogger][INFO] - PuzzleDungeon spawned at -6808 55 4136 in Dimension 0
31.08.2024 10:38:15.454 - [eu.usrv.legacylootgames.LootGamesDungeonLogger][INFO] - PuzzleDungeon spawned at -6888 54 3992 in Dimension 0
31.08.2024 10:38:15.550 - [eu.usrv.legacylootgames.LootGamesDungeonLogger][INFO] - PuzzleDungeon spawned at -6872 52 4088 in Dimension 0
31.08.2024 10:38:27.886 - [eu.usrv.legacylootgames.LootGamesDungeonLogger][INFO] - PuzzleDungeon spawned at -7000 64 3976 in Dimension 0
31.08.2024 10:38:54.621 - [eu.usrv.legacylootgames.LootGamesDungeonLogger][INFO] - PuzzleDungeon spawned at -7272 58 3928 in Dimension 0
31.08.2024 10:39:18.959 - [eu.usrv.legacylootgames.LootGamesDungeonLogger][INFO] - PuzzleDungeon spawned at -7288 54 3752 in Dimension 0
31.08.2024 10:39:48.263 - [eu.usrv.legacylootgames.LootGamesDungeonLogger][INFO] - PuzzleDungeon spawned at -7304 60 3464 in Dimension 0
31.08.2024 10:40:35.655 - [eu.usrv.legacylootgames.LootGamesDungeonLogger][INFO] - PuzzleDungeon spawned at -7592 61 3096 in Dimension 0
31.08.2024 10:41:01.177 - [eu.usrv.legacylootgames.LootGamesDungeonLogger][INFO] - PuzzleDungeon spawned at -7608 48 2920 in Dimension 0
31.08.2024 10:41:50.598 - [eu.usrv.legacylootgames.LootGamesDungeonLogger][INFO] - PuzzleDungeon spawned at -7592 58 2728 in Dimension 0
31.08.2024 10:41:57.987 - [eu.usrv.legacylootgames.LootGamesDungeonLogger][INFO] - PuzzleDungeon spawned at -7624 53 2648 in Dimension 0
31.08.2024 10:42:03.350 - [eu.usrv.legacylootgames.LootGamesDungeonLogger][INFO] - PuzzleDungeon spawned at -7672 53 2584 in Dimension 0
31.08.2024 10:42:11.803 - [eu.usrv.legacylootgames.LootGamesDungeonLogger][INFO] - PuzzleDungeon spawned at -7672 55 2488 in Dimension 0
31.08.2024 10:42:41.333 - [eu.usrv.legacylootgames.LootGamesDungeonLogger][INFO] - PuzzleDungeon spawned at -7576 46 2184 in Dimension 0
31.08.2024 10:43:16.875 - [eu.usrv.legacylootgames.LootGamesDungeonLogger][INFO] - PuzzleDungeon spawned at -7736 25 1800 in Dimension 0
31.08.2024 10:43:29.812 - [eu.usrv.legacylootgames.LootGamesDungeonLogger][INFO] - PuzzleDungeon spawned at -7464 46 1848 in Dimension 0
31.08.2024 10:43:29.837 - [eu.usrv.legacylootgames.LootGamesDungeonLogger][INFO] - PuzzleDungeon spawned at -7464 51 1752 in Dimension 0
31.08.2024 10:43:35.757 - [eu.usrv.legacylootgames.LootGamesDungeonLogger][INFO] - PuzzleDungeon spawned at -7544 52 1624 in Dimension 0
31.08.2024 10:44:10.101 - [eu.usrv.legacylootgames.LootGamesDungeonLogger][INFO] - PuzzleDungeon spawned at -7576 63 1272 in Dimension 0
31.08.2024 10:44:52.592 - [eu.usrv.legacylootgames.LootGamesDungeonLogger][INFO] - PuzzleDungeon spawned at -7480 66 840 in Dimension 0
31.08.2024 10:44:56.976 - [eu.usrv.legacylootgames.LootGamesDungeonLogger][INFO] - PuzzleDungeon spawned at -7528 49 792 in Dimension 0
31.08.2024 10:45:24.871 - [eu.usrv.legacylootgames.LootGamesDungeonLogger][INFO] - PuzzleDungeon spawned at -7656 62 696 in Dimension 0
31.08.2024 10:45:46.061 - [eu.usrv.legacylootgames.LootGamesDungeonLogger][INFO] - PuzzleDungeon spawned at -7656 55 520 in Dimension 0
31.08.2024 10:46:03.164 - [eu.usrv.legacylootgames.LootGamesDungeonLogger][INFO] - PuzzleDungeon spawned at -7704 62 360 in Dimension 0
31.08.2024 10:46:40.008 - [eu.usrv.legacylootgames.LootGamesDungeonLogger][INFO] - PuzzleDungeon spawned at -7624 56 56 in Dimension 0
31.08.2024 10:47:02.962 - [eu.usrv.legacylootgames.LootGamesDungeonLogger][INFO] - PuzzleDungeon spawned at -7608 28 -136 in Dimension 0
31.08.2024 10:47:23.386 - [eu.usrv.legacylootgames.LootGamesDungeonLogger][INFO] - PuzzleDungeon spawned at -6136 21 3544 in Dimension 0
31.08.2024 10:47:23.524 - [eu.usrv.legacylootgames.LootGamesDungeonLogger][INFO] - PuzzleDungeon spawned at -6184 13 3384 in Dimension 0
31.08.2024 10:47:43.434 - [eu.usrv.legacylootgames.LootGamesDungeonLogger][INFO] - PuzzleDungeon spawned at -9240 59 328 in Dimension 0
31.08.2024 10:49:17.848 - [eu.usrv.legacylootgames.LootGamesDungeonLogger][INFO] - PuzzleDungeon spawned at -9480 61 264 in Dimension 0
31.08.2024 10:49:35.108 - [eu.usrv.legacylootgames.LootGamesDungeonLogger][INFO] - PuzzleDungeon spawned at -9352 47 648 in Dimension 0
31.08.2024 10:49:36.966 - [eu.usrv.legacylootgames.LootGamesDungeonLogger][INFO] - PuzzleDungeon spawned at -9560 53 664 in Dimension 0
31.08.2024 10:50:07.132 - [eu.usrv.legacylootgames.LootGamesDungeonLogger][INFO] - PuzzleDungeon spawned at -9560 44 936 in Dimension 0
31.08.2024 10:50:09.202 - [eu.usrv.legacylootgames.LootGamesDungeonLogger][INFO] - PuzzleDungeon spawned at -9768 53 936 in Dimension 0
31.08.2024 10:50:15.722 - [eu.usrv.legacylootgames.LootGamesDungeonLogger][INFO] - PuzzleDungeon spawned at -9560 51 1016 in Dimension 0
31.08.2024 10:50:39.821 - [eu.usrv.legacylootgames.LootGamesDungeonLogger][INFO] - PuzzleDungeon spawned at -9880 55 1256 in Dimension 0
31.08.2024 10:50:57.019 - [eu.usrv.legacylootgames.LootGamesDungeonLogger][INFO] - PuzzleDungeon spawned at -9864 46 1432 in Dimension 0
31.08.2024 10:51:05.878 - [eu.usrv.legacylootgames.LootGamesDungeonLogger][INFO] - PuzzleDungeon spawned at -9864 42 1528 in Dimension 0
31.08.2024 10:51:27.885 - [eu.usrv.legacylootgames.LootGamesDungeonLogger][INFO] - PuzzleDungeon spawned at -9800 55 1768 in Dimension 0
31.08.2024 10:51:37.989 - [eu.usrv.legacylootgames.LootGamesDungeonLogger][INFO] - PuzzleDungeon spawned at -9800 55 1864 in Dimension 0
31.08.2024 10:51:39.459 - [eu.usrv.legacylootgames.LootGamesDungeonLogger][INFO] - PuzzleDungeon spawned at -9688 64 1880 in Dimension 0
31.08.2024 10:52:34.677 - [eu.usrv.legacylootgames.LootGamesDungeonLogger][INFO] - PuzzleDungeon spawned at -9800 51 2216 in Dimension 0
31.08.2024 10:52:54.892 - [eu.usrv.legacylootgames.LootGamesDungeonLogger][INFO] - PuzzleDungeon spawned at -10120 92 2296 in Dimension 0
31.08.2024 10:53:11.316 - [eu.usrv.legacylootgames.LootGamesDungeonLogger][INFO] - PuzzleDungeon spawned at -10264 57 2440 in Dimension 0
31.08.2024 10:53:31.869 - [eu.usrv.legacylootgames.LootGamesDungeonLogger][INFO] - PuzzleDungeon spawned at -10216 46 2600 in Dimension 0
31.08.2024 10:53:55.815 - [eu.usrv.legacylootgames.LootGamesDungeonLogger][INFO] - PuzzleDungeon spawned at -10488 49 2648 in Dimension 0
31.08.2024 10:54:07.952 - [eu.usrv.legacylootgames.LootGamesDungeonLogger][INFO] - PuzzleDungeon spawned at -10456 52 2840 in Dimension 0
31.08.2024 10:54:16.580 - [eu.usrv.legacylootgames.LootGamesDungeonLogger][INFO] - PuzzleDungeon spawned at -10424 49 2904 in Dimension 0
31.08.2024 10:54:37.541 - [eu.usrv.legacylootgames.LootGamesDungeonLogger][INFO] - PuzzleDungeon spawned at -10776 20 3064 in Dimension 0
31.08.2024 10:55:10.540 - [eu.usrv.legacylootgames.LootGamesDungeonLogger][INFO] - PuzzleDungeon spawned at -10792 20 3256 in Dimension 0
31.08.2024 10:55:15.656 - [eu.usrv.legacylootgames.LootGamesDungeonLogger][INFO] - PuzzleDungeon spawned at -11000 12 3272 in Dimension 0
31.08.2024 10:55:45.779 - [eu.usrv.legacylootgames.LootGamesDungeonLogger][INFO] - PuzzleDungeon spawned at -11160 50 3432 in Dimension 0
31.08.2024 10:56:01.126 - [eu.usrv.legacylootgames.LootGamesDungeonLogger][INFO] - PuzzleDungeon spawned at -11080 58 3576 in Dimension 0
31.08.2024 10:56:16.507 - [eu.usrv.legacylootgames.LootGamesDungeonLogger][INFO] - PuzzleDungeon spawned at -11096 51 3704 in Dimension 0
31.08.2024 10:56:46.082 - [eu.usrv.legacylootgames.LootGamesDungeonLogger][INFO] - PuzzleDungeon spawned at -11288 51 3960 in Dimension 0
31.08.2024 10:57:07.529 - [eu.usrv.legacylootgames.LootGamesDungeonLogger][INFO] - PuzzleDungeon spawned at -11464 51 3960 in Dimension 0
31.08.2024 10:57:20.321 - [eu.usrv.legacylootgames.LootGamesDungeonLogger][INFO] - PuzzleDungeon spawned at -11400 60 4296 in Dimension 0
31.08.2024 10:59:09.364 - [eu.usrv.legacylootgames.LootGamesDungeonLogger][INFO] - PuzzleDungeon spawned at -11368 51 3656 in Dimension 0
31.08.2024 10:59:21.458 - [eu.usrv.legacylootgames.LootGamesDungeonLogger][INFO] - PuzzleDungeon spawned at -11496 58 3528 in Dimension 0
31.08.2024 10:59:40.654 - [eu.usrv.legacylootgames.LootGamesDungeonLogger][INFO] - PuzzleDungeon spawned at -11272 54 3336 in Dimension 0
31.08.2024 10:59:59.335 - [eu.usrv.legacylootgames.LootGamesDungeonLogger][INFO] - PuzzleDungeon spawned at -11304 57 3144 in Dimension 0
31.08.2024 11:00:04.060 - [eu.usrv.legacylootgames.LootGamesDungeonLogger][INFO] - PuzzleDungeon spawned at -11352 51 3096 in Dimension 0
31.08.2024 11:00:11.541 - [eu.usrv.legacylootgames.LootGamesDungeonLogger][INFO] - PuzzleDungeon spawned at -11576 57 3032 in Dimension 0
31.08.2024 11:00:15.491 - [eu.usrv.legacylootgames.LootGamesDungeonLogger][INFO] - PuzzleDungeon spawned at -11352 54 2984 in Dimension 0
31.08.2024 11:00:24.341 - [eu.usrv.legacylootgames.LootGamesDungeonLogger][INFO] - PuzzleDungeon spawned at -11592 51 2920 in Dimension 0
31.08.2024 11:00:32.866 - [eu.usrv.legacylootgames.LootGamesDungeonLogger][INFO] - PuzzleDungeon spawned at -11640 50 2872 in Dimension 0
31.08.2024 11:00:49.034 - [eu.usrv.legacylootgames.LootGamesDungeonLogger][INFO] - PuzzleDungeon spawned at -11736 56 2728 in Dimension 0
31.08.2024 11:01:25.990 - [eu.usrv.legacylootgames.LootGamesDungeonLogger][INFO] - PuzzleDungeon spawned at -11800 35 2408 in Dimension 0
31.08.2024 11:01:34.355 - [eu.usrv.legacylootgames.LootGamesDungeonLogger][INFO] - PuzzleDungeon spawned at -12024 50 2424 in Dimension 0
31.08.2024 11:01:36.696 - [eu.usrv.legacylootgames.LootGamesDungeonLogger][INFO] - PuzzleDungeon spawned at -12040 47 2344 in Dimension 0
31.08.2024 11:01:44.209 - [eu.usrv.legacylootgames.LootGamesDungeonLogger][INFO] - PuzzleDungeon spawned at -12088 54 2280 in Dimension 0
31.08.2024 11:02:22.690 - [eu.usrv.legacylootgames.LootGamesDungeonLogger][INFO] - PuzzleDungeon spawned at -12408 52 2248 in Dimension 0
31.08.2024 11:03:02.790 - [eu.usrv.legacylootgames.LootGamesDungeonLogger][INFO] - PuzzleDungeon spawned at -12584 51 2232 in Dimension 0
31.08.2024 11:03:02.856 - [eu.usrv.legacylootgames.LootGamesDungeonLogger][INFO] - PuzzleDungeon spawned at -12568 54 2408 in Dimension 0
31.08.2024 11:03:23.364 - [eu.usrv.legacylootgames.LootGamesDungeonLogger][INFO] - PuzzleDungeon spawned at -12792 58 2264 in Dimension 0
31.08.2024 11:03:36.750 - [eu.usrv.legacylootgames.LootGamesDungeonLogger][INFO] - PuzzleDungeon spawned at -12952 50 2424 in Dimension 0
31.08.2024 11:03:50.147 - [eu.usrv.legacylootgames.LootGamesDungeonLogger][INFO] - PuzzleDungeon spawned at -13064 51 2296 in Dimension 0
31.08.2024 11:04:42.458 - [eu.usrv.legacylootgames.LootGamesDungeonLogger][INFO] - PuzzleDungeon spawned at -13320 49 2344 in Dimension 0
31.08.2024 11:04:46.038 - [eu.usrv.legacylootgames.LootGamesDungeonLogger][INFO] - PuzzleDungeon spawned at -13272 46 2504 in Dimension 0
31.08.2024 11:04:46.256 - [eu.usrv.legacylootgames.LootGamesDungeonLogger][INFO] - PuzzleDungeon spawned at -13352 45 2264 in Dimension 0
31.08.2024 11:07:28.271 - [eu.usrv.legacylootgames.LootGamesDungeonLogger][INFO] - PuzzleDungeon spawned at 3224 53 2472 in Dimension 0
31.08.2024 11:07:57.548 - [eu.usrv.legacylootgames.LootGamesDungeonLogger][INFO] - PuzzleDungeon spawned at 3480 58 2440 in Dimension 0
31.08.2024 11:07:59.343 - [eu.usrv.legacylootgames.LootGamesDungeonLogger][INFO] - PuzzleDungeon spawned at 3496 54 2520 in Dimension 0
31.08.2024 11:09:04.084 - [eu.usrv.legacylootgames.LootGamesDungeonLogger][INFO] - PuzzleDungeon spawned at 3480 58 2712 in Dimension 0
31.08.2024 11:09:18.299 - [eu.usrv.legacylootgames.LootGamesDungeonLogger][INFO] - PuzzleDungeon spawned at 3384 64 2840 in Dimension 0
31.08.2024 11:09:49.688 - [eu.usrv.legacylootgames.LootGamesDungeonLogger][INFO] - PuzzleDungeon spawned at 3176 51 3128 in Dimension 0
31.08.2024 11:10:40.042 - [eu.usrv.legacylootgames.LootGamesDungeonLogger][INFO] - PuzzleDungeon spawned at 3080 54 3448 in Dimension 0
31.08.2024 11:10:57.109 - [eu.usrv.legacylootgames.LootGamesDungeonLogger][INFO] - PuzzleDungeon spawned at 3080 49 3624 in Dimension 0
31.08.2024 11:11:03.653 - [eu.usrv.legacylootgames.LootGamesDungeonLogger][INFO] - PuzzleDungeon spawned at 3096 51 3704 in Dimension 0
31.08.2024 11:11:14.747 - [eu.usrv.legacylootgames.LootGamesDungeonLogger][INFO] - PuzzleDungeon spawned at 3144 50 3768 in Dimension 0
31.08.2024 11:11:33.736 - [eu.usrv.legacylootgames.LootGamesDungeonLogger][INFO] - PuzzleDungeon spawned at 3128 55 3960 in Dimension 0
31.08.2024 11:11:41.564 - [eu.usrv.legacylootgames.LootGamesDungeonLogger][INFO] - PuzzleDungeon spawned at 3160 56 4040 in Dimension 0
31.08.2024 11:12:14.705 - [eu.usrv.legacylootgames.LootGamesDungeonLogger][INFO] - PuzzleDungeon spawned at 3160 51 4376 in Dimension 0
31.08.2024 11:12:28.211 - [eu.usrv.legacylootgames.LootGamesDungeonLogger][INFO] - PuzzleDungeon spawned at 3224 54 4520 in Dimension 0
31.08.2024 11:12:37.318 - [eu.usrv.legacylootgames.LootGamesDungeonLogger][INFO] - PuzzleDungeon spawned at 3320 49 4584 in Dimension 0
31.08.2024 11:12:49.255 - [eu.usrv.legacylootgames.LootGamesDungeonLogger][INFO] - PuzzleDungeon spawned at 3208 53 4712 in Dimension 0
31.08.2024 11:13:05.774 - [eu.usrv.legacylootgames.LootGamesDungeonLogger][INFO] - PuzzleDungeon spawned at 3224 52 4888 in Dimension 0
31.08.2024 11:13:15.118 - [eu.usrv.legacylootgames.LootGamesDungeonLogger][INFO] - PuzzleDungeon spawned at 3224 54 4984 in Dimension 0
31.08.2024 11:13:22.116 - [eu.usrv.legacylootgames.LootGamesDungeonLogger][INFO] - PuzzleDungeon spawned at 3272 57 5048 in Dimension 0
31.08.2024 11:13:29.758 - [eu.usrv.legacylootgames.LootGamesDungeonLogger][INFO] - PuzzleDungeon spawned at 3304 52 5128 in Dimension 0
31.08.2024 11:13:48.752 - [eu.usrv.legacylootgames.LootGamesDungeonLogger][INFO] - PuzzleDungeon spawned at 3448 50 5320 in Dimension 0
31.08.2024 11:14:49.166 - [eu.usrv.legacylootgames.LootGamesDungeonLogger][INFO] - PuzzleDungeon spawned at 2904 49 5224 in Dimension 0
31.08.2024 11:15:15.282 - [eu.usrv.legacylootgames.LootGamesDungeonLogger][INFO] - PuzzleDungeon spawned at 2648 53 5272 in Dimension 0
31.08.2024 11:15:17.286 - [eu.usrv.legacylootgames.LootGamesDungeonLogger][INFO] - PuzzleDungeon spawned at 2632 45 5176 in Dimension 0
31.08.2024 11:15:25.795 - [eu.usrv.legacylootgames.LootGamesDungeonLogger][INFO] - PuzzleDungeon spawned at 2712 52 5416 in Dimension 0
31.08.2024 11:15:42.468 - [eu.usrv.legacylootgames.LootGamesDungeonLogger][INFO] - PuzzleDungeon spawned at 2424 48 5480 in Dimension 0
31.08.2024 11:17:24.507 - [eu.usrv.legacylootgames.LootGamesDungeonLogger][INFO] - PuzzleDungeon spawned at 2136 56 5272 in Dimension 0
31.08.2024 11:17:25.883 - [eu.usrv.legacylootgames.LootGamesDungeonLogger][INFO] - PuzzleDungeon spawned at 2136 57 5464 in Dimension 0
31.08.2024 11:17:53.101 - [eu.usrv.legacylootgames.LootGamesDungeonLogger][INFO] - PuzzleDungeon spawned at 1928 50 5480 in Dimension 0
31.08.2024 11:17:56.458 - [eu.usrv.legacylootgames.LootGamesDungeonLogger][INFO] - PuzzleDungeon spawned at 1864 56 5320 in Dimension 0
31.08.2024 11:18:17.221 - [eu.usrv.legacylootgames.LootGamesDungeonLogger][INFO] - PuzzleDungeon spawned at 1656 51 5320 in Dimension 0
31.08.2024 11:18:49.730 - [eu.usrv.legacylootgames.LootGamesDungeonLogger][INFO] - PuzzleDungeon spawned at 1368 49 5208 in Dimension 0
31.08.2024 11:18:54.486 - [eu.usrv.legacylootgames.LootGamesDungeonLogger][INFO] - PuzzleDungeon spawned at 1320 51 5048 in Dimension 0
31.08.2024 11:19:35.664 - [eu.usrv.legacylootgames.LootGamesDungeonLogger][INFO] - PuzzleDungeon spawned at 1208 51 4744 in Dimension 0
31.08.2024 11:19:42.807 - [eu.usrv.legacylootgames.LootGamesDungeonLogger][INFO] - PuzzleDungeon spawned at 1400 56 4744 in Dimension 0
31.08.2024 11:20:07.614 - [eu.usrv.legacylootgames.LootGamesDungeonLogger][INFO] - PuzzleDungeon spawned at 1128 57 4600 in Dimension 0
31.08.2024 11:20:22.507 - [eu.usrv.legacylootgames.LootGamesDungeonLogger][INFO] - PuzzleDungeon spawned at 936 51 4792 in Dimension 0
31.08.2024 11:20:29.776 - [eu.usrv.legacylootgames.LootGamesDungeonLogger][INFO] - PuzzleDungeon spawned at 920 52 4616 in Dimension 0
31.08.2024 11:21:05.959 - [eu.usrv.legacylootgames.LootGamesDungeonLogger][INFO] - PuzzleDungeon spawned at 616 60 3464 in Dimension 0
31.08.2024 11:21:34.460 - [eu.usrv.legacylootgames.LootGamesDungeonLogger][INFO] - PuzzleDungeon spawned at 920 55 4520 in Dimension 0
31.08.2024 11:21:39.294 - [eu.usrv.legacylootgames.LootGamesDungeonLogger][INFO] - PuzzleDungeon spawned at 648 52 4584 in Dimension 0
31.08.2024 11:22:02.570 - [eu.usrv.legacylootgames.LootGamesDungeonLogger][INFO] - PuzzleDungeon spawned at 760 53 3624 in Dimension 0
31.08.2024 11:22:07.329 - [eu.usrv.legacylootgames.LootGamesDungeonLogger][INFO] - PuzzleDungeon spawned at 424 51 4776 in Dimension 0
31.08.2024 11:22:09.719 - [eu.usrv.legacylootgames.LootGamesDungeonLogger][INFO] - PuzzleDungeon spawned at 792 56 3704 in Dimension 0
31.08.2024 11:22:11.062 - [eu.usrv.legacylootgames.LootGamesDungeonLogger][INFO] - PuzzleDungeon spawned at 440 56 4872 in Dimension 0
31.08.2024 11:22:17.996 - [eu.usrv.legacylootgames.LootGamesDungeonLogger][INFO] - PuzzleDungeon spawned at 536 56 4904 in Dimension 0
31.08.2024 11:22:38.985 - [eu.usrv.legacylootgames.LootGamesDungeonLogger][INFO] - PuzzleDungeon spawned at 168 50 4824 in Dimension 0
31.08.2024 11:22:45.016 - [eu.usrv.legacylootgames.LootGamesDungeonLogger][INFO] - PuzzleDungeon spawned at 840 72 3864 in Dimension 0
31.08.2024 11:23:12.386 - [eu.usrv.legacylootgames.LootGamesDungeonLogger][INFO] - PuzzleDungeon spawned at -168 65 5064 in Dimension 0
31.08.2024 11:23:17.006 - [eu.usrv.legacylootgames.LootGamesDungeonLogger][INFO] - PuzzleDungeon spawned at -216 64 5016 in Dimension 0
31.08.2024 11:23:17.100 - [eu.usrv.legacylootgames.LootGamesDungeonLogger][INFO] - PuzzleDungeon spawned at -232 16 4920 in Dimension 0
31.08.2024 11:23:22.753 - [eu.usrv.legacylootgames.LootGamesDungeonLogger][INFO] - PuzzleDungeon spawned at 728 60 4184 in Dimension 0
31.08.2024 11:23:35.518 - [eu.usrv.legacylootgames.LootGamesDungeonLogger][INFO] - PuzzleDungeon spawned at -168 49 5176 in Dimension 0
31.08.2024 11:24:22.335 - [eu.usrv.legacylootgames.LootGamesDungeonLogger][INFO] - PuzzleDungeon spawned at -328 54 4872 in Dimension 0
31.08.2024 11:24:47.402 - [eu.usrv.legacylootgames.LootGamesDungeonLogger][INFO] - PuzzleDungeon spawned at -712 54 4888 in Dimension 0
31.08.2024 11:24:56.776 - [eu.usrv.legacylootgames.LootGamesDungeonLogger][INFO] - PuzzleDungeon spawned at 1176 12 3768 in Dimension 0
31.08.2024 11:25:26.382 - [eu.usrv.legacylootgames.LootGamesDungeonLogger][INFO] - PuzzleDungeon spawned at 1592 50 3928 in Dimension 0
31.08.2024 11:25:28.456 - [eu.usrv.legacylootgames.LootGamesDungeonLogger][INFO] - PuzzleDungeon spawned at 1544 51 3688 in Dimension 0
31.08.2024 11:25:51.418 - [eu.usrv.legacylootgames.LootGamesDungeonLogger][INFO] - PuzzleDungeon spawned at 1736 48 4024 in Dimension 0
31.08.2024 11:26:05.762 - [eu.usrv.legacylootgames.LootGamesDungeonLogger][INFO] - PuzzleDungeon spawned at -984 76 4840 in Dimension 0
31.08.2024 11:26:16.224 - [eu.usrv.legacylootgames.LootGamesDungeonLogger][INFO] - PuzzleDungeon spawned at 1928 56 3832 in Dimension 0
31.08.2024 11:26:16.613 - [eu.usrv.legacylootgames.LootGamesDungeonLogger][INFO] - PuzzleDungeon spawned at -1096 52 4808 in Dimension 0
31.08.2024 11:26:25.825 - [eu.usrv.legacylootgames.LootGamesDungeonLogger][INFO] - PuzzleDungeon spawned at -1160 54 4568 in Dimension 0
31.08.2024 11:26:41.215 - [eu.usrv.legacylootgames.LootGamesDungeonLogger][INFO] - PuzzleDungeon spawned at -1368 43 4584 in Dimension 0
31.08.2024 11:26:42.638 - [eu.usrv.legacylootgames.LootGamesDungeonLogger][INFO] - PuzzleDungeon spawned at -1368 35 4760 in Dimension 0
31.08.2024 11:27:14.383 - [eu.usrv.legacylootgames.LootGamesDungeonLogger][INFO] - PuzzleDungeon spawned at -1688 41 4680 in Dimension 0
31.08.2024 11:27:24.851 - [eu.usrv.legacylootgames.LootGamesDungeonLogger][INFO] - PuzzleDungeon spawned at -1800 51 4552 in Dimension 0
31.08.2024 11:27:24.925 - [eu.usrv.legacylootgames.LootGamesDungeonLogger][INFO] - PuzzleDungeon spawned at -1800 45 4648 in Dimension 0
31.08.2024 11:27:50.548 - [eu.usrv.legacylootgames.LootGamesDungeonLogger][INFO] - PuzzleDungeon spawned at -2072 47 4600 in Dimension 0
31.08.2024 11:27:52.050 - [eu.usrv.legacylootgames.LootGamesDungeonLogger][INFO] - PuzzleDungeon spawned at -2088 52 4424 in Dimension 0
31.08.2024 11:28:16.213 - [eu.usrv.legacylootgames.LootGamesDungeonLogger][INFO] - PuzzleDungeon spawned at -2344 52 4552 in Dimension 0
31.08.2024 11:28:20.592 - [eu.usrv.legacylootgames.LootGamesDungeonLogger][INFO] - PuzzleDungeon spawned at -2392 67 4408 in Dimension 0
01.09.2024 10:08:49.813 - [eu.usrv.legacylootgames.LootGamesDungeonLogger][INFO] - PuzzleDungeon spawned at 648 57 536 in Dimension 0
01.09.2024 10:09:00.980 - [eu.usrv.legacylootgames.LootGamesDungeonLogger][INFO] - PuzzleDungeon spawned at 344 52 408 in Dimension 0
01.09.2024 10:09:22.318 - [eu.usrv.legacylootgames.LootGamesDungeonLogger][INFO] - PuzzleDungeon spawned at 136 49 600 in Dimension 0
01.09.2024 10:10:40.489 - [eu.usrv.legacylootgames.LootGamesDungeonLogger][INFO] - PuzzleDungeon spawned at -488 20 392 in Dimension 0
01.09.2024 10:10:41.369 - [eu.usrv.legacylootgames.LootGamesDungeonLogger][INFO] - PuzzleDungeon spawned at -360 21 136 in Dimension 0
01.09.2024 10:10:52.226 - [eu.usrv.legacylootgames.LootGamesDungeonLogger][INFO] - PuzzleDungeon spawned at -456 21 88 in Dimension 0
01.09.2024 10:11:09.911 - [eu.usrv.legacylootgames.LootGamesDungeonLogger][INFO] - PuzzleDungeon spawned at -456 45 456 in Dimension 0
01.09.2024 10:11:43.212 - [eu.usrv.legacylootgames.LootGamesDungeonLogger][INFO] - PuzzleDungeon spawned at -408 53 504 in Dimension 0
01.09.2024 10:12:34.193 - [eu.usrv.legacylootgames.LootGamesDungeonLogger][INFO] - PuzzleDungeon spawned at -520 51 840 in Dimension 0
01.09.2024 10:12:42.245 - [eu.usrv.legacylootgames.LootGamesDungeonLogger][INFO] - PuzzleDungeon spawned at -488 44 920 in Dimension 0
01.09.2024 10:12:51.839 - [eu.usrv.legacylootgames.LootGamesDungeonLogger][INFO] - PuzzleDungeon spawned at -264 57 712 in Dimension 0
01.09.2024 10:12:54.867 - [eu.usrv.legacylootgames.LootGamesDungeonLogger][INFO] - PuzzleDungeon spawned at -232 51 792 in Dimension 0
01.09.2024 10:12:57.543 - [eu.usrv.legacylootgames.LootGamesDungeonLogger][INFO] - PuzzleDungeon spawned at -440 49 1080 in Dimension 0
01.09.2024 10:13:23.250 - [eu.usrv.legacylootgames.LootGamesDungeonLogger][INFO] - PuzzleDungeon spawned at -24 56 776 in Dimension 0
01.09.2024 10:13:26.540 - [eu.usrv.legacylootgames.LootGamesDungeonLogger][INFO] - PuzzleDungeon spawned at -520 58 1384 in Dimension 0
01.09.2024 10:13:44.424 - [eu.usrv.legacylootgames.LootGamesDungeonLogger][INFO] - PuzzleDungeon spawned at -536 61 1576 in Dimension 0
01.09.2024 10:13:55.438 - [eu.usrv.legacylootgames.LootGamesDungeonLogger][INFO] - PuzzleDungeon spawned at -520 51 1688 in Dimension 0
01.09.2024 10:14:16.393 - [eu.usrv.legacylootgames.LootGamesDungeonLogger][INFO] - PuzzleDungeon spawned at -456 51 1912 in Dimension 0
01.09.2024 10:14:23.586 - [eu.usrv.legacylootgames.LootGamesDungeonLogger][INFO] - PuzzleDungeon spawned at -456 59 1992 in Dimension 0
01.09.2024 10:14:24.171 - [eu.usrv.legacylootgames.LootGamesDungeonLogger][INFO] - PuzzleDungeon spawned at 264 52 808 in Dimension 0
01.09.2024 10:15:16.641 - [eu.usrv.legacylootgames.LootGamesDungeonLogger][INFO] - PuzzleDungeon spawned at 920 21 776 in Dimension 0
01.09.2024 10:15:25.739 - [eu.usrv.legacylootgames.LootGamesDungeonLogger][INFO] - PuzzleDungeon spawned at 1016 44 808 in Dimension 0
01.09.2024 10:15:28.711 - [eu.usrv.legacylootgames.LootGamesDungeonLogger][INFO] - PuzzleDungeon spawned at 1048 53 888 in Dimension 0
01.09.2024 10:16:06.315 - [eu.usrv.legacylootgames.LootGamesDungeonLogger][INFO] - PuzzleDungeon spawned at -2968 56 -664 in Dimension 0
01.09.2024 10:16:06.397 - [eu.usrv.legacylootgames.LootGamesDungeonLogger][INFO] - PuzzleDungeon spawned at -2808 51 -824 in Dimension 0
01.09.2024 10:16:18.227 - [eu.usrv.legacylootgames.LootGamesDungeonLogger][INFO] - PuzzleDungeon spawned at -2888 52 -520 in Dimension 0
02.09.2024 07:49:27.857 - [eu.usrv.legacylootgames.LootGamesDungeonLogger][INFO] - == LootGames logger initialized ==
02.09.2024 08:01:38.377 - [eu.usrv.legacylootgames.LootGamesDungeonLogger][INFO] - == LootGames logger initialized ==
02.09.2024 08:20:41.600 - [eu.usrv.legacylootgames.LootGamesDungeonLogger][INFO] - PuzzleDungeon spawned at 40 52 1944 in Dimension 0
02.09.2024 08:22:37.927 - [eu.usrv.legacylootgames.LootGamesDungeonLogger][INFO] - PuzzleDungeon spawned at 504 53 -312 in Dimension 0
02.09.2024 08:22:47.264 - [eu.usrv.legacylootgames.LootGamesDungeonLogger][INFO] - PuzzleDungeon spawned at 536 50 -216 in Dimension 0
02.09.2024 08:26:20.342 - [eu.usrv.legacylootgames.LootGamesDungeonLogger][INFO] - == LootGames logger initialized ==
08.09.2024 03:52:03.763 - [eu.usrv.legacylootgames.LootGamesDungeonLogger][INFO] - PuzzleDungeon spawned at 1736 54 2456 in Dimension 0
10.09.2024 07:51:15.542 - [eu.usrv.legacylootgames.LootGamesDungeonLogger][INFO] - PuzzleDungeon spawned at 520 52 -504 in Dimension 0
14.09.2024 11:31:42.369 - [eu.usrv.legacylootgames.LootGamesDungeonLogger][INFO] - == LootGames logger initialized ==
17.09.2024 09:49:14.849 - [eu.usrv.legacylootgames.LootGamesDungeonLogger][INFO] - PuzzleDungeon spawned at 840 41 1176 in Dimension 0
17.09.2024 09:50:02.509 - [eu.usrv.legacylootgames.LootGamesDungeonLogger][INFO] - PuzzleDungeon spawned at 552 51 1032 in Dimension 0
17.09.2024 09:58:15.437 - [eu.usrv.legacylootgames.LootGamesDungeonLogger][INFO] - PuzzleDungeon spawned at 152 17 792 in Dimension 0
03.10.2024 09:55:17.112 - [eu.usrv.legacylootgames.LootGamesDungeonLogger][INFO] - == LootGames logger initialized ==
10.10.2024 08:07:25.354 - [eu.usrv.legacylootgames.LootGamesDungeonLogger][INFO] - == LootGames logger initialized ==
12.10.2024 01:31:34.672 - [eu.usrv.legacylootgames.LootGamesDungeonLogger][INFO] - == LootGames logger initialized ==
19.10.2024 12:16:04.528 - [eu.usrv.legacylootgames.LootGamesDungeonLogger][INFO] - PuzzleDungeon spawned at 328 39 1864 in Dimension 0
19.10.2024 12:18:15.103 - [eu.usrv.legacylootgames.LootGamesDungeonLogger][INFO] - PuzzleDungeon spawned at -56 52 2248 in Dimension 0
20.10.2024 07:48:13.798 - [eu.usrv.legacylootgames.LootGamesDungeonLogger][INFO] - PuzzleDungeon spawned at -280 60 2184 in Dimension 0
27.10.2024 12:46:48.102 - [eu.usrv.legacylootgames.LootGamesDungeonLogger][INFO] - == LootGames logger initialized ==
02.11.2024 11:43:51.525 - [eu.usrv.legacylootgames.LootGamesDungeonLogger][INFO] - == LootGames logger initialized ==
03.11.2024 01:03:24.737 - [eu.usrv.legacylootgames.LootGamesDungeonLogger][INFO] - PuzzleDungeon spawned at 552 66 3640 in Dimension 0
03.11.2024 01:04:14.747 - [eu.usrv.legacylootgames.LootGamesDungeonLogger][INFO] - PuzzleDungeon spawned at 472 46 3608 in Dimension 0
03.11.2024 01:04:58.906 - [eu.usrv.legacylootgames.LootGamesDungeonLogger][INFO] - PuzzleDungeon spawned at 568 51 3304 in Dimension 0
03.11.2024 01:05:59.576 - [eu.usrv.legacylootgames.LootGamesDungeonLogger][INFO] - PuzzleDungeon spawned at 456 52 3160 in Dimension 0
03.11.2024 01:08:27.732 - [eu.usrv.legacylootgames.LootGamesDungeonLogger][INFO] - PuzzleDungeon spawned at 376 58 2840 in Dimension 0
03.11.2024 01:10:26.465 - [eu.usrv.legacylootgames.LootGamesDungeonLogger][INFO] - PuzzleDungeon spawned at 184 51 3208 in Dimension 0
03.11.2024 01:11:26.917 - [eu.usrv.legacylootgames.LootGamesDungeonLogger][INFO] - PuzzleDungeon spawned at 88 47 3528 in Dimension 0
03.11.2024 01:12:26.702 - [eu.usrv.legacylootgames.LootGamesDungeonLogger][INFO] - PuzzleDungeon spawned at 136 56 3688 in Dimension 0
03.11.2024 01:12:59.026 - [eu.usrv.legacylootgames.LootGamesDungeonLogger][INFO] - PuzzleDungeon spawned at -8 57 3832 in Dimension 0
03.11.2024 01:13:04.684 - [eu.usrv.legacylootgames.LootGamesDungeonLogger][INFO] - PuzzleDungeon spawned at 72 55 3864 in Dimension 0
03.11.2024 01:13:25.144 - [eu.usrv.legacylootgames.LootGamesDungeonLogger][INFO] - PuzzleDungeon spawned at 200 50 3992 in Dimension 0
10.11.2024 11:48:25.993 - [eu.usrv.legacylootgames.LootGamesDungeonLogger][INFO] - PuzzleDungeon spawned at 2632 25 1352 in Dimension 0
10.11.2024 11:48:32.085 - [eu.usrv.legacylootgames.LootGamesDungeonLogger][INFO] - PuzzleDungeon spawned at 2648 28 1160 in Dimension 0
11.11.2024 12:00:59.883 - [eu.usrv.legacylootgames.LootGamesDungeonLogger][INFO] - PuzzleDungeon spawned at 728 50 1496 in Dimension 0
11.11.2024 12:01:40.183 - [eu.usrv.legacylootgames.LootGamesDungeonLogger][INFO] - PuzzleDungeon spawned at 616 53 1368 in Dimension 0
11.11.2024 12:02:05.411 - [eu.usrv.legacylootgames.LootGamesDungeonLogger][INFO] - PuzzleDungeon spawned at 616 47 1192 in Dimension 0
11.11.2024 12:02:08.350 - [eu.usrv.legacylootgames.LootGamesDungeonLogger][INFO] - PuzzleDungeon spawned at 360 22 1416 in Dimension 0
11.11.2024 12:02:13.227 - [eu.usrv.legacylootgames.LootGamesDungeonLogger][INFO] - PuzzleDungeon spawned at 568 48 1128 in Dimension 0
11.11.2024 04:53:37.150 - [eu.usrv.legacylootgames.LootGamesDungeonLogger][INFO] - PuzzleDungeon spawned at -1816 75 1288 in Dimension 0
11.11.2024 04:55:23.038 - [eu.usrv.legacylootgames.LootGamesDungeonLogger][INFO] - PuzzleDungeon spawned at -1640 47 1320 in Dimension 0
11.11.2024 06:05:33.789 - [eu.usrv.legacylootgames.LootGamesDungeonLogger][INFO] - PuzzleDungeon spawned at 2344 50 2040 in Dimension 0
11.11.2024 06:06:08.807 - [eu.usrv.legacylootgames.LootGamesDungeonLogger][INFO] - PuzzleDungeon spawned at 2344 52 2136 in Dimension 0
11.11.2024 06:24:52.853 - [eu.usrv.legacylootgames.LootGamesDungeonLogger][INFO] - PuzzleDungeon spawned at 2600 49 2104 in Dimension 0
11.11.2024 06:25:22.439 - [eu.usrv.legacylootgames.LootGamesDungeonLogger][INFO] - PuzzleDungeon spawned at 2728 50 2216 in Dimension 0
11.11.2024 06:25:37.202 - [eu.usrv.legacylootgames.LootGamesDungeonLogger][INFO] - PuzzleDungeon spawned at 2776 46 2376 in Dimension 0
11.11.2024 06:26:08.866 - [eu.usrv.legacylootgames.LootGamesDungeonLogger][INFO] - PuzzleDungeon spawned at 2920 65 2536 in Dimension 0
11.11.2024 06:26:16.015 - [eu.usrv.legacylootgames.LootGamesDungeonLogger][INFO] - PuzzleDungeon spawned at 3000 63 2344 in Dimension 0
11.11.2024 06:26:25.802 - [eu.usrv.legacylootgames.LootGamesDungeonLogger][INFO] - PuzzleDungeon spawned at 3096 53 2360 in Dimension 0
11.11.2024 06:29:27.356 - [eu.usrv.legacylootgames.LootGamesDungeonLogger][INFO] - PuzzleDungeon spawned at 3704 48 2504 in Dimension 0
11.11.2024 06:29:46.667 - [eu.usrv.legacylootgames.LootGamesDungeonLogger][INFO] - PuzzleDungeon spawned at 3752 30 2664 in Dimension 0
15.11.2024 11:24:36.706 - [eu.usrv.legacylootgames.LootGamesDungeonLogger][INFO] - == LootGames logger initialized ==
17.11.2024 03:21:46.480 - [eu.usrv.legacylootgames.LootGamesDungeonLogger][INFO] - == LootGames logger initialized ==
17.11.2024 02:46:14.562 - [eu.usrv.legacylootgames.LootGamesDungeonLogger][INFO] - PuzzleDungeon spawned at 1704 56 824 in Dimension 0
17.11.2024 02:46:20.229 - [eu.usrv.legacylootgames.LootGamesDungeonLogger][INFO] - PuzzleDungeon spawned at 1688 55 648 in Dimension 0
17.11.2024 02:46:49.885 - [eu.usrv.legacylootgames.LootGamesDungeonLogger][INFO] - PuzzleDungeon spawned at 1400 39 424 in Dimension 0
17.11.2024 02:46:49.977 - [eu.usrv.legacylootgames.LootGamesDungeonLogger][INFO] - PuzzleDungeon spawned at 1352 58 376 in Dimension 0
17.11.2024 02:46:50.703 - [eu.usrv.legacylootgames.LootGamesDungeonLogger][INFO] - PuzzleDungeon spawned at 1416 49 520 in Dimension 0
17.11.2024 02:46:54.090 - [eu.usrv.legacylootgames.LootGamesDungeonLogger][INFO] - PuzzleDungeon spawned at 1336 86 280 in Dimension 0
17.11.2024 02:47:12.644 - [eu.usrv.legacylootgames.LootGamesDungeonLogger][INFO] - PuzzleDungeon spawned at 1544 61 -8 in Dimension 0
17.11.2024 02:47:18.356 - [eu.usrv.legacylootgames.LootGamesDungeonLogger][INFO] - PuzzleDungeon spawned at 1720 62 8 in Dimension 0
17.11.2024 02:47:18.712 - [eu.usrv.legacylootgames.LootGamesDungeonLogger][INFO] - PuzzleDungeon spawned at 1736 51 184 in Dimension 0
17.11.2024 02:47:46.144 - [eu.usrv.legacylootgames.LootGamesDungeonLogger][INFO] - PuzzleDungeon spawned at 1928 51 -8 in Dimension 0
17.11.2024 02:47:48.915 - [eu.usrv.legacylootgames.LootGamesDungeonLogger][INFO] - PuzzleDungeon spawned at 2088 57 -168 in Dimension 0
17.11.2024 02:47:50.270 - [eu.usrv.legacylootgames.LootGamesDungeonLogger][INFO] - PuzzleDungeon spawned at 2216 46 -56 in Dimension 0
17.11.2024 02:47:53.886 - [eu.usrv.legacylootgames.LootGamesDungeonLogger][INFO] - PuzzleDungeon spawned at 2488 44 -104 in Dimension 0
17.11.2024 02:47:53.938 - [eu.usrv.legacylootgames.LootGamesDungeonLogger][INFO] - PuzzleDungeon spawned at 2488 46 -8 in Dimension 0
17.11.2024 02:47:54.794 - [eu.usrv.legacylootgames.LootGamesDungeonLogger][INFO] - PuzzleDungeon spawned at 2408 51 -248 in Dimension 0
17.11.2024 02:48:03.811 - [eu.usrv.legacylootgames.LootGamesDungeonLogger][INFO] - PuzzleDungeon spawned at 2104 43 264 in Dimension 0
17.11.2024 02:48:03.997 - [eu.usrv.legacylootgames.LootGamesDungeonLogger][INFO] - PuzzleDungeon spawned at 2136 57 344 in Dimension 0
17.11.2024 02:48:16.662 - [eu.usrv.legacylootgames.LootGamesDungeonLogger][INFO] - PuzzleDungeon spawned at 2184 52 776 in Dimension 0
18.11.2024 01:15:45.371 - [eu.usrv.legacylootgames.LootGamesDungeonLogger][INFO] - PuzzleDungeon spawned at 504 50 -680 in Dimension 0
19.11.2024 09:56:07.692 - [eu.usrv.legacylootgames.LootGamesDungeonLogger][INFO] - PuzzleDungeon spawned at 360 51 -872 in Dimension 0
19.11.2024 09:58:26.606 - [eu.usrv.legacylootgames.LootGamesDungeonLogger][INFO] - PuzzleDungeon spawned at 328 60 -952 in Dimension 0
19.11.2024 09:58:42.087 - [eu.usrv.legacylootgames.LootGamesDungeonLogger][INFO] - PuzzleDungeon spawned at 280 67 -1016 in Dimension 0
19.11.2024 01:09:38.790 - [eu.usrv.legacylootgames.LootGamesDungeonLogger][INFO] - PuzzleDungeon spawned at -24 52 -600 in Dimension 0
19.11.2024 06:32:14.325 - [eu.usrv.legacylootgames.LootGamesDungeonLogger][INFO] - PuzzleDungeon spawned at 664 59 -472 in Dimension 0
19.11.2024 08:38:20.793 - [eu.usrv.legacylootgames.LootGamesDungeonLogger][INFO] - PuzzleDungeon spawned at 72 49 -1000 in Dimension 0
19.11.2024 08:41:57.537 - [eu.usrv.legacylootgames.LootGamesDungeonLogger][INFO] - PuzzleDungeon spawned at -104 40 -1432 in Dimension 0
19.11.2024 08:42:05.569 - [eu.usrv.legacylootgames.LootGamesDungeonLogger][INFO] - PuzzleDungeon spawned at 104 59 -1448 in Dimension 0
19.11.2024 08:45:48.703 - [eu.usrv.legacylootgames.LootGamesDungeonLogger][INFO] - PuzzleDungeon spawned at 152 62 -1304 in Dimension 0
19.11.2024 09:39:40.733 - [eu.usrv.legacylootgames.LootGamesDungeonLogger][INFO] - PuzzleDungeon spawned at -248 51 -296 in Dimension 0
19.11.2024 09:47:41.102 - [eu.usrv.legacylootgames.LootGamesDungeonLogger][INFO] - PuzzleDungeon spawned at -440 20 -104 in Dimension 0
19.11.2024 10:55:08.112 - [eu.usrv.legacylootgames.LootGamesDungeonLogger][INFO] - == LootGames logger initialized ==
19.11.2024 11:13:05.386 - [eu.usrv.legacylootgames.LootGamesDungeonLogger][INFO] - == LootGames logger initialized ==
19.11.2024 11:17:03.632 - [eu.usrv.legacylootgames.LootGamesDungeonLogger][INFO] - == LootGames logger initialized ==
20.11.2024 06:59:31.278 - [eu.usrv.legacylootgames.LootGamesDungeonLogger][INFO] - == LootGames logger initialized ==
20.11.2024 08:01:27.704 - [eu.usrv.legacylootgames.LootGamesDungeonLogger][INFO] - == LootGames logger initialized ==
20.11.2024 08:25:42.997 - [eu.usrv.legacylootgames.LootGamesDungeonLogger][INFO] - == LootGames logger initialized ==
20.11.2024 08:40:43.134 - [eu.usrv.legacylootgames.LootGamesDungeonLogger][INFO] - == LootGames logger initialized ==
21.11.2024 03:41:56.258 - [eu.usrv.legacylootgames.LootGamesDungeonLogger][INFO] - == LootGames logger initialized ==
21.11.2024 06:00:54.153 - [eu.usrv.legacylootgames.LootGamesDungeonLogger][INFO] - PuzzleDungeon spawned at 3416 51 2280 in Dimension 0
21.11.2024 06:55:56.517 - [eu.usrv.legacylootgames.LootGamesDungeonLogger][INFO] - PuzzleDungeon spawned at 3000 50 2664 in Dimension 0
21.11.2024 07:16:02.808 - [eu.usrv.legacylootgames.LootGamesDungeonLogger][INFO] - PuzzleDungeon spawned at 3768 50 2824 in Dimension 0
21.11.2024 07:17:54.913 - [eu.usrv.legacylootgames.LootGamesDungeonLogger][INFO] - PuzzleDungeon spawned at 3864 57 2344 in Dimension 0
21.11.2024 07:22:26.137 - [eu.usrv.legacylootgames.LootGamesDungeonLogger][INFO] - PuzzleDungeon spawned at 3816 52 2184 in Dimension 0
23.11.2024 12:49:29.616 - [eu.usrv.legacylootgames.LootGamesDungeonLogger][INFO] - PuzzleDungeon spawned at 3448 53 3272 in Dimension 0
23.11.2024 12:51:00.531 - [eu.usrv.legacylootgames.LootGamesDungeonLogger][INFO] - PuzzleDungeon spawned at 3560 48 3368 in Dimension 0
23.11.2024 12:51:19.004 - [eu.usrv.legacylootgames.LootGamesDungeonLogger][INFO] - PuzzleDungeon spawned at 3480 43 2104 in Dimension 0
23.11.2024 12:54:25.227 - [eu.usrv.legacylootgames.LootGamesDungeonLogger][INFO] - PuzzleDungeon spawned at 3096 41 2024 in Dimension 0
23.11.2024 12:56:16.489 - [eu.usrv.legacylootgames.LootGamesDungeonLogger][INFO] - PuzzleDungeon spawned at 3112 53 2792 in Dimension 0
23.11.2024 12:57:02.652 - [eu.usrv.legacylootgames.LootGamesDungeonLogger][INFO] - PuzzleDungeon spawned at 3000 50 2776 in Dimension 0
23.11.2024 12:57:40.747 - [eu.usrv.legacylootgames.LootGamesDungeonLogger][INFO] - PuzzleDungeon spawned at 3000 57 3112 in Dimension 0
23.11.2024 01:01:12.084 - [eu.usrv.legacylootgames.LootGamesDungeonLogger][INFO] - PuzzleDungeon spawned at 3384 54 3112 in Dimension 0
23.11.2024 01:12:33.537 - [eu.usrv.legacylootgames.LootGamesDungeonLogger][INFO] - PuzzleDungeon spawned at 2728 51 2728 in Dimension 0
23.11.2024 01:16:29.685 - [eu.usrv.legacylootgames.LootGamesDungeonLogger][INFO] - PuzzleDungeon spawned at 2408 47 2632 in Dimension 0
23.11.2024 01:19:03.007 - [eu.usrv.legacylootgames.LootGamesDungeonLogger][INFO] - PuzzleDungeon spawned at 2296 30 2616 in Dimension 0
23.11.2024 01:21:20.871 - [eu.usrv.legacylootgames.LootGamesDungeonLogger][INFO] - PuzzleDungeon spawned at 872 59 -312 in Dimension 0
23.11.2024 01:54:19.016 - [eu.usrv.legacylootgames.LootGamesDungeonLogger][INFO] - PuzzleDungeon spawned at 2472 51 824 in Dimension 0
23.11.2024 01:54:39.565 - [eu.usrv.legacylootgames.LootGamesDungeonLogger][INFO] - PuzzleDungeon spawned at 2568 20 952 in Dimension 0
23.11.2024 01:56:02.689 - [eu.usrv.legacylootgames.LootGamesDungeonLogger][INFO] - PuzzleDungeon spawned at 2616 27 1000 in Dimension 0
23.11.2024 02:02:07.032 - [eu.usrv.legacylootgames.LootGamesDungeonLogger][INFO] - PuzzleDungeon spawned at 2808 56 1912 in Dimension 0
23.11.2024 02:02:08.843 - [eu.usrv.legacylootgames.LootGamesDungeonLogger][INFO] - PuzzleDungeon spawned at 2808 65 1816 in Dimension 0
23.11.2024 02:02:24.808 - [eu.usrv.legacylootgames.LootGamesDungeonLogger][INFO] - PuzzleDungeon spawned at 2888 49 2056 in Dimension 0
23.11.2024 06:37:16.333 - [eu.usrv.legacylootgames.LootGamesDungeonLogger][INFO] - PuzzleDungeon spawned at 1224 51 56 in Dimension 0
23.11.2024 06:42:45.156 - [eu.usrv.legacylootgames.LootGamesDungeonLogger][INFO] - PuzzleDungeon spawned at 1624 47 504 in Dimension 0
24.11.2024 03:30:09.693 - [eu.usrv.legacylootgames.LootGamesDungeonLogger][INFO] - PuzzleDungeon spawned at 3592 56 1784 in Dimension 0
24.11.2024 03:30:13.914 - [eu.usrv.legacylootgames.LootGamesDungeonLogger][INFO] - PuzzleDungeon spawned at 3480 57 1752 in Dimension 0
24.11.2024 03:31:07.466 - [eu.usrv.legacylootgames.LootGamesDungeonLogger][INFO] - PuzzleDungeon spawned at 3464 50 1672 in Dimension 0
24.11.2024 03:31:50.634 - [eu.usrv.legacylootgames.LootGamesDungeonLogger][INFO] - PuzzleDungeon spawned at 3416 54 1512 in Dimension 0
24.11.2024 03:32:08.235 - [eu.usrv.legacylootgames.LootGamesDungeonLogger][INFO] - PuzzleDungeon spawned at 3416 59 1608 in Dimension 0
24.11.2024 03:32:31.287 - [eu.usrv.legacylootgames.LootGamesDungeonLogger][INFO] - PuzzleDungeon spawned at 3192 49 1528 in Dimension 0
24.11.2024 03:33:13.041 - [eu.usrv.legacylootgames.LootGamesDungeonLogger][INFO] - PuzzleDungeon spawned at 3128 53 1208 in Dimension 0
24.11.2024 03:33:45.862 - [eu.usrv.legacylootgames.LootGamesDungeonLogger][INFO] - PuzzleDungeon spawned at 3016 38 1080 in Dimension 0
24.11.2024 03:34:31.327 - [eu.usrv.legacylootgames.LootGamesDungeonLogger][INFO] - PuzzleDungeon spawned at 3416 51 1144 in Dimension 0
24.11.2024 03:34:48.840 - [eu.usrv.legacylootgames.LootGamesDungeonLogger][INFO] - PuzzleDungeon spawned at 3400 59 1256 in Dimension 0
24.11.2024 03:35:13.844 - [eu.usrv.legacylootgames.LootGamesDungeonLogger][INFO] - PuzzleDungeon spawned at 3352 49 984 in Dimension 0
24.11.2024 03:35:30.311 - [eu.usrv.legacylootgames.LootGamesDungeonLogger][INFO] - PuzzleDungeon spawned at 3496 52 840 in Dimension 0
24.11.2024 03:41:10.950 - [eu.usrv.legacylootgames.LootGamesDungeonLogger][INFO] - PuzzleDungeon spawned at 3448 46 680 in Dimension 0
24.11.2024 03:42:03.239 - [eu.usrv.legacylootgames.LootGamesDungeonLogger][INFO] - PuzzleDungeon spawned at 3432 14 520 in Dimension 0
24.11.2024 03:42:21.186 - [eu.usrv.legacylootgames.LootGamesDungeonLogger][INFO] - PuzzleDungeon spawned at 3320 50 488 in Dimension 0
24.11.2024 03:43:20.332 - [eu.usrv.legacylootgames.LootGamesDungeonLogger][INFO] - PuzzleDungeon spawned at 3320 28 392 in Dimension 0
24.11.2024 03:46:43.918 - [eu.usrv.legacylootgames.LootGamesDungeonLogger][INFO] - PuzzleDungeon spawned at 3624 37 -24 in Dimension 0
24.11.2024 03:56:43.025 - [eu.usrv.legacylootgames.LootGamesDungeonLogger][INFO] - PuzzleDungeon spawned at 248 43 1720 in Dimension 0
24.11.2024 03:57:22.113 - [eu.usrv.legacylootgames.LootGamesDungeonLogger][INFO] - PuzzleDungeon spawned at 40 51 1752 in Dimension 0
25.11.2024 12:10:41.631 - [eu.usrv.legacylootgames.LootGamesDungeonLogger][INFO] - PuzzleDungeon spawned at -136 52 -616 in Dimension 0
25.11.2024 12:49:44.117 - [eu.usrv.legacylootgames.LootGamesDungeonLogger][INFO] - PuzzleDungeon spawned at 3080 56 1864 in Dimension 0
25.11.2024 12:58:16.109 - [eu.usrv.legacylootgames.LootGamesDungeonLogger][INFO] - PuzzleDungeon spawned at 3016 48 1528 in Dimension 0
25.11.2024 12:58:48.554 - [eu.usrv.legacylootgames.LootGamesDungeonLogger][INFO] - PuzzleDungeon spawned at 2920 26 1400 in Dimension 0
25.11.2024 01:04:06.558 - [eu.usrv.legacylootgames.LootGamesDungeonLogger][INFO] - PuzzleDungeon spawned at 3016 66 984 in Dimension 0
25.11.2024 01:23:43.004 - [eu.usrv.legacylootgames.LootGamesDungeonLogger][INFO] - PuzzleDungeon spawned at 1144 56 -88 in Dimension 0
25.11.2024 01:25:07.344 - [eu.usrv.legacylootgames.LootGamesDungeonLogger][INFO] - PuzzleDungeon spawned at 1144 45 -184 in Dimension 0
25.11.2024 01:25:57.275 - [eu.usrv.legacylootgames.LootGamesDungeonLogger][INFO] - PuzzleDungeon spawned at 936 49 -168 in Dimension 0
25.11.2024 01:32:54.197 - [eu.usrv.legacylootgames.LootGamesDungeonLogger][INFO] - PuzzleDungeon spawned at 1416 51 -136 in Dimension 0
25.11.2024 01:35:25.453 - [eu.usrv.legacylootgames.LootGamesDungeonLogger][INFO] - PuzzleDungeon spawned at 1640 52 -328 in Dimension 0
25.11.2024 01:36:01.007 - [eu.usrv.legacylootgames.LootGamesDungeonLogger][INFO] - PuzzleDungeon spawned at 1688 53 -168 in Dimension 0
25.11.2024 01:39:06.742 - [eu.usrv.legacylootgames.LootGamesDungeonLogger][INFO] - PuzzleDungeon spawned at 1528 51 -456 in Dimension 0
25.11.2024 01:42:20.879 - [eu.usrv.legacylootgames.LootGamesDungeonLogger][INFO] - PuzzleDungeon spawned at 1736 42 -632 in Dimension 0
25.11.2024 01:43:22.522 - [eu.usrv.legacylootgames.LootGamesDungeonLogger][INFO] - PuzzleDungeon spawned at 1608 63 -744 in Dimension 0
25.11.2024 05:39:42.204 - [eu.usrv.legacylootgames.LootGamesDungeonLogger][INFO] - == LootGames logger initialized ==
26.11.2024 12:05:38.128 - [eu.usrv.legacylootgames.LootGamesDungeonLogger][INFO] - PuzzleDungeon spawned at 3864 58 2856 in Dimension 0
26.11.2024 12:06:03.351 - [eu.usrv.legacylootgames.LootGamesDungeonLogger][INFO] - PuzzleDungeon spawned at 3896 44 2936 in Dimension 0
26.11.2024 12:06:30.661 - [eu.usrv.legacylootgames.LootGamesDungeonLogger][INFO] - PuzzleDungeon spawned at 3944 44 2984 in Dimension 0
26.11.2024 12:06:45.543 - [eu.usrv.legacylootgames.LootGamesDungeonLogger][INFO] - PuzzleDungeon spawned at 3944 58 3096 in Dimension 0
26.11.2024 12:09:35.050 - [eu.usrv.legacylootgames.LootGamesDungeonLogger][INFO] - PuzzleDungeon spawned at 3848 27 3416 in Dimension 0
26.11.2024 12:09:45.390 - [eu.usrv.legacylootgames.LootGamesDungeonLogger][INFO] - PuzzleDungeon spawned at 3944 47 3448 in Dimension 0
28.11.2024 04:59:04.300 - [eu.usrv.legacylootgames.LootGamesDungeonLogger][INFO] - PuzzleDungeon spawned at 2792 56 3400 in Dimension 0
28.11.2024 04:59:05.057 - [eu.usrv.legacylootgames.LootGamesDungeonLogger][INFO] - PuzzleDungeon spawned at 2808 56 3496 in Dimension 0
28.11.2024 04:59:11.172 - [eu.usrv.legacylootgames.LootGamesDungeonLogger][INFO] - PuzzleDungeon spawned at 2680 50 3384 in Dimension 0
28.11.2024 04:59:11.230 - [eu.usrv.legacylootgames.LootGamesDungeonLogger][INFO] - PuzzleDungeon spawned at 2856 51 3640 in Dimension 0
28.11.2024 06:15:55.200 - [eu.usrv.legacylootgames.LootGamesDungeonLogger][INFO] - PuzzleDungeon spawned at 888 48 -760 in Dimension 0
28.11.2024 07:03:13.789 - [eu.usrv.legacylootgames.LootGamesDungeonLogger][INFO] - PuzzleDungeon spawned at 296 49 -1208 in Dimension 0
28.11.2024 07:04:15.379 - [eu.usrv.legacylootgames.LootGamesDungeonLogger][INFO] - PuzzleDungeon spawned at 488 51 -1400 in Dimension 0
28.11.2024 07:05:19.660 - [eu.usrv.legacylootgames.LootGamesDungeonLogger][INFO] - PuzzleDungeon spawned at 568 55 -1256 in Dimension 0
28.11.2024 07:06:04.919 - [eu.usrv.legacylootgames.LootGamesDungeonLogger][INFO] - PuzzleDungeon spawned at 584 55 -1080 in Dimension 0
28.11.2024 07:08:16.116 - [eu.usrv.legacylootgames.LootGamesDungeonLogger][INFO] - PuzzleDungeon spawned at 616 55 -1000 in Dimension 0
29.11.2024 03:53:57.985 - [eu.usrv.legacylootgames.LootGamesDungeonLogger][INFO] - PuzzleDungeon spawned at 4152 58 3064 in Dimension 0
29.11.2024 05:51:19.573 - [eu.usrv.legacylootgames.LootGamesDungeonLogger][INFO] - == LootGames logger initialized ==
01.12.2024 04:45:55.427 - [eu.usrv.legacylootgames.LootGamesDungeonLogger][INFO] - == LootGames logger initialized ==
01.12.2024 06:16:36.360 - [eu.usrv.legacylootgames.LootGamesDungeonLogger][INFO] - PuzzleDungeon spawned at 2712 79 2552 in Dimension 0
03.12.2024 07:01:36.367 - [eu.usrv.legacylootgames.LootGamesDungeonLogger][INFO] - PuzzleDungeon spawned at -168 49 -696 in Dimension 0
03.12.2024 07:18:41.348 - [eu.usrv.legacylootgames.LootGamesDungeonLogger][INFO] - PuzzleDungeon spawned at -200 57 -760 in Dimension 0
05.12.2024 03:48:21.276 - [eu.usrv.legacylootgames.LootGamesDungeonLogger][INFO] - PuzzleDungeon spawned at 3800 60 2008 in Dimension 0
05.12.2024 04:02:12.801 - [eu.usrv.legacylootgames.LootGamesDungeonLogger][INFO] - PuzzleDungeon spawned at 4008 67 1976 in Dimension 0
05.12.2024 04:02:42.359 - [eu.usrv.legacylootgames.LootGamesDungeonLogger][INFO] - PuzzleDungeon spawned at 4088 44 2120 in Dimension 0
05.12.2024 04:05:06.723 - [eu.usrv.legacylootgames.LootGamesDungeonLogger][INFO] - PuzzleDungeon spawned at 4184 31 2248 in Dimension 0
07.12.2024 03:28:48.868 - [eu.usrv.legacylootgames.LootGamesDungeonLogger][INFO] - PuzzleDungeon spawned at 3960 41 1512 in Dimension 0
07.12.2024 03:29:25.954 - [eu.usrv.legacylootgames.LootGamesDungeonLogger][INFO] - PuzzleDungeon spawned at 3944 52 1416 in Dimension 0
07.12.2024 03:29:47.915 - [eu.usrv.legacylootgames.LootGamesDungeonLogger][INFO] - PuzzleDungeon spawned at 3896 52 1368 in Dimension 0
09.12.2024 10:05:46.664 - [eu.usrv.legacylootgames.LootGamesDungeonLogger][INFO] - == LootGames logger initialized ==
